TN:
SF:src/app.controller.ts
FN:6,(anonymous_2)
FN:9,(anonymous_3)
FNF:2
FNH:0
FNDA:0,(anonymous_2)
FNDA:0,(anonymous_3)
DA:1,0
DA:2,0
DA:5,0
DA:6,0
DA:9,0
DA:10,0
LF:6
LH:0
BRDA:6,0,0,0
BRDA:6,0,1,0
BRDA:6,1,0,0
BRDA:6,1,1,0
BRF:4
BRH:0
end_of_record
TN:
SF:src/app.module.ts
FN:29,(anonymous_2)
FNF:1
FNH:0
FNDA:0,(anonymous_2)
DA:1,0
DA:2,0
DA:3,0
DA:4,0
DA:5,0
DA:6,0
DA:7,0
DA:8,0
DA:9,0
DA:10,0
DA:11,0
DA:12,0
DA:13,0
DA:14,0
DA:15,0
DA:16,0
DA:17,0
DA:18,0
DA:19,0
DA:30,0
DA:48,0
LF:21
LH:0
BRF:0
BRH:0
end_of_record
TN:
SF:src/app.service.ts
FN:5,(anonymous_1)
FNF:1
FNH:0
FNDA:0,(anonymous_1)
DA:1,0
DA:4,0
DA:6,0
LF:3
LH:0
BRF:0
BRH:0
end_of_record
TN:
SF:src/main.ts
FN:6,bootstrap
FNF:1
FNH:0
FNDA:0,bootstrap
DA:1,0
DA:2,0
DA:3,0
DA:4,0
DA:7,0
DA:10,0
DA:13,0
DA:22,0
DA:25,0
DA:27,0
DA:28,0
DA:30,0
DA:32,0
LF:13
LH:0
BRDA:27,0,0,0
BRDA:27,0,1,0
BRF:2
BRH:0
end_of_record
TN:
SF:src/common/errors/cancellation.error.ts
FN:25,(anonymous_0)
FNF:1
FNH:0
FNDA:0,(anonymous_0)
DA:24,0
DA:26,0
DA:27,0
DA:29,0
LF:4
LH:0
BRDA:25,0,0,0
BRF:1
BRH:0
end_of_record
TN:
SF:src/common/errors/http-error.interface.ts
FN:33,isHttpError
FN:46,getHttpStatusCode
FNF:2
FNH:0
FNDA:0,isHttpError
FNDA:0,getHttpStatusCode
DA:33,0
DA:34,0
DA:46,0
DA:47,0
DA:48,0
DA:50,0
LF:6
LH:0
BRDA:35,0,0,0
BRDA:35,0,1,0
BRDA:35,0,2,0
BRDA:47,1,0,0
BRF:4
BRH:0
end_of_record
TN:
SF:src/common/errors/index.ts
FNF:0
FNH:0
DA:1,0
LF:1
LH:0
BRF:0
BRH:0
end_of_record
TN:
SF:src/common/filters/http-exception.filter.ts
FN:13,(anonymous_1)
FN:30,(anonymous_2)
FNF:2
FNH:0
FNDA:0,(anonymous_1)
FNDA:0,(anonymous_2)
DA:1,0
DA:12,0
DA:14,0
DA:15,0
DA:16,0
DA:20,0
DA:21,0
DA:22,0
DA:27,0
DA:28,0
DA:30,0
DA:31,0
DA:33,0
DA:34,0
DA:41,0
DA:47,0
DA:52,0
DA:59,0
DA:63,0
DA:65,0
DA:70,0
LF:21
LH:0
BRDA:20,0,0,0
BRDA:22,1,0,0
BRDA:23,2,0,0
BRDA:23,2,1,0
BRDA:23,2,2,0
BRDA:28,3,0,0
BRDA:28,3,1,0
BRDA:31,4,0,0
BRDA:35,5,0,0
BRDA:35,5,1,0
BRDA:41,6,0,0
BRDA:42,7,0,0
BRDA:42,7,1,0
BRDA:42,7,2,0
BRDA:42,7,3,0
BRDA:63,8,0,0
BRDA:75,9,0,0
BRDA:75,9,1,0
BRDA:75,10,0,0
BRDA:75,10,1,0
BRF:20
BRH:0
end_of_record
TN:
SF:src/common/interceptors/transform.interceptor.ts
FN:24,(anonymous_1)
FN:29,(anonymous_2)
FNF:2
FNH:0
FNDA:0,(anonymous_1)
FNDA:0,(anonymous_2)
DA:1,0
DA:8,0
DA:20,0
DA:28,0
DA:29,0
LF:5
LH:0
BRF:0
BRH:0
end_of_record
TN:
SF:src/config/app.config.ts
FN:3,(anonymous_0)
FNF:1
FNH:0
FNDA:0,(anonymous_0)
DA:1,0
DA:3,0
LF:2
LH:0
BRDA:4,0,0,0
BRDA:4,0,1,0
BRDA:5,1,0,0
BRDA:5,1,1,0
BRF:4
BRH:0
end_of_record
TN:
SF:src/config/crypto.config.ts
FN:3,(anonymous_0)
FNF:1
FNH:0
FNDA:0,(anonymous_0)
DA:1,0
DA:3,0
LF:2
LH:0
BRF:0
BRH:0
end_of_record
TN:
SF:src/config/database-common.config.ts
FN:65,validateEnvironmentConsistency
FN:222,getDatabaseConnectionOptions
FNF:2
FNH:0
FNDA:0,validateEnvironmentConsistency
FNDA:0,getDatabaseConnectionOptions
DA:74,0
DA:87,0
DA:90,0
DA:91,0
DA:92,0
DA:93,0
DA:94,0
DA:95,0
DA:96,0
DA:97,0
DA:98,0
DA:99,0
DA:100,0
DA:103,0
DA:104,0
DA:105,0
DA:106,0
DA:109,0
DA:112,0
DA:113,0
DA:114,0
DA:120,0
DA:121,0
DA:122,0
DA:123,0
DA:124,0
DA:125,0
DA:126,0
DA:127,0
DA:128,0
DA:129,0
DA:130,0
DA:133,0
DA:136,0
DA:137,0
DA:138,0
DA:139,0
DA:140,0
DA:144,0
DA:145,0
DA:146,0
DA:147,0
DA:148,0
DA:149,0
DA:150,0
DA:151,0
DA:152,0
DA:153,0
DA:222,0
DA:223,0
DA:224,0
DA:225,0
DA:226,0
DA:227,0
DA:228,0
DA:232,0
DA:233,0
DA:236,0
LF:58
LH:0
BRDA:87,0,0,0
BRDA:87,0,1,0
BRDA:90,1,0,0
BRDA:120,2,0,0
BRDA:150,3,0,0
BRDA:150,3,1,0
BRDA:223,4,0,0
BRDA:223,4,1,0
BRDA:224,5,0,0
BRDA:224,5,1,0
BRDA:225,6,0,0
BRDA:225,6,1,0
BRDA:226,7,0,0
BRDA:226,7,1,0
BRDA:227,8,0,0
BRDA:227,8,1,0
BRDA:228,9,0,0
BRDA:228,9,1,0
BRDA:232,10,0,0
BRF:19
BRH:0
end_of_record
TN:
SF:src/config/database.config.ts
FN:12,(anonymous_0)
FNF:1
FNH:0
FNDA:0,(anonymous_0)
DA:3,0
DA:12,0
DA:15,0
DA:16,0
DA:17,0
DA:21,0
DA:23,0
DA:25,0
LF:8
LH:0
BRDA:33,0,0,0
BRDA:33,0,1,0
BRDA:40,1,0,0
BRDA:40,1,1,0
BRF:4
BRH:0
end_of_record
TN:
SF:src/config/typeorm-migration.config.ts
FNF:0
FNH:0
DA:1,0
DA:2,0
DA:3,0
DA:4,0
DA:7,0
DA:9,0
DA:11,0
DA:20,0
LF:8
LH:0
BRF:0
BRH:0
end_of_record
TN:
SF:src/migrations/1700000000000-InitialMigration.ts
FN:12,(anonymous_0)
FN:413,(anonymous_1)
FNF:2
FNH:0
FNDA:0,(anonymous_0)
FNDA:0,(anonymous_1)
DA:1,0
DA:9,0
DA:10,0
DA:14,0
DA:78,0
DA:86,0
DA:95,0
DA:151,0
DA:159,0
DA:168,0
DA:252,0
DA:260,0
DA:272,0
DA:354,0
DA:362,0
DA:370,0
DA:379,0
DA:390,0
DA:401,0
DA:415,0
DA:419,0
DA:423,0
DA:426,0
DA:427,0
DA:428,0
DA:429,0
LF:26
LH:0
BRF:0
BRH:0
end_of_record
TN:
SF:src/migrations/1732248000000-AddRelatedTransactionForeignKey.ts
FN:18,(anonymous_0)
FN:33,(anonymous_1)
FNF:2
FNH:0
FNDA:0,(anonymous_0)
FNDA:0,(anonymous_1)
DA:1,0
DA:15,0
DA:16,0
DA:20,0
DA:35,0
LF:5
LH:0
BRF:0
BRH:0
end_of_record
TN:
SF:src/migrations/1732300000000-AddSecuritiesTables.ts
FN:12,(anonymous_0)
FN:297,(anonymous_1)
FNF:2
FNH:0
FNDA:0,(anonymous_0)
FNDA:0,(anonymous_1)
DA:1,0
DA:9,0
DA:10,0
DA:14,0
DA:17,0
DA:19,0
DA:23,0
DA:112,0
DA:121,0
DA:184,0
DA:192,0
DA:203,0
DA:270,0
DA:278,0
DA:286,0
DA:299,0
DA:302,0
DA:304,0
DA:305,0
DA:306,0
DA:307,0
DA:311,0
DA:312,0
DA:313,0
DA:314,0
DA:319,0
DA:320,0
DA:321,0
LF:28
LH:0
BRDA:17,0,0,0
BRDA:304,1,0,0
BRDA:311,2,0,0
BRF:3
BRH:0
end_of_record
TN:
SF:src/migrations/1732400000000-AddSubcategoriesAndMerchantsTables.ts
FN:15,(anonymous_0)
FN:245,(anonymous_1)
FN:257,(anonymous_2)
FN:264,(anonymous_3)
FN:284,(anonymous_4)
FNF:5
FNH:0
FNDA:0,(anonymous_0)
FNDA:0,(anonymous_1)
FNDA:0,(anonymous_2)
FNDA:0,(anonymous_3)
FNDA:0,(anonymous_4)
DA:1,0
DA:14,0
DA:17,0
DA:96,0
DA:151,0
DA:163,0
DA:205,0
DA:216,0
DA:228,0
DA:236,0
DA:247,0
DA:248,0
DA:254,0
DA:255,0
DA:256,0
DA:257,0
DA:259,0
DA:260,0
DA:263,0
DA:264,0
DA:266,0
DA:267,0
DA:272,0
DA:281,0
DA:282,0
DA:283,0
DA:284,0
DA:286,0
DA:287,0
DA:292,0
DA:293,0
LF:31
LH:0
BRDA:255,0,0,0
BRDA:259,1,0,0
BRDA:266,2,0,0
BRDA:282,3,0,0
BRDA:286,4,0,0
BRF:5
BRH:0
end_of_record
TN:
SF:src/modules/aggregation/aggregation.module.ts
FNF:0
FNH:0
DA:1,0
DA:2,0
DA:3,0
DA:4,0
DA:5,0
DA:6,0
DA:7,0
DA:8,0
DA:9,0
DA:10,0
DA:11,0
DA:12,0
DA:43,0
LF:13
LH:0
BRF:0
BRH:0
end_of_record
TN:
SF:src/modules/aggregation/aggregation.tokens.ts
FNF:0
FNH:0
DA:7,1
LF:1
LH:1
BRF:0
BRH:0
end_of_record
TN:
SF:src/modules/aggregation/application/services/billing-period-calculator.service.ts
FN:23,(anonymous_1)
FN:57,(anonymous_2)
FN:81,(anonymous_3)
FN:103,(anonymous_4)
FN:114,(anonymous_5)
FN:126,(anonymous_6)
FN:139,(anonymous_7)
FNF:7
FNH:0
FNDA:0,(anonymous_1)
FNDA:0,(anonymous_2)
FNDA:0,(anonymous_3)
FNDA:0,(anonymous_4)
FNDA:0,(anonymous_5)
FNDA:0,(anonymous_6)
FNDA:0,(anonymous_7)
DA:1,0
DA:9,0
DA:24,0
DA:25,0
DA:26,0
DA:29,0
DA:31,0
DA:36,0
DA:41,0
DA:43,0
DA:46,0
DA:58,0
DA:61,0
DA:62,0
DA:63,0
DA:67,0
DA:71,0
DA:82,0
DA:87,0
DA:88,0
DA:91,0
DA:92,0
DA:94,0
DA:104,0
DA:116,0
DA:127,0
DA:128,0
DA:129,0
DA:130,0
DA:140,0
DA:141,0
DA:142,0
DA:143,0
LF:33
LH:0
BRDA:29,0,0,0
BRDA:41,1,0,0
BRDA:41,1,1,0
BRDA:61,2,0,0
BRDA:104,3,0,0
BRDA:104,3,1,0
BRF:6
BRH:0
end_of_record
TN:
SF:src/modules/aggregation/application/use-cases/aggregate-card-transactions.use-case.ts
FN:26,(anonymous_4)
FN:44,(anonymous_5)
FN:100,(anonymous_6)
FN:103,(anonymous_7)
FN:122,(anonymous_8)
FN:127,(anonymous_9)
FN:137,(anonymous_10)
FN:156,(anonymous_11)
FN:180,(anonymous_12)
FN:223,(anonymous_13)
FNF:10
FNH:0
FNDA:0,(anonymous_4)
FNDA:0,(anonymous_5)
FNDA:0,(anonymous_6)
FNDA:0,(anonymous_7)
FNDA:0,(anonymous_8)
FNDA:0,(anonymous_9)
FNDA:0,(anonymous_10)
FNDA:0,(anonymous_11)
FNDA:0,(anonymous_12)
FNDA:0,(anonymous_13)
DA:1,0
DA:2,0
DA:7,0
DA:12,0
DA:13,0
DA:15,0
DA:16,0
DA:17,0
DA:25,0
DA:28,0
DA:30,0
DA:32,0
DA:33,0
DA:50,0
DA:51,0
DA:52,0
DA:56,0
DA:63,0
DA:69,0
DA:70,0
DA:74,0
DA:80,0
DA:81,0
DA:82,0
DA:90,0
DA:94,0
DA:99,0
DA:100,0
DA:103,0
DA:104,0
DA:105,0
DA:107,0
DA:108,0
DA:116,0
DA:120,0
DA:121,0
DA:122,0
DA:127,0
DA:128,0
DA:131,0
DA:141,0
DA:142,0
DA:145,0
DA:148,0
DA:150,0
DA:160,0
DA:162,0
DA:163,0
DA:168,0
DA:169,0
DA:171,0
DA:174,0
DA:189,0
DA:190,0
DA:192,0
DA:193,0
DA:195,0
DA:196,0
DA:197,0
DA:199,0
DA:200,0
DA:201,0
DA:205,0
DA:206,0
DA:207,0
DA:213,0
DA:217,0
DA:223,0
DA:226,0
DA:229,0
DA:230,0
LF:71
LH:0
BRDA:51,0,0,0
BRDA:69,1,0,0
BRDA:105,2,0,0
BRDA:120,3,0,0
BRDA:168,4,0,0
BRDA:195,5,0,0
BRDA:195,5,1,0
BRDA:196,6,0,0
BRDA:33,7,0,0
BRDA:33,7,1,0
BRDA:33,8,0,0
BRDA:33,8,1,0
BRF:12
BRH:0
end_of_record
TN:
SF:src/modules/aggregation/application/use-cases/delete-summary.use-case.ts
FN:10,(anonymous_4)
FN:15,(anonymous_5)
FNF:2
FNH:0
FNDA:0,(anonymous_4)
FNDA:0,(anonymous_5)
DA:1,0
DA:3,0
DA:9,0
DA:12,0
DA:16,0
DA:18,0
DA:19,0
DA:22,0
LF:8
LH:0
BRDA:18,0,0,0
BRF:1
BRH:0
end_of_record
TN:
SF:src/modules/aggregation/application/use-cases/find-all-summaries.use-case.ts
FN:11,(anonymous_4)
FN:16,(anonymous_5)
FNF:2
FNH:0
FNDA:0,(anonymous_4)
FNDA:0,(anonymous_5)
DA:1,0
DA:3,0
DA:10,0
DA:13,0
DA:17,0
LF:5
LH:0
BRF:0
BRH:0
end_of_record
TN:
SF:src/modules/aggregation/application/use-cases/find-summary-by-id.use-case.ts
FN:11,(anonymous_4)
FN:16,(anonymous_5)
FNF:2
FNH:0
FNDA:0,(anonymous_4)
FNDA:0,(anonymous_5)
DA:1,0
DA:3,0
DA:10,0
DA:13,0
DA:17,0
DA:19,0
DA:20,0
DA:23,0
LF:8
LH:0
BRDA:19,0,0,0
BRF:1
BRH:0
end_of_record
TN:
SF:src/modules/aggregation/domain/entities/monthly-card-summary.entity.ts
FN:10,(anonymous_0)
FN:32,(anonymous_1)
FN:97,(anonymous_2)
FN:104,(anonymous_3)
FN:133,(anonymous_4)
FN:145,(anonymous_5)
FN:174,(anonymous_6)
FNF:7
FNH:2
FNDA:1,(anonymous_0)
FNDA:1,(anonymous_1)
FNDA:0,(anonymous_2)
FNDA:0,(anonymous_3)
FNDA:0,(anonymous_4)
FNDA:0,(anonymous_5)
FNDA:0,(anonymous_6)
DA:1,1
DA:2,1
DA:9,1
DA:11,1
DA:12,1
DA:13,1
DA:14,1
DA:15,1
DA:16,1
DA:17,1
DA:18,1
DA:19,1
DA:20,1
DA:21,1
DA:22,1
DA:23,1
DA:24,1
DA:26,1
DA:33,1
DA:34,0
DA:36,1
DA:37,0
DA:39,1
DA:40,0
DA:42,1
DA:43,0
DA:46,1
DA:47,0
DA:49,1
DA:50,0
DA:52,1
DA:53,0
DA:55,1
DA:56,0
DA:59,1
DA:60,0
DA:62,1
DA:63,0
DA:65,1
DA:66,0
DA:68,1
DA:69,0
DA:71,1
DA:72,0
DA:74,1
DA:75,0
DA:77,1
DA:78,0
DA:80,1
DA:81,0
DA:83,1
DA:84,0
DA:86,1
DA:87,0
DA:98,0
DA:124,0
DA:133,0
DA:165,0
DA:174,0
LF:59
LH:36
BRDA:33,0,0,0
BRDA:36,1,0,0
BRDA:39,2,0,0
BRDA:42,3,0,0
BRDA:46,4,0,0
BRDA:49,5,0,0
BRDA:52,6,0,0
BRDA:55,7,0,0
BRDA:59,8,0,0
BRDA:62,9,0,0
BRDA:65,10,0,0
BRDA:68,11,0,0
BRDA:71,12,0,0
BRDA:74,13,0,0
BRDA:77,14,0,0
BRDA:80,15,0,0
BRDA:83,16,0,0
BRDA:86,17,0,0
BRF:18
BRH:0
end_of_record
TN:
SF:src/modules/aggregation/domain/enums/payment-status.enum.ts
FN:6,(anonymous_0)
FNF:1
FNH:1
FNDA:1,(anonymous_0)
DA:6,1
DA:8,1
DA:11,1
DA:14,1
DA:17,1
DA:20,1
DA:23,1
DA:26,1
DA:29,1
LF:9
LH:9
BRDA:6,0,0,1
BRDA:6,0,1,1
BRF:2
BRH:2
end_of_record
TN:
SF:src/modules/aggregation/domain/value-objects/category-amount.vo.ts
FN:8,(anonymous_0)
FN:34,(anonymous_1)
FN:49,(anonymous_2)
FNF:3
FNH:1
FNDA:1,(anonymous_0)
FNDA:0,(anonymous_1)
FNDA:0,(anonymous_2)
DA:7,1
DA:9,1
DA:10,1
DA:11,1
DA:13,1
DA:14,0
DA:16,1
DA:17,0
DA:19,1
DA:20,0
DA:23,1
DA:24,0
DA:26,1
DA:27,0
DA:39,0
DA:54,0
LF:16
LH:9
BRDA:13,0,0,0
BRDA:16,1,0,0
BRDA:19,2,0,0
BRDA:23,3,0,0
BRDA:26,4,0,0
BRF:5
BRH:0
end_of_record
TN:
SF:src/modules/aggregation/infrastructure/entities/monthly-card-summary.orm-entity.ts
FNF:0
FNH:0
DA:1,0
DA:21,0
DA:23,0
DA:26,0
DA:29,0
DA:32,0
DA:35,0
DA:38,0
DA:41,0
DA:44,0
DA:47,0
DA:50,0
DA:57,0
DA:64,0
DA:67,0
DA:70,0
LF:16
LH:0
BRDA:35,0,0,0
BRDA:35,0,1,0
BRDA:35,1,0,0
BRDA:35,1,1,0
BRDA:38,2,0,0
BRDA:38,2,1,0
BRDA:38,3,0,0
BRDA:38,3,1,0
BRDA:50,4,0,0
BRDA:50,4,1,0
BRDA:50,5,0,0
BRDA:50,5,1,0
BRDA:67,6,0,0
BRDA:67,6,1,0
BRDA:67,7,0,0
BRDA:67,7,1,0
BRDA:70,8,0,0
BRDA:70,8,1,0
BRDA:70,9,0,0
BRDA:70,9,1,0
BRF:20
BRH:0
end_of_record
TN:
SF:src/modules/aggregation/infrastructure/repositories/aggregation-typeorm.repository.ts
FN:16,(anonymous_4)
FN:24,(anonymous_5)
FN:33,(anonymous_6)
FN:48,(anonymous_7)
FN:66,(anonymous_8)
FN:79,(anonymous_9)
FN:85,(anonymous_10)
FN:90,(anonymous_11)
FN:96,(anonymous_12)
FN:103,(anonymous_13)
FN:105,(anonymous_14)
FN:130,(anonymous_15)
FN:132,(anonymous_16)
FNF:13
FNH:0
FNDA:0,(anonymous_4)
FNDA:0,(anonymous_5)
FNDA:0,(anonymous_6)
FNDA:0,(anonymous_7)
FNDA:0,(anonymous_8)
FNDA:0,(anonymous_9)
FNDA:0,(anonymous_10)
FNDA:0,(anonymous_11)
FNDA:0,(anonymous_12)
FNDA:0,(anonymous_13)
FNDA:0,(anonymous_14)
FNDA:0,(anonymous_15)
FNDA:0,(anonymous_16)
DA:1,0
DA:2,0
DA:3,0
DA:4,0
DA:7,0
DA:8,0
DA:15,0
DA:18,0
DA:25,0
DA:26,0
DA:27,0
DA:34,0
DA:38,0
DA:39,0
DA:42,0
DA:52,0
DA:56,0
DA:57,0
DA:60,0
DA:71,0
DA:79,0
DA:86,0
DA:90,0
DA:97,0
DA:105,0
DA:106,0
DA:109,0
DA:132,0
DA:133,0
DA:136,0
LF:30
LH:0
BRDA:38,0,0,0
BRDA:56,1,0,0
BRDA:18,2,0,0
BRDA:18,2,1,0
BRDA:18,3,0,0
BRDA:18,3,1,0
BRF:6
BRH:0
end_of_record
TN:
SF:src/modules/aggregation/presentation/controllers/aggregation.controller.ts
FN:30,(anonymous_4)
FN:51,(anonymous_5)
FN:63,(anonymous_6)
FN:78,(anonymous_7)
FN:86,(anonymous_8)
FN:102,(anonymous_9)
FN:123,(anonymous_10)
FN:130,(anonymous_11)
FN:142,(anonymous_12)
FN:156,(anonymous_13)
FNF:10
FNH:0
FNDA:0,(anonymous_4)
FNDA:0,(anonymous_5)
FNDA:0,(anonymous_6)
FNDA:0,(anonymous_7)
FNDA:0,(anonymous_8)
FNDA:0,(anonymous_9)
FNDA:0,(anonymous_10)
FNDA:0,(anonymous_11)
FNDA:0,(anonymous_12)
FNDA:0,(anonymous_13)
DA:1,0
DA:11,0
DA:13,0
DA:14,0
DA:15,0
DA:16,0
DA:17,0
DA:18,0
DA:29,0
DA:31,0
DA:32,0
DA:33,0
DA:34,0
DA:51,0
DA:55,0
DA:61,0
DA:63,0
DA:78,0
DA:82,0
DA:84,0
DA:86,0
DA:102,0
DA:106,0
DA:108,0
DA:123,0
DA:124,0
DA:133,0
DA:143,0
DA:159,0
LF:29
LH:0
BRDA:51,0,0,0
BRDA:51,0,1,0
BRDA:51,1,0,0
BRDA:51,1,1,0
BRDA:51,2,0,0
BRDA:51,2,1,0
BRDA:51,3,0,0
BRDA:51,3,1,0
BRDA:78,4,0,0
BRDA:78,4,1,0
BRDA:78,5,0,0
BRDA:78,5,1,0
BRDA:102,6,0,0
BRDA:102,6,1,0
BRDA:102,7,0,0
BRDA:102,7,1,0
BRDA:123,8,0,0
BRDA:123,8,1,0
BRDA:123,9,0,0
BRDA:123,9,1,0
BRDA:31,10,0,0
BRDA:31,10,1,0
BRDA:31,11,0,0
BRDA:31,11,1,0
BRDA:31,12,0,0
BRDA:31,12,1,0
BRDA:31,13,0,0
BRDA:31,13,1,0
BRDA:32,14,0,0
BRDA:32,14,1,0
BRDA:32,15,0,0
BRDA:32,15,1,0
BRDA:33,16,0,0
BRDA:33,16,1,0
BRDA:33,17,0,0
BRDA:33,17,1,0
BRF:36
BRH:0
end_of_record
TN:
SF:src/modules/aggregation/presentation/dto/aggregate-card-transactions.dto.ts
FNF:0
FNH:0
DA:1,0
DA:2,0
DA:7,0
DA:14,0
DA:25,0
DA:36,0
LF:6
LH:0
BRF:0
BRH:0
end_of_record
TN:
SF:src/modules/aggregation/presentation/dto/monthly-card-summary.dto.ts
FNF:0
FNH:0
DA:1,0
DA:6,0
DA:11,0
DA:17,0
DA:23,0
DA:30,0
DA:35,0
DA:41,0
DA:47,0
DA:53,0
DA:59,0
DA:65,0
DA:71,0
DA:77,0
DA:83,0
DA:90,0
DA:96,0
DA:112,0
DA:118,0
DA:124,0
DA:131,0
DA:136,0
DA:142,0
DA:148,0
DA:154,0
DA:160,0
DA:166,0
DA:172,0
DA:178,0
DA:194,0
LF:30
LH:0
BRF:0
BRH:0
end_of_record
TN:
SF:src/modules/category/category.module.ts
FN:44,(anonymous_1)
FNF:1
FNH:0
FNDA:0,(anonymous_1)
DA:1,0
DA:2,0
DA:3,0
DA:4,0
DA:5,0
DA:6,0
DA:7,0
DA:8,0
DA:9,0
DA:10,0
DA:11,0
DA:12,0
DA:13,0
DA:14,0
DA:15,0
DA:16,0
DA:17,0
DA:18,0
DA:19,0
DA:20,0
DA:21,0
DA:22,0
DA:23,0
DA:24,0
DA:25,0
DA:26,0
DA:27,0
DA:28,0
DA:29,0
DA:30,0
DA:31,0
DA:32,0
DA:33,0
DA:44,0
DA:89,0
LF:35
LH:0
BRF:0
BRH:0
end_of_record
TN:
SF:src/modules/category/application/use-cases/check-category-usage.use-case.ts
FN:30,(anonymous_4)
FN:41,(anonymous_5)
FNF:2
FNH:0
FNDA:0,(anonymous_4)
FNDA:0,(anonymous_5)
DA:1,0
DA:3,0
DA:29,0
DA:32,0
DA:43,0
DA:44,0
DA:45,0
DA:51,0
LF:8
LH:0
BRDA:44,0,0,0
BRF:1
BRH:0
end_of_record
TN:
SF:src/modules/category/application/use-cases/classify-subcategory.use-case.ts
FN:43,(anonymous_4)
FN:57,(anonymous_5)
FNF:2
FNH:0
FNDA:0,(anonymous_4)
FNDA:0,(anonymous_5)
DA:1,0
DA:3,0
DA:6,0
DA:8,0
DA:40,0
DA:41,0
DA:44,0
DA:46,0
DA:48,0
DA:61,0
DA:69,0
DA:73,0
DA:74,0
DA:80,0
DA:81,0
DA:82,0
DA:83,0
DA:84,0
DA:85,0
DA:87,0
DA:100,0
DA:101,0
LF:22
LH:0
BRDA:73,0,0,0
BRDA:82,1,0,0
BRDA:84,2,0,0
BRDA:84,2,1,0
BRDA:107,3,0,0
BRDA:107,3,1,0
BRDA:44,4,0,0
BRDA:44,4,1,0
BRDA:44,5,0,0
BRDA:44,5,1,0
BRF:10
BRH:0
end_of_record
TN:
SF:src/modules/category/application/use-cases/create-category.use-case.ts
FN:32,(anonymous_4)
FN:43,(anonymous_5)
FN:63,(anonymous_6)
FN:68,(anonymous_7)
FN:77,(anonymous_8)
FNF:5
FNH:0
FNDA:0,(anonymous_4)
FNDA:0,(anonymous_5)
FNDA:0,(anonymous_6)
FNDA:0,(anonymous_7)
FNDA:0,(anonymous_8)
DA:1,0
DA:2,0
DA:4,0
DA:6,0
DA:31,0
DA:34,0
DA:46,0
DA:47,0
DA:50,0
DA:51,0
DA:52,0
DA:53,0
DA:56,0
DA:57,0
DA:62,0
DA:63,0
DA:66,0
DA:67,0
DA:68,0
DA:71,0
DA:72,0
DA:77,0
DA:80,0
DA:81,0
DA:95,0
DA:97,0
LF:26
LH:0
BRDA:47,0,0,0
BRDA:47,0,1,0
BRDA:50,1,0,0
BRDA:52,2,0,0
BRDA:56,3,0,0
BRDA:71,4,0,0
BRDA:77,5,0,0
BRDA:77,5,1,0
BRDA:86,6,0,0
BRDA:86,6,1,0
BRDA:87,7,0,0
BRDA:87,7,1,0
BRF:12
BRH:0
end_of_record
TN:
SF:src/modules/category/application/use-cases/delete-category.use-case.ts
FN:25,(anonymous_4)
FN:38,(anonymous_5)
FNF:2
FNH:0
FNDA:0,(anonymous_4)
FNDA:0,(anonymous_5)
DA:1,0
DA:8,0
DA:24,0
DA:27,0
DA:43,0
DA:44,0
DA:45,0
DA:49,0
DA:50,0
DA:54,0
DA:55,0
DA:58,0
DA:59,0
DA:64,0
DA:65,0
DA:71,0
DA:74,0
DA:76,0
LF:18
LH:0
BRDA:44,0,0,0
BRDA:49,1,0,0
BRDA:54,2,0,0
BRDA:58,3,0,0
BRDA:64,4,0,0
BRDA:80,5,0,0
BRDA:80,5,1,0
BRF:7
BRH:0
end_of_record
TN:
SF:src/modules/category/application/use-cases/get-categories.use-case.ts
FN:23,(anonymous_4)
FN:29,(anonymous_5)
FNF:2
FNH:0
FNDA:0,(anonymous_4)
FNDA:0,(anonymous_5)
DA:1,0
DA:4,0
DA:5,0
DA:22,0
DA:25,0
DA:26,0
DA:33,0
DA:34,0
DA:38,0
DA:39,0
DA:43,0
DA:44,0
DA:48,0
DA:51,0
DA:52,0
DA:55,0
LF:16
LH:0
BRDA:33,0,0,0
BRDA:38,1,0,0
BRDA:43,2,0,0
BRDA:51,3,0,0
BRDA:26,4,0,0
BRDA:26,4,1,0
BRDA:26,5,0,0
BRDA:26,5,1,0
BRF:8
BRH:0
end_of_record
TN:
SF:src/modules/category/application/use-cases/get-category-by-id.use-case.ts
FN:19,(anonymous_4)
FN:30,(anonymous_5)
FNF:2
FNH:0
FNDA:0,(anonymous_4)
FNDA:0,(anonymous_5)
DA:1,0
DA:4,0
DA:18,0
DA:21,0
DA:31,0
DA:33,0
DA:34,0
DA:37,0
LF:8
LH:0
BRDA:33,0,0,0
BRF:1
BRH:0
end_of_record
TN:
SF:src/modules/category/application/use-cases/get-subcategories-by-category.use-case.ts
FN:21,(anonymous_4)
FN:33,(anonymous_5)
FNF:2
FNH:0
FNDA:0,(anonymous_4)
FNDA:0,(anonymous_5)
DA:1,0
DA:4,0
DA:5,0
DA:20,0
DA:23,0
DA:24,0
DA:38,0
DA:41,0
DA:43,0
LF:9
LH:0
BRDA:24,0,0,0
BRDA:24,0,1,0
BRDA:24,1,0,0
BRDA:24,1,1,0
BRF:4
BRH:0
end_of_record
TN:
SF:src/modules/category/application/use-cases/get-subcategories.use-case.ts
FN:20,(anonymous_4)
FN:31,(anonymous_5)
FNF:2
FNH:0
FNDA:0,(anonymous_4)
FNDA:0,(anonymous_5)
DA:1,0
DA:3,0
DA:4,0
DA:19,0
DA:22,0
DA:23,0
DA:33,0
DA:36,0
DA:38,0
LF:9
LH:0
BRDA:23,0,0,0
BRDA:23,0,1,0
BRDA:23,1,0,0
BRDA:23,1,1,0
BRF:4
BRH:0
end_of_record
TN:
SF:src/modules/category/application/use-cases/initialize-categories.use-case.ts
FN:13,(anonymous_4)
FN:19,(anonymous_5)
FNF:2
FNH:0
FNDA:0,(anonymous_4)
FNDA:0,(anonymous_5)
DA:1,0
DA:4,0
DA:5,0
DA:12,0
DA:15,0
DA:16,0
DA:21,0
DA:22,0
DA:23,0
DA:28,0
DA:31,0
DA:32,0
DA:33,0
DA:34,0
DA:37,0
LF:15
LH:0
BRDA:22,0,0,0
BRDA:16,1,0,0
BRDA:16,1,1,0
BRDA:16,2,0,0
BRDA:16,2,1,0
BRF:5
BRH:0
end_of_record
TN:
SF:src/modules/category/application/use-cases/update-category.use-case.ts
FN:35,(anonymous_4)
FN:49,(anonymous_5)
FN:99,(anonymous_6)
FN:108,(anonymous_7)
FNF:4
FNH:0
FNDA:0,(anonymous_4)
FNDA:0,(anonymous_5)
FNDA:0,(anonymous_6)
FNDA:0,(anonymous_7)
DA:1,0
DA:8,0
DA:10,0
DA:34,0
DA:37,0
DA:54,0
DA:55,0
DA:56,0
DA:60,0
DA:61,0
DA:65,0
DA:66,0
DA:75,0
DA:76,0
DA:90,0
DA:92,0
DA:105,0
DA:106,0
DA:108,0
DA:109,0
DA:110,0
DA:111,0
DA:116,0
DA:117,0
LF:24
LH:0
BRDA:55,0,0,0
BRDA:60,1,0,0
BRDA:65,2,0,0
BRDA:81,3,0,0
BRDA:81,3,1,0
BRDA:82,4,0,0
BRDA:82,4,1,0
BRDA:109,5,0,0
BRDA:112,6,0,0
BRDA:112,6,1,0
BRDA:116,7,0,0
BRF:11
BRH:0
end_of_record
TN:
SF:src/modules/category/application/use-cases/update-transaction-subcategory.use-case.ts
FN:47,(anonymous_4)
FN:62,(anonymous_5)
FN:92,(anonymous_6)
FNF:3
FNH:0
FNDA:0,(anonymous_4)
FNDA:0,(anonymous_5)
FNDA:0,(anonymous_6)
DA:1,0
DA:8,0
DA:9,0
DA:10,0
DA:12,0
DA:14,0
DA:15,0
DA:16,0
DA:17,0
DA:18,0
DA:19,0
DA:42,0
DA:43,0
DA:49,0
DA:51,0
DA:53,0
DA:66,0
DA:72,0
DA:73,0
DA:77,0
DA:78,0
DA:84,0
DA:85,0
DA:92,0
DA:95,0
DA:98,0
DA:99,0
DA:103,0
DA:104,0
DA:110,0
DA:113,0
DA:117,0
DA:118,0
DA:121,0
DA:129,0
DA:146,0
DA:149,0
DA:162,0
DA:169,0
DA:178,0
LF:40
LH:0
BRDA:72,0,0,0
BRDA:77,1,0,0
BRDA:84,2,0,0
BRDA:103,3,0,0
BRDA:110,4,0,0
BRDA:110,4,1,0
BRDA:113,5,0,0
BRDA:118,6,0,0
BRDA:118,6,1,0
BRDA:121,7,0,0
BRDA:121,7,1,0
BRDA:133,8,0,0
BRDA:133,8,1,0
BRDA:134,9,0,0
BRDA:134,9,1,0
BRDA:49,10,0,0
BRDA:49,10,1,0
BRDA:49,11,0,0
BRDA:49,11,1,0
BRF:19
BRH:0
end_of_record
TN:
SF:src/modules/category/domain/entities/category.entity.ts
FN:24,(anonymous_0)
FN:39,(anonymous_1)
FN:60,(anonymous_2)
FN:67,(anonymous_3)
FN:74,(anonymous_4)
FN:81,(anonymous_5)
FN:88,(anonymous_6)
FN:95,(anonymous_7)
FN:102,(anonymous_8)
FN:109,(anonymous_9)
FN:131,(anonymous_10)
FN:149,(anonymous_11)
FN:167,(anonymous_12)
FN:185,(anonymous_13)
FNF:14
FNH:0
FNDA:0,(anonymous_0)
FNDA:0,(anonymous_1)
FNDA:0,(anonymous_2)
FNDA:0,(anonymous_3)
FNDA:0,(anonymous_4)
FNDA:0,(anonymous_5)
FNDA:0,(anonymous_6)
FNDA:0,(anonymous_7)
FNDA:0,(anonymous_8)
FNDA:0,(anonymous_9)
FNDA:0,(anonymous_10)
FNDA:0,(anonymous_11)
FNDA:0,(anonymous_12)
FNDA:0,(anonymous_13)
DA:1,0
DA:23,0
DA:25,0
DA:26,0
DA:27,0
DA:28,0
DA:29,0
DA:30,0
DA:31,0
DA:32,0
DA:33,0
DA:34,0
DA:36,0
DA:40,0
DA:41,0
DA:44,0
DA:45,0
DA:48,0
DA:49,0
DA:52,0
DA:53,0
DA:61,0
DA:68,0
DA:75,0
DA:82,0
DA:89,0
DA:96,0
DA:103,0
DA:110,0
DA:111,0
DA:114,0
DA:132,0
DA:150,0
DA:168,0
DA:186,0
LF:35
LH:0
BRDA:40,0,0,0
BRDA:44,1,0,0
BRDA:48,2,0,0
BRDA:52,3,0,0
BRDA:52,4,0,0
BRDA:52,4,1,0
BRDA:110,5,0,0
BRF:7
BRH:0
end_of_record
TN:
SF:src/modules/category/domain/entities/merchant.entity.ts
FN:9,(anonymous_0)
FN:26,(anonymous_1)
FN:33,(anonymous_2)
FN:41,(anonymous_3)
FN:48,(anonymous_4)
FN:55,(anonymous_5)
FNF:6
FNH:0
FNDA:0,(anonymous_0)
FNDA:0,(anonymous_1)
FNDA:0,(anonymous_2)
FNDA:0,(anonymous_3)
FNDA:0,(anonymous_4)
FNDA:0,(anonymous_5)
DA:1,0
DA:8,0
DA:10,0
DA:11,0
DA:12,0
DA:13,0
DA:14,0
DA:15,0
DA:16,0
DA:28,0
DA:29,0
DA:33,0
DA:34,0
DA:42,0
DA:49,0
DA:56,0
LF:16
LH:0
BRDA:28,0,0,0
BRF:1
BRH:0
end_of_record
TN:
SF:src/modules/category/domain/entities/subcategory.entity.ts
FN:8,(anonymous_0)
FN:25,(anonymous_1)
FN:32,(anonymous_2)
FN:39,(anonymous_3)
FN:46,(anonymous_4)
FN:53,(anonymous_5)
FN:60,(anonymous_6)
FN:67,(anonymous_7)
FNF:8
FNH:0
FNDA:0,(anonymous_0)
FNDA:0,(anonymous_1)
FNDA:0,(anonymous_2)
FNDA:0,(anonymous_3)
FNDA:0,(anonymous_4)
FNDA:0,(anonymous_5)
FNDA:0,(anonymous_6)
FNDA:0,(anonymous_7)
DA:1,0
DA:7,0
DA:9,0
DA:10,0
DA:11,0
DA:12,0
DA:13,0
DA:14,0
DA:15,0
DA:16,0
DA:17,0
DA:18,0
DA:19,0
DA:26,0
DA:33,0
DA:40,0
DA:47,0
DA:54,0
DA:61,0
DA:68,0
LF:20
LH:0
BRF:0
BRH:0
end_of_record
TN:
SF:src/modules/category/domain/enums/classification-reason.enum.ts
FN:5,(anonymous_0)
FNF:1
FNH:0
FNDA:0,(anonymous_0)
DA:5,0
DA:7,0
DA:9,0
DA:11,0
DA:13,0
DA:15,0
DA:17,0
LF:7
LH:0
BRDA:5,0,0,0
BRDA:5,0,1,0
BRF:2
BRH:0
end_of_record
TN:
SF:src/modules/category/domain/repositories/category.repository.interface.ts
FNF:0
FNH:0
DA:65,0
LF:1
LH:0
BRF:0
BRH:0
end_of_record
TN:
SF:src/modules/category/domain/repositories/merchant.repository.interface.ts
FNF:0
FNH:0
DA:68,0
LF:1
LH:0
BRF:0
BRH:0
end_of_record
TN:
SF:src/modules/category/domain/repositories/subcategory.repository.interface.ts
FNF:0
FNH:0
DA:65,0
LF:1
LH:0
BRF:0
BRH:0
end_of_record
TN:
SF:src/modules/category/domain/services/category-domain.service.ts
FN:15,(anonymous_1)
FN:454,(anonymous_2)
FN:455,(anonymous_3)
FN:459,(anonymous_4)
FN:462,(anonymous_5)
FN:469,(anonymous_6)
FN:475,(anonymous_7)
FN:489,(anonymous_8)
FNF:8
FNH:0
FNDA:0,(anonymous_1)
FNDA:0,(anonymous_2)
FNDA:0,(anonymous_3)
FNDA:0,(anonymous_4)
FNDA:0,(anonymous_5)
FNDA:0,(anonymous_6)
FNDA:0,(anonymous_7)
FNDA:0,(anonymous_8)
DA:1,0
DA:2,0
DA:3,0
DA:10,0
DA:16,0
DA:17,0
DA:20,0
DA:68,0
DA:69,0
DA:70,0
DA:71,0
DA:72,0
DA:73,0
DA:74,0
DA:75,0
DA:76,0
DA:77,0
DA:78,0
DA:79,0
DA:81,0
DA:217,0
DA:349,0
DA:386,0
DA:412,0
DA:448,0
DA:455,0
DA:456,0
DA:458,0
DA:459,0
DA:460,0
DA:462,0
DA:469,0
DA:477,0
DA:478,0
DA:482,0
DA:483,0
DA:486,0
DA:500,0
LF:38
LH:0
BRDA:477,0,0,0
BRDA:482,1,0,0
BRF:2
BRH:0
end_of_record
TN:
SF:src/modules/category/domain/services/keyword-matcher.service.ts
FN:74,(anonymous_1)
FN:115,(anonymous_2)
FN:119,(anonymous_3)
FN:128,(anonymous_4)
FNF:4
FNH:0
FNDA:0,(anonymous_1)
FNDA:0,(anonymous_2)
FNDA:0,(anonymous_3)
FNDA:0,(anonymous_4)
DA:1,0
DA:2,0
DA:4,0
DA:19,0
DA:23,0
DA:79,0
DA:80,0
DA:82,0
DA:83,0
DA:87,0
DA:89,0
DA:90,0
DA:91,0
DA:92,0
DA:95,0
DA:96,0
DA:97,0
DA:101,0
DA:116,0
DA:119,0
DA:129,0
DA:131,0
DA:132,0
DA:133,0
DA:134,0
DA:139,0
LF:26
LH:0
BRDA:82,0,0,0
BRDA:91,1,0,0
BRDA:96,2,0,0
BRDA:96,3,0,0
BRDA:96,3,1,0
BRDA:96,3,2,0
BRDA:133,4,0,0
BRDA:139,5,0,0
BRDA:139,5,1,0
BRF:9
BRH:0
end_of_record
TN:
SF:src/modules/category/domain/services/merchant-matcher.service.ts
FN:12,(anonymous_4)
FN:24,(anonymous_5)
FNF:2
FNH:0
FNDA:0,(anonymous_4)
FNDA:0,(anonymous_5)
DA:1,0
DA:4,0
DA:11,0
DA:14,0
DA:26,0
LF:5
LH:0
BRF:0
BRH:0
end_of_record
TN:
SF:src/modules/category/domain/services/subcategory-classifier.service.ts
FN:21,(anonymous_4)
FN:43,(anonymous_5)
FN:122,(anonymous_6)
FN:139,(anonymous_7)
FNF:4
FNH:0
FNDA:0,(anonymous_4)
FNDA:0,(anonymous_5)
FNDA:0,(anonymous_6)
FNDA:0,(anonymous_7)
DA:1,0
DA:3,0
DA:4,0
DA:5,0
DA:7,0
DA:8,0
DA:9,0
DA:16,0
DA:18,0
DA:19,0
DA:23,0
DA:24,0
DA:25,0
DA:50,0
DA:51,0
DA:52,0
DA:53,0
DA:63,0
DA:64,0
DA:69,0
DA:72,0
DA:76,0
DA:77,0
DA:94,0
DA:97,0
DA:98,0
DA:103,0
DA:106,0
DA:128,0
DA:144,0
LF:30
LH:0
BRDA:51,0,0,0
BRDA:69,1,0,0
BRDA:97,2,0,0
BRDA:24,3,0,0
BRDA:24,3,1,0
BRDA:24,4,0,0
BRDA:24,4,1,0
BRDA:24,5,0,0
BRDA:24,5,1,0
BRDA:24,6,0,0
BRDA:24,6,1,0
BRF:11
BRH:0
end_of_record
TN:
SF:src/modules/category/domain/services/subcategory-tree-builder.service.ts
FN:31,(anonymous_1)
FN:43,(anonymous_2)
FN:45,(anonymous_3)
FN:46,(anonymous_4)
FNF:4
FNH:0
FNDA:0,(anonymous_1)
FNDA:0,(anonymous_2)
FNDA:0,(anonymous_3)
FNDA:0,(anonymous_4)
DA:1,0
DA:24,0
DA:33,0
DA:34,0
DA:35,0
DA:36,0
DA:37,0
DA:39,0
DA:43,0
DA:44,0
DA:45,0
DA:47,0
DA:48,0
DA:63,0
DA:64,0
DA:67,0
DA:71,0
LF:17
LH:0
BRDA:36,0,0,0
BRDA:47,1,0,0
BRDA:47,1,1,0
BRDA:63,2,0,0
BRDA:71,3,0,0
BRDA:71,3,1,0
BRF:6
BRH:0
end_of_record
TN:
SF:src/modules/category/domain/utils/text-normalizer.util.ts
FN:17,(anonymous_0)
FN:20,(anonymous_1)
FN:36,(anonymous_2)
FN:50,(anonymous_3)
FNF:4
FNH:0
FNDA:0,(anonymous_0)
FNDA:0,(anonymous_1)
FNDA:0,(anonymous_2)
FNDA:0,(anonymous_3)
DA:5,0
DA:18,0
DA:21,0
DA:37,0
DA:38,0
DA:39,0
DA:51,0
LF:7
LH:0
BRF:0
BRH:0
end_of_record
TN:
SF:src/modules/category/domain/value-objects/classification-confidence.vo.ts
FN:16,(anonymous_0)
FN:25,(anonymous_1)
FN:37,(anonymous_2)
FN:45,(anonymous_3)
FN:53,(anonymous_4)
FN:64,(anonymous_5)
FN:73,(anonymous_6)
FN:82,(anonymous_7)
FN:90,(anonymous_8)
FN:99,(anonymous_9)
FN:106,(anonymous_10)
FN:113,(anonymous_11)
FNF:12
FNH:0
FNDA:0,(anonymous_0)
FNDA:0,(anonymous_1)
FNDA:0,(anonymous_2)
FNDA:0,(anonymous_3)
FNDA:0,(anonymous_4)
FNDA:0,(anonymous_5)
FNDA:0,(anonymous_6)
FNDA:0,(anonymous_7)
FNDA:0,(anonymous_8)
FNDA:0,(anonymous_9)
FNDA:0,(anonymous_10)
FNDA:0,(anonymous_11)
DA:10,0
DA:11,0
DA:12,0
DA:17,0
DA:18,0
DA:26,0
DA:27,0
DA:38,0
DA:46,0
DA:54,0
DA:65,0
DA:74,0
DA:83,0
DA:91,0
DA:100,0
DA:107,0
DA:114,0
LF:17
LH:0
BRDA:26,0,0,0
BRDA:26,1,0,0
BRDA:26,1,1,0
BRDA:55,2,0,0
BRDA:55,2,1,0
BRF:5
BRH:0
end_of_record
TN:
SF:src/modules/category/domain/value-objects/subcategory-classification.vo.ts
FN:9,(anonymous_0)
FN:19,(anonymous_1)
FN:26,(anonymous_2)
FN:33,(anonymous_3)
FN:40,(anonymous_4)
FN:48,(anonymous_5)
FNF:6
FNH:0
FNDA:0,(anonymous_0)
FNDA:0,(anonymous_1)
FNDA:0,(anonymous_2)
FNDA:0,(anonymous_3)
FNDA:0,(anonymous_4)
FNDA:0,(anonymous_5)
DA:8,0
DA:10,0
DA:11,0
DA:12,0
DA:13,0
DA:20,0
DA:27,0
DA:34,0
DA:41,0
DA:49,0
LF:10
LH:0
BRDA:49,0,0,0
BRDA:49,0,1,0
BRF:2
BRH:0
end_of_record
TN:
SF:src/modules/category/infrastructure/entities/category.orm-entity.ts
FNF:0
FNH:0
DA:1,0
DA:9,0
DA:19,0
DA:21,0
DA:24,0
DA:30,0
DA:33,0
DA:36,0
DA:39,0
DA:42,0
DA:45,0
DA:48,0
DA:51,0
LF:13
LH:0
BRDA:30,0,0,0
BRDA:30,0,1,0
BRDA:30,1,0,0
BRDA:30,1,1,0
BRDA:48,2,0,0
BRDA:48,2,1,0
BRDA:48,3,0,0
BRDA:48,3,1,0
BRDA:51,4,0,0
BRDA:51,4,1,0
BRDA:51,5,0,0
BRDA:51,5,1,0
BRF:12
BRH:0
end_of_record
TN:
SF:src/modules/category/infrastructure/entities/merchant.orm-entity.ts
FNF:0
FNH:0
DA:1,0
DA:16,0
DA:18,0
DA:21,0
DA:24,0
DA:27,0
DA:34,0
DA:37,0
DA:40,0
LF:9
LH:0
BRDA:37,0,0,0
BRDA:37,0,1,0
BRDA:37,1,0,0
BRDA:37,1,1,0
BRDA:40,2,0,0
BRDA:40,2,1,0
BRDA:40,3,0,0
BRDA:40,3,1,0
BRF:8
BRH:0
end_of_record
TN:
SF:src/modules/category/infrastructure/entities/subcategory.orm-entity.ts
FNF:0
FNH:0
DA:1,0
DA:9,0
DA:18,0
DA:20,0
DA:27,0
DA:30,0
DA:33,0
DA:36,0
DA:39,0
DA:42,0
DA:45,0
DA:48,0
DA:51,0
DA:54,0
LF:14
LH:0
BRDA:27,0,0,0
BRDA:27,0,1,0
BRDA:27,1,0,0
BRDA:27,1,1,0
BRDA:51,2,0,0
BRDA:51,2,1,0
BRDA:51,3,0,0
BRDA:51,3,1,0
BRDA:54,4,0,0
BRDA:54,4,1,0
BRDA:54,5,0,0
BRDA:54,5,1,0
BRF:12
BRH:0
end_of_record
TN:
SF:src/modules/category/infrastructure/repositories/category-typeorm.repository.ts
FN:13,(anonymous_4)
FN:21,(anonymous_5)
FN:25,(anonymous_6)
FN:33,(anonymous_7)
FN:48,(anonymous_8)
FN:54,(anonymous_9)
FN:62,(anonymous_10)
FN:68,(anonymous_11)
FN:76,(anonymous_12)
FN:82,(anonymous_13)
FN:90,(anonymous_14)
FN:99,(anonymous_15)
FN:108,(anonymous_16)
FN:115,(anonymous_17)
FN:133,(anonymous_18)
FNF:15
FNH:0
FNDA:0,(anonymous_4)
FNDA:0,(anonymous_5)
FNDA:0,(anonymous_6)
FNDA:0,(anonymous_7)
FNDA:0,(anonymous_8)
FNDA:0,(anonymous_9)
FNDA:0,(anonymous_10)
FNDA:0,(anonymous_11)
FNDA:0,(anonymous_12)
FNDA:0,(anonymous_13)
FNDA:0,(anonymous_14)
FNDA:0,(anonymous_15)
FNDA:0,(anonymous_16)
FNDA:0,(anonymous_17)
FNDA:0,(anonymous_18)
DA:1,0
DA:2,0
DA:3,0
DA:4,0
DA:5,0
DA:12,0
DA:15,0
DA:22,0
DA:25,0
DA:26,0
DA:34,0
DA:38,0
DA:39,0
DA:42,0
DA:49,0
DA:54,0
DA:55,0
DA:63,0
DA:68,0
DA:69,0
DA:77,0
DA:82,0
DA:83,0
DA:91,0
DA:92,0
DA:93,0
DA:100,0
DA:101,0
DA:102,0
DA:109,0
DA:116,0
DA:134,0
LF:32
LH:0
BRDA:38,0,0,0
BRDA:15,1,0,0
BRDA:15,1,1,0
BRDA:15,2,0,0
BRDA:15,2,1,0
BRF:5
BRH:0
end_of_record
TN:
SF:src/modules/category/infrastructure/repositories/category.repository.ts
FN:34,(anonymous_11)
FN:42,(anonymous_12)
FN:53,(anonymous_13)
FN:60,(anonymous_14)
FN:68,(anonymous_15)
FN:79,(anonymous_16)
FN:82,(anonymous_17)
FN:89,(anonymous_18)
FN:91,(anonymous_19)
FN:97,(anonymous_20)
FN:104,(anonymous_21)
FN:106,(anonymous_22)
FN:112,(anonymous_23)
FN:114,(anonymous_24)
FN:120,(anonymous_25)
FN:122,(anonymous_26)
FN:128,(anonymous_27)
FN:130,(anonymous_28)
FN:136,(anonymous_29)
FN:138,(anonymous_30)
FN:144,(anonymous_31)
FN:154,(anonymous_32)
FN:156,(anonymous_33)
FN:166,(anonymous_34)
FN:168,(anonymous_35)
FN:175,(anonymous_36)
FN:182,(anonymous_37)
FN:200,(anonymous_38)
FNF:28
FNH:0
FNDA:0,(anonymous_11)
FNDA:0,(anonymous_12)
FNDA:0,(anonymous_13)
FNDA:0,(anonymous_14)
FNDA:0,(anonymous_15)
FNDA:0,(anonymous_16)
FNDA:0,(anonymous_17)
FNDA:0,(anonymous_18)
FNDA:0,(anonymous_19)
FNDA:0,(anonymous_20)
FNDA:0,(anonymous_21)
FNDA:0,(anonymous_22)
FNDA:0,(anonymous_23)
FNDA:0,(anonymous_24)
FNDA:0,(anonymous_25)
FNDA:0,(anonymous_26)
FNDA:0,(anonymous_27)
FNDA:0,(anonymous_28)
FNDA:0,(anonymous_29)
FNDA:0,(anonymous_30)
FNDA:0,(anonymous_31)
FNDA:0,(anonymous_32)
FNDA:0,(anonymous_33)
FNDA:0,(anonymous_34)
FNDA:0,(anonymous_35)
FNDA:0,(anonymous_36)
FNDA:0,(anonymous_37)
FNDA:0,(anonymous_38)
DA:1,0
DA:2,0
DA:3,0
DA:4,0
DA:5,0
DA:30,0
DA:32,0
DA:34,0
DA:35,0
DA:36,0
DA:43,0
DA:44,0
DA:46,0
DA:54,0
DA:61,0
DA:62,0
DA:64,0
DA:65,0
DA:66,0
DA:67,0
DA:68,0
DA:72,0
DA:80,0
DA:81,0
DA:82,0
DA:83,0
DA:90,0
DA:91,0
DA:98,0
DA:105,0
DA:106,0
DA:113,0
DA:114,0
DA:121,0
DA:122,0
DA:129,0
DA:130,0
DA:137,0
DA:138,0
DA:145,0
DA:146,0
DA:147,0
DA:148,0
DA:155,0
DA:156,0
DA:157,0
DA:159,0
DA:160,0
DA:167,0
DA:168,0
DA:169,0
DA:176,0
DA:183,0
DA:201,0
LF:54
LH:0
BRDA:67,0,0,0
BRDA:67,0,1,0
BRDA:91,1,0,0
BRDA:91,1,1,0
BRDA:157,2,0,0
BRDA:157,2,1,0
BRDA:205,3,0,0
BRDA:205,3,1,0
BRDA:206,4,0,0
BRDA:206,4,1,0
BRDA:207,5,0,0
BRDA:207,5,1,0
BRDA:208,6,0,0
BRDA:208,6,1,0
BRDA:209,7,0,0
BRDA:209,7,1,0
BRDA:34,8,0,0
BRDA:34,8,1,0
BRDA:34,9,0,0
BRDA:34,9,1,0
BRF:20
BRH:0
end_of_record
TN:
SF:src/modules/category/infrastructure/repositories/merchant-typeorm.repository.ts
FN:15,(anonymous_4)
FN:23,(anonymous_5)
FN:38,(anonymous_6)
FN:50,(anonymous_7)
FN:56,(anonymous_8)
FN:61,(anonymous_9)
FN:66,(anonymous_10)
FN:78,(anonymous_11)
FN:82,(anonymous_12)
FN:85,(anonymous_13)
FN:109,(anonymous_14)
FN:115,(anonymous_15)
FNF:12
FNH:0
FNDA:0,(anonymous_4)
FNDA:0,(anonymous_5)
FNDA:0,(anonymous_6)
FNDA:0,(anonymous_7)
FNDA:0,(anonymous_8)
FNDA:0,(anonymous_9)
FNDA:0,(anonymous_10)
FNDA:0,(anonymous_11)
FNDA:0,(anonymous_12)
FNDA:0,(anonymous_13)
FNDA:0,(anonymous_14)
FNDA:0,(anonymous_15)
DA:1,0
DA:2,0
DA:3,0
DA:5,0
DA:6,0
DA:7,0
DA:14,0
DA:17,0
DA:24,0
DA:39,0
DA:40,0
DA:41,0
DA:42,0
DA:43,0
DA:44,0
DA:45,0
DA:46,0
DA:47,0
DA:51,0
DA:52,0
DA:53,0
DA:57,0
DA:58,0
DA:62,0
DA:63,0
DA:68,0
DA:75,0
DA:79,0
DA:82,0
DA:87,0
DA:94,0
DA:95,0
DA:99,0
DA:106,0
DA:110,0
DA:111,0
DA:112,0
DA:116,0
LF:38
LH:0
BRDA:58,0,0,0
BRDA:58,0,1,0
BRDA:63,1,0,0
BRDA:63,1,1,0
BRDA:75,2,0,0
BRDA:75,2,1,0
BRDA:94,3,0,0
BRDA:106,4,0,0
BRDA:106,4,1,0
BRDA:17,5,0,0
BRDA:17,5,1,0
BRDA:17,6,0,0
BRDA:17,6,1,0
BRF:13
BRH:0
end_of_record
TN:
SF:src/modules/category/infrastructure/repositories/subcategory-typeorm.repository.ts
FN:15,(anonymous_4)
FN:23,(anonymous_5)
FN:42,(anonymous_6)
FN:58,(anonymous_7)
FN:64,(anonymous_8)
FN:69,(anonymous_9)
FN:73,(anonymous_10)
FN:76,(anonymous_11)
FN:81,(anonymous_12)
FN:84,(anonymous_13)
FN:89,(anonymous_14)
FN:92,(anonymous_15)
FN:99,(anonymous_16)
FN:105,(anonymous_17)
FNF:14
FNH:0
FNDA:0,(anonymous_4)
FNDA:0,(anonymous_5)
FNDA:0,(anonymous_6)
FNDA:0,(anonymous_7)
FNDA:0,(anonymous_8)
FNDA:0,(anonymous_9)
FNDA:0,(anonymous_10)
FNDA:0,(anonymous_11)
FNDA:0,(anonymous_12)
FNDA:0,(anonymous_13)
FNDA:0,(anonymous_14)
FNDA:0,(anonymous_15)
FNDA:0,(anonymous_16)
FNDA:0,(anonymous_17)
DA:1,0
DA:2,0
DA:3,0
DA:6,0
DA:7,0
DA:14,0
DA:17,0
DA:24,0
DA:43,0
DA:44,0
DA:45,0
DA:46,0
DA:47,0
DA:48,0
DA:49,0
DA:50,0
DA:51,0
DA:52,0
DA:53,0
DA:54,0
DA:55,0
DA:59,0
DA:60,0
DA:61,0
DA:65,0
DA:66,0
DA:70,0
DA:73,0
DA:77,0
DA:81,0
DA:85,0
DA:89,0
DA:93,0
DA:96,0
DA:100,0
DA:101,0
DA:102,0
DA:106,0
LF:38
LH:0
BRDA:66,0,0,0
BRDA:66,0,1,0
BRDA:96,1,0,0
BRDA:96,1,1,0
BRDA:17,2,0,0
BRDA:17,2,1,0
BRDA:17,3,0,0
BRDA:17,3,1,0
BRF:8
BRH:0
end_of_record
TN:
SF:src/modules/category/infrastructure/seeds/merchants.seed.ts
FNF:0
FNH:0
DA:5,0
LF:1
LH:0
BRF:0
BRH:0
end_of_record
TN:
SF:src/modules/category/infrastructure/seeds/seed.runner.ts
FN:11,seedCategoryData
FNF:1
FNH:0
FNDA:0,seedCategoryData
DA:2,0
DA:3,0
DA:4,0
DA:5,0
DA:11,0
DA:12,0
DA:13,0
DA:15,0
DA:17,0
DA:18,0
DA:22,0
DA:23,0
DA:24,0
DA:25,0
DA:27,0
DA:31,0
DA:33,0
DA:34,0
DA:38,0
DA:39,0
DA:40,0
DA:41,0
DA:43,0
DA:47,0
LF:24
LH:0
BRDA:22,0,0,0
BRDA:22,0,1,0
BRDA:38,1,0,0
BRDA:38,1,1,0
BRF:4
BRH:0
end_of_record
TN:
SF:src/modules/category/infrastructure/seeds/subcategories.seed.ts
FNF:0
FNH:0
DA:1,0
DA:7,0
LF:2
LH:0
BRF:0
BRH:0
end_of_record
TN:
SF:src/modules/category/presentation/controllers/category.controller.ts
FN:58,(anonymous_4)
FN:74,(anonymous_5)
FN:84,(anonymous_6)
FN:95,(anonymous_7)
FN:126,(anonymous_8)
FN:142,(anonymous_9)
FN:159,(anonymous_10)
FN:169,(anonymous_11)
FN:187,(anonymous_12)
FN:199,(anonymous_13)
FNF:10
FNH:0
FNDA:0,(anonymous_4)
FNDA:0,(anonymous_5)
FNDA:0,(anonymous_6)
FNDA:0,(anonymous_7)
FNDA:0,(anonymous_8)
FNDA:0,(anonymous_9)
FNDA:0,(anonymous_10)
FNDA:0,(anonymous_11)
FNDA:0,(anonymous_12)
FNDA:0,(anonymous_13)
DA:1,0
DA:13,0
DA:14,0
DA:15,0
DA:16,0
DA:17,0
DA:18,0
DA:19,0
DA:20,0
DA:21,0
DA:23,0
DA:24,0
DA:25,0
DA:36,0
DA:40,0
DA:46,0
DA:50,0
DA:57,0
DA:59,0
DA:60,0
DA:61,0
DA:62,0
DA:63,0
DA:64,0
DA:65,0
DA:74,0
DA:80,0
DA:82,0
DA:84,0
DA:95,0
DA:106,0
DA:114,0
DA:115,0
DA:122,0
DA:124,0
DA:127,0
DA:128,0
DA:130,0
DA:142,0
DA:143,0
DA:151,0
DA:159,0
DA:160,0
DA:161,0
DA:169,0
DA:173,0
DA:179,0
DA:187,0
DA:191,0
DA:199,0
DA:200,0
LF:51
LH:0
BRDA:36,0,0,0
BRDA:36,0,1,0
BRDA:36,1,0,0
BRDA:36,1,1,0
BRDA:114,2,0,0
BRDA:122,3,0,0
BRDA:122,3,1,0
BRDA:127,4,0,0
BRDA:74,5,0,0
BRDA:74,5,1,0
BRDA:74,6,0,0
BRDA:74,6,1,0
BRDA:95,7,0,0
BRDA:95,7,1,0
BRDA:95,8,0,0
BRDA:95,8,1,0
BRDA:142,9,0,0
BRDA:142,9,1,0
BRDA:142,10,0,0
BRDA:142,10,1,0
BRDA:142,11,0,0
BRDA:142,11,1,0
BRDA:142,12,0,0
BRDA:142,12,1,0
BRDA:159,13,0,0
BRDA:159,13,1,0
BRDA:159,14,0,0
BRDA:159,14,1,0
BRDA:171,15,0,0
BRDA:171,15,1,0
BRDA:171,16,0,0
BRDA:171,16,1,0
BRDA:172,17,0,0
BRDA:172,17,1,0
BRDA:172,18,0,0
BRDA:172,18,1,0
BRDA:190,19,0,0
BRDA:190,19,1,0
BRDA:190,20,0,0
BRDA:190,20,1,0
BRDA:199,21,0,0
BRDA:199,21,1,0
BRDA:199,22,0,0
BRDA:199,22,1,0
BRDA:59,23,0,0
BRDA:59,23,1,0
BRDA:59,24,0,0
BRDA:59,24,1,0
BRDA:59,25,0,0
BRDA:59,25,1,0
BRDA:59,26,0,0
BRDA:59,26,1,0
BRDA:60,27,0,0
BRDA:60,27,1,0
BRDA:60,28,0,0
BRDA:60,28,1,0
BRDA:61,29,0,0
BRDA:61,29,1,0
BRDA:61,30,0,0
BRDA:61,30,1,0
BRDA:62,31,0,0
BRDA:62,31,1,0
BRDA:62,32,0,0
BRDA:62,32,1,0
BRDA:63,33,0,0
BRDA:63,33,1,0
BRDA:63,34,0,0
BRDA:63,34,1,0
BRDA:64,35,0,0
BRDA:64,35,1,0
BRDA:64,36,0,0
BRDA:64,36,1,0
BRF:72
BRH:0
end_of_record
TN:
SF:src/modules/category/presentation/controllers/subcategory.controller.ts
FN:39,(anonymous_4)
FN:60,(anonymous_5)
FN:66,(anonymous_6)
FN:78,(anonymous_7)
FN:123,(anonymous_8)
FN:149,(anonymous_9)
FN:161,(anonymous_10)
FN:207,(anonymous_11)
FN:294,(anonymous_12)
FNF:9
FNH:0
FNDA:0,(anonymous_4)
FNDA:0,(anonymous_5)
FNDA:0,(anonymous_6)
FNDA:0,(anonymous_7)
FNDA:0,(anonymous_8)
FNDA:0,(anonymous_9)
FNDA:0,(anonymous_10)
FNDA:0,(anonymous_11)
FNDA:0,(anonymous_12)
DA:1,0
DA:15,0
DA:16,0
DA:17,0
DA:18,0
DA:19,0
DA:20,0
DA:21,0
DA:22,0
DA:23,0
DA:27,0
DA:28,0
DA:36,0
DA:37,0
DA:40,0
DA:41,0
DA:42,0
DA:43,0
DA:60,0
DA:61,0
DA:63,0
DA:66,0
DA:78,0
DA:93,0
DA:123,0
DA:126,0
DA:129,0
DA:130,0
DA:144,0
DA:149,0
DA:161,0
DA:176,0
DA:207,0
DA:210,0
DA:214,0
DA:216,0
DA:225,0
DA:246,0
DA:248,0
DA:252,0
DA:255,0
DA:294,0
DA:298,0
DA:302,0
DA:303,0
DA:308,0
DA:320,0
DA:322,0
DA:326,0
DA:329,0
LF:50
LH:0
BRDA:129,0,0,0
BRDA:220,1,0,0
BRDA:220,1,1,0
BRDA:248,2,0,0
BRDA:249,3,0,0
BRDA:249,3,1,0
BRDA:260,4,0,0
BRDA:260,4,1,0
BRDA:322,5,0,0
BRDA:323,6,0,0
BRDA:323,6,1,0
BRDA:334,7,0,0
BRDA:334,7,1,0
BRDA:60,8,0,0
BRDA:60,8,1,0
BRDA:60,9,0,0
BRDA:60,9,1,0
BRDA:125,10,0,0
BRDA:125,10,1,0
BRDA:125,11,0,0
BRDA:125,11,1,0
BRDA:208,12,0,0
BRDA:208,12,1,0
BRDA:208,13,0,0
BRDA:208,13,1,0
BRDA:209,14,0,0
BRDA:209,14,1,0
BRDA:209,15,0,0
BRDA:209,15,1,0
BRDA:296,16,0,0
BRDA:296,16,1,0
BRDA:296,17,0,0
BRDA:296,17,1,0
BRDA:297,18,0,0
BRDA:297,18,1,0
BRDA:297,19,0,0
BRDA:297,19,1,0
BRDA:40,20,0,0
BRDA:40,20,1,0
BRDA:40,21,0,0
BRDA:40,21,1,0
BRDA:40,22,0,0
BRDA:40,22,1,0
BRDA:40,23,0,0
BRDA:40,23,1,0
BRDA:41,24,0,0
BRDA:41,24,1,0
BRDA:41,25,0,0
BRDA:41,25,1,0
BRDA:42,26,0,0
BRDA:42,26,1,0
BRDA:42,27,0,0
BRDA:42,27,1,0
BRF:53
BRH:0
end_of_record
TN:
SF:src/modules/category/presentation/dto/classification-request.dto.ts
FNF:0
FNH:0
DA:1,0
DA:10,0
DA:11,0
DA:17,0
DA:27,0
DA:38,0
DA:45,0
DA:53,0
DA:61,0
LF:9
LH:0
BRDA:53,0,0,0
BRDA:53,0,1,0
BRDA:53,1,0,0
BRDA:53,1,1,0
BRF:4
BRH:0
end_of_record
TN:
SF:src/modules/category/presentation/dto/classification-response.dto.ts
FNF:0
FNH:0
DA:1,0
DA:23,0
DA:28,0
DA:33,0
DA:44,0
LF:5
LH:0
BRF:0
BRH:0
end_of_record
TN:
SF:src/modules/category/presentation/dto/create-category.dto.ts
FNF:0
FNH:0
DA:1,0
DA:10,0
DA:15,0
DA:18,0
DA:21,0
DA:25,0
DA:30,0
DA:38,0
LF:8
LH:0
BRDA:21,0,0,0
BRDA:21,0,1,0
BRDA:21,1,0,0
BRDA:21,1,1,0
BRF:4
BRH:0
end_of_record
TN:
SF:src/modules/category/presentation/dto/subcategory-response.dto.ts
FNF:0
FNH:0
DA:1,0
DA:26,0
DA:31,0
DA:36,0
DA:41,0
LF:5
LH:0
BRF:0
BRH:0
end_of_record
TN:
SF:src/modules/category/presentation/dto/update-category.dto.ts
FNF:0
FNH:0
DA:1,0
DA:12,0
DA:15,0
DA:20,0
DA:28,0
LF:5
LH:0
BRF:0
BRH:0
end_of_record
TN:
SF:src/modules/category/presentation/dto/update-subcategory-request.dto.ts
FNF:0
FNH:0
DA:1,0
DA:2,0
DA:8,0
DA:18,0
LF:4
LH:0
BRF:0
BRH:0
end_of_record
TN:
SF:src/modules/category/presentation/dto/update-subcategory-response.dto.ts
FNF:0
FNH:0
DA:1,0
DA:8,0
DA:13,0
DA:18,0
LF:4
LH:0
BRF:0
BRH:0
end_of_record
TN:
SF:src/modules/credit-card/credit-card.module.ts
FNF:0
FNH:0
DA:1,0
DA:2,0
DA:3,0
DA:6,0
DA:9,0
DA:10,0
DA:11,0
DA:12,0
DA:15,0
DA:20,0
DA:23,0
DA:26,0
DA:29,0
DA:32,0
DA:38,0
DA:86,0
LF:16
LH:0
BRF:0
BRH:0
end_of_record
TN:
SF:src/modules/credit-card/credit-card.tokens.ts
FNF:0
FNH:0
DA:5,0
DA:6,0
DA:9,0
DA:10,0
LF:4
LH:0
BRF:0
BRH:0
end_of_record
TN:
SF:src/modules/credit-card/application/use-cases/connect-credit-card.use-case.ts
FN:44,(anonymous_4)
FN:55,(anonymous_5)
FN:106,(anonymous_6)
FN:114,(anonymous_7)
FN:128,(anonymous_8)
FN:144,(anonymous_9)
FNF:6
FNH:0
FNDA:0,(anonymous_4)
FNDA:0,(anonymous_5)
FNDA:0,(anonymous_6)
FNDA:0,(anonymous_7)
FNDA:0,(anonymous_8)
FNDA:0,(anonymous_9)
DA:1,0
DA:7,0
DA:8,0
DA:9,0
DA:17,0
DA:22,0
DA:41,0
DA:42,0
DA:46,0
DA:48,0
DA:50,0
DA:52,0
DA:57,0
DA:60,0
DA:67,0
DA:69,0
DA:70,0
DA:76,0
DA:79,0
DA:98,0
DA:101,0
DA:103,0
DA:110,0
DA:111,0
DA:118,0
DA:119,0
DA:121,0
DA:122,0
DA:128,0
DA:129,0
DA:132,0
DA:133,0
DA:137,0
DA:145,0
LF:34
LH:0
BRDA:69,0,0,0
BRDA:132,1,0,0
BRDA:138,2,0,0
BRDA:138,2,1,0
BRDA:139,3,0,0
BRDA:139,3,1,0
BRF:6
BRH:0
end_of_record
TN:
SF:src/modules/credit-card/application/use-cases/fetch-credit-card-transactions.use-case.ts
FN:40,(anonymous_4)
FN:51,(anonymous_5)
FN:108,(anonymous_6)
FN:141,(anonymous_7)
FNF:4
FNH:0
FNDA:0,(anonymous_4)
FNDA:0,(anonymous_5)
FNDA:0,(anonymous_6)
FNDA:0,(anonymous_7)
DA:1,0
DA:16,0
DA:21,0
DA:22,0
DA:37,0
DA:38,0
DA:42,0
DA:44,0
DA:46,0
DA:48,0
DA:55,0
DA:56,0
DA:60,0
DA:64,0
DA:65,0
DA:71,0
DA:72,0
DA:76,0
DA:78,0
DA:81,0
DA:82,0
DA:83,0
DA:86,0
DA:87,0
DA:89,0
DA:99,0
DA:105,0
DA:114,0
DA:121,0
DA:122,0
DA:128,0
DA:134,0
DA:141,0
DA:142,0
DA:145,0
DA:146,0
LF:36
LH:0
BRDA:55,0,0,0
BRDA:64,1,0,0
BRDA:71,2,0,0
BRDA:76,3,0,0
BRDA:76,3,1,0
BRDA:78,4,0,0
BRDA:78,4,1,0
BRDA:81,5,0,0
BRDA:81,6,0,0
BRDA:81,6,1,0
BRDA:90,7,0,0
BRDA:90,7,1,0
BRDA:91,8,0,0
BRDA:91,8,1,0
BRDA:129,9,0,0
BRDA:129,9,1,0
BRDA:145,10,0,0
BRF:17
BRH:0
end_of_record
TN:
SF:src/modules/credit-card/application/use-cases/fetch-payment-info.use-case.ts
FN:40,(anonymous_4)
FN:53,(anonymous_5)
FN:100,(anonymous_6)
FN:137,(anonymous_7)
FN:150,(anonymous_8)
FN:154,(anonymous_9)
FN:155,(anonymous_10)
FN:174,(anonymous_11)
FNF:8
FNH:0
FNDA:0,(anonymous_4)
FNDA:0,(anonymous_5)
FNDA:0,(anonymous_6)
FNDA:0,(anonymous_7)
FNDA:0,(anonymous_8)
FNDA:0,(anonymous_9)
FNDA:0,(anonymous_10)
FNDA:0,(anonymous_11)
DA:1,0
DA:8,0
DA:10,0
DA:18,0
DA:24,0
DA:37,0
DA:38,0
DA:42,0
DA:44,0
DA:46,0
DA:48,0
DA:50,0
DA:55,0
DA:59,0
DA:60,0
DA:66,0
DA:69,0
DA:70,0
DA:71,0
DA:74,0
DA:75,0
DA:77,0
DA:86,0
DA:92,0
DA:93,0
DA:94,0
DA:97,0
DA:105,0
DA:112,0
DA:113,0
DA:119,0
DA:126,0
DA:129,0
DA:134,0
DA:142,0
DA:143,0
DA:150,0
DA:153,0
DA:154,0
DA:155,0
DA:157,0
DA:160,0
DA:161,0
DA:163,0
DA:175,0
DA:176,0
DA:177,0
DA:178,0
LF:48
LH:0
BRDA:59,0,0,0
BRDA:66,1,0,0
BRDA:66,1,1,0
BRDA:69,2,0,0
BRDA:69,3,0,0
BRDA:69,3,1,0
BRDA:78,4,0,0
BRDA:78,4,1,0
BRDA:79,5,0,0
BRDA:79,5,1,0
BRDA:92,6,0,0
BRDA:120,7,0,0
BRDA:120,7,1,0
BRDA:170,8,0,0
BRDA:170,8,1,0
BRF:15
BRH:0
end_of_record
TN:
SF:src/modules/credit-card/application/use-cases/refresh-credit-card-data.use-case.ts
FN:35,(anonymous_4)
FN:48,(anonymous_5)
FN:78,(anonymous_6)
FN:98,(anonymous_7)
FN:113,(anonymous_8)
FN:132,(anonymous_9)
FN:171,(anonymous_10)
FN:178,(anonymous_11)
FNF:8
FNH:0
FNDA:0,(anonymous_4)
FNDA:0,(anonymous_5)
FNDA:0,(anonymous_6)
FNDA:0,(anonymous_7)
FNDA:0,(anonymous_8)
FNDA:0,(anonymous_9)
FNDA:0,(anonymous_10)
FNDA:0,(anonymous_11)
DA:1,0
DA:2,0
DA:5,0
DA:13,0
DA:19,0
DA:32,0
DA:33,0
DA:37,0
DA:39,0
DA:41,0
DA:43,0
DA:45,0
DA:50,0
DA:51,0
DA:52,0
DA:58,0
DA:61,0
DA:67,0
DA:68,0
DA:69,0
DA:71,0
DA:82,0
DA:84,0
DA:85,0
DA:90,0
DA:94,0
DA:102,0
DA:104,0
DA:105,0
DA:107,0
DA:113,0
DA:114,0
DA:117,0
DA:118,0
DA:121,0
DA:123,0
DA:128,0
DA:136,0
DA:138,0
DA:140,0
DA:141,0
DA:146,0
DA:148,0
DA:150,0
DA:157,0
DA:162,0
DA:163,0
DA:167,0
DA:172,0
DA:173,0
DA:174,0
DA:175,0
DA:179,0
DA:180,0
DA:181,0
DA:186,0
DA:192,0
LF:57
LH:0
BRDA:51,0,0,0
BRDA:91,1,0,0
BRDA:91,1,1,0
BRDA:92,2,0,0
BRDA:92,2,1,0
BRDA:117,3,0,0
BRDA:124,4,0,0
BRDA:124,4,1,0
BRDA:125,5,0,0
BRDA:125,5,1,0
BRDA:151,6,0,0
BRDA:151,6,1,0
BRDA:152,7,0,0
BRDA:152,7,1,0
BRDA:162,8,0,0
BRF:15
BRH:0
end_of_record
TN:
SF:src/modules/credit-card/domain/entities/credit-card-transaction.entity.ts
FN:29,(anonymous_0)
FN:51,(anonymous_1)
FN:102,(anonymous_2)
FN:120,(anonymous_3)
FN:139,(anonymous_4)
FN:163,(anonymous_5)
FN:170,(anonymous_6)
FN:195,(anonymous_7)
FN:220,(anonymous_8)
FN:245,(anonymous_9)
FNF:10
FNH:0
FNDA:0,(anonymous_0)
FNDA:0,(anonymous_1)
FNDA:0,(anonymous_2)
FNDA:0,(anonymous_3)
FNDA:0,(anonymous_4)
FNDA:0,(anonymous_5)
FNDA:0,(anonymous_6)
FNDA:0,(anonymous_7)
FNDA:0,(anonymous_8)
FNDA:0,(anonymous_9)
DA:28,0
DA:30,0
DA:31,0
DA:32,0
DA:33,0
DA:34,0
DA:35,0
DA:36,0
DA:37,0
DA:38,0
DA:39,0
DA:40,0
DA:41,0
DA:42,0
DA:43,0
DA:44,0
DA:45,0
DA:46,0
DA:48,0
DA:52,0
DA:53,0
DA:56,0
DA:57,0
DA:60,0
DA:61,0
DA:64,0
DA:65,0
DA:68,0
DA:69,0
DA:72,0
DA:73,0
DA:76,0
DA:77,0
DA:80,0
DA:81,0
DA:82,0
DA:85,0
DA:86,0
DA:89,0
DA:90,0
DA:94,0
DA:95,0
DA:103,0
DA:121,0
DA:122,0
DA:125,0
DA:140,0
DA:141,0
DA:144,0
DA:145,0
DA:147,0
DA:148,0
DA:150,0
DA:151,0
DA:153,0
DA:157,0
DA:164,0
DA:171,0
DA:196,0
DA:221,0
DA:246,0
LF:61
LH:0
BRDA:52,0,0,0
BRDA:56,1,0,0
BRDA:60,2,0,0
BRDA:64,3,0,0
BRDA:68,4,0,0
BRDA:72,5,0,0
BRDA:76,6,0,0
BRDA:80,7,0,0
BRDA:81,8,0,0
BRDA:81,9,0,0
BRDA:81,9,1,0
BRDA:85,10,0,0
BRDA:85,11,0,0
BRDA:85,11,1,0
BRDA:89,12,0,0
BRDA:94,13,0,0
BRDA:94,14,0,0
BRDA:94,14,1,0
BRDA:121,15,0,0
BRDA:121,16,0,0
BRDA:121,16,1,0
BRDA:140,17,0,0
BRDA:140,18,0,0
BRDA:140,18,1,0
BRDA:150,19,0,0
BRDA:150,19,1,0
BRDA:164,20,0,0
BRDA:164,20,1,0
BRF:28
BRH:0
end_of_record
TN:
SF:src/modules/credit-card/domain/entities/credit-card.entity.ts
FN:30,(anonymous_0)
FN:50,(anonymous_1)
FN:103,(anonymous_2)
FN:110,(anonymous_3)
FN:117,(anonymous_4)
FN:125,(anonymous_5)
FN:148,(anonymous_6)
FN:171,(anonymous_7)
FN:202,(anonymous_8)
FN:225,(anonymous_9)
FN:232,(anonymous_10)
FNF:11
FNH:0
FNDA:0,(anonymous_0)
FNDA:0,(anonymous_1)
FNDA:0,(anonymous_2)
FNDA:0,(anonymous_3)
FNDA:0,(anonymous_4)
FNDA:0,(anonymous_5)
FNDA:0,(anonymous_6)
FNDA:0,(anonymous_7)
FNDA:0,(anonymous_8)
FNDA:0,(anonymous_9)
FNDA:0,(anonymous_10)
DA:1,0
DA:29,0
DA:31,0
DA:32,0
DA:33,0
DA:34,0
DA:35,0
DA:36,0
DA:37,0
DA:38,0
DA:39,0
DA:40,0
DA:41,0
DA:42,0
DA:43,0
DA:44,0
DA:45,0
DA:47,0
DA:51,0
DA:52,0
DA:55,0
DA:56,0
DA:59,0
DA:60,0
DA:63,0
DA:64,0
DA:67,0
DA:68,0
DA:71,0
DA:72,0
DA:75,0
DA:76,0
DA:79,0
DA:80,0
DA:83,0
DA:84,0
DA:87,0
DA:88,0
DA:91,0
DA:92,0
DA:95,0
DA:96,0
DA:104,0
DA:111,0
DA:118,0
DA:119,0
DA:126,0
DA:149,0
DA:172,0
DA:173,0
DA:176,0
DA:177,0
DA:180,0
DA:203,0
DA:226,0
DA:233,0
LF:56
LH:0
BRDA:51,0,0,0
BRDA:55,1,0,0
BRDA:59,2,0,0
BRDA:59,3,0,0
BRDA:59,3,1,0
BRDA:63,4,0,0
BRDA:67,5,0,0
BRDA:71,6,0,0
BRDA:71,7,0,0
BRDA:71,7,1,0
BRDA:75,8,0,0
BRDA:75,9,0,0
BRDA:75,9,1,0
BRDA:79,10,0,0
BRDA:83,11,0,0
BRDA:87,12,0,0
BRDA:91,13,0,0
BRDA:95,14,0,0
BRDA:118,15,0,0
BRDA:172,16,0,0
BRDA:176,17,0,0
BRF:21
BRH:0
end_of_record
TN:
SF:src/modules/credit-card/domain/value-objects/payment.vo.ts
FN:23,(anonymous_0)
FN:36,(anonymous_1)
FN:73,(anonymous_2)
FN:80,(anonymous_3)
FN:89,(anonymous_4)
FN:96,(anonymous_5)
FN:105,(anonymous_6)
FN:121,(anonymous_7)
FN:150,(anonymous_8)
FN:170,(anonymous_9)
FNF:10
FNH:0
FNDA:0,(anonymous_0)
FNDA:0,(anonymous_1)
FNDA:0,(anonymous_2)
FNDA:0,(anonymous_3)
FNDA:0,(anonymous_4)
FNDA:0,(anonymous_5)
FNDA:0,(anonymous_6)
FNDA:0,(anonymous_7)
FNDA:0,(anonymous_8)
FNDA:0,(anonymous_9)
DA:1,0
DA:22,0
DA:24,0
DA:25,0
DA:26,0
DA:27,0
DA:28,0
DA:29,0
DA:30,0
DA:31,0
DA:33,0
DA:37,0
DA:38,0
DA:41,0
DA:42,0
DA:45,0
DA:46,0
DA:49,0
DA:50,0
DA:53,0
DA:54,0
DA:57,0
DA:58,0
DA:61,0
DA:62,0
DA:65,0
DA:66,0
DA:74,0
DA:81,0
DA:90,0
DA:97,0
DA:98,0
DA:106,0
DA:122,0
DA:123,0
DA:126,0
DA:127,0
DA:130,0
DA:131,0
DA:133,0
DA:135,0
DA:151,0
DA:171,0
LF:43
LH:0
BRDA:31,0,0,0
BRDA:37,1,0,0
BRDA:37,2,0,0
BRDA:37,2,1,0
BRDA:41,3,0,0
BRDA:45,4,0,0
BRDA:49,5,0,0
BRDA:53,6,0,0
BRDA:57,7,0,0
BRDA:61,8,0,0
BRDA:65,9,0,0
BRDA:82,10,0,0
BRDA:82,10,1,0
BRDA:90,11,0,0
BRDA:90,11,1,0
BRDA:97,12,0,0
BRDA:122,13,0,0
BRDA:126,14,0,0
BRDA:133,15,0,0
BRDA:133,15,1,0
BRDA:172,16,0,0
BRDA:172,16,1,0
BRDA:172,16,2,0
BRDA:172,16,3,0
BRDA:172,16,4,0
BRDA:172,16,5,0
BRDA:172,16,6,0
BRDA:172,16,7,0
BRDA:179,17,0,0
BRDA:179,17,1,0
BRDA:179,18,0,0
BRDA:179,18,1,0
BRF:32
BRH:0
end_of_record
TN:
SF:src/modules/credit-card/infrastructure/adapters/mock-credit-card-api.adapter.ts
FN:24,(anonymous_1)
FN:38,(anonymous_2)
FN:57,(anonymous_3)
FN:68,(anonymous_4)
FN:103,(anonymous_5)
FN:121,(anonymous_6)
FN:146,(anonymous_7)
FN:165,(anonymous_8)
FN:178,(anonymous_9)
FN:187,(anonymous_10)
FN:204,(anonymous_11)
FN:217,(anonymous_12)
FN:219,(anonymous_13)
FNF:13
FNH:0
FNDA:0,(anonymous_1)
FNDA:0,(anonymous_2)
FNDA:0,(anonymous_3)
FNDA:0,(anonymous_4)
FNDA:0,(anonymous_5)
FNDA:0,(anonymous_6)
FNDA:0,(anonymous_7)
FNDA:0,(anonymous_8)
FNDA:0,(anonymous_9)
FNDA:0,(anonymous_10)
FNDA:0,(anonymous_11)
FNDA:0,(anonymous_12)
FNDA:0,(anonymous_13)
DA:1,0
DA:9,0
DA:10,0
DA:11,0
DA:18,0
DA:32,0
DA:33,0
DA:43,0
DA:45,0
DA:46,0
DA:52,0
DA:58,0
DA:60,0
DA:73,0
DA:76,0
DA:77,0
DA:82,0
DA:83,0
DA:84,0
DA:86,0
DA:100,0
DA:104,0
DA:106,0
DA:107,0
DA:108,0
DA:109,0
DA:111,0
DA:125,0
DA:150,0
DA:152,0
DA:154,0
DA:167,0
DA:175,0
DA:179,0
DA:184,0
DA:188,0
DA:201,0
DA:205,0
DA:214,0
DA:218,0
DA:219,0
LF:41
LH:0
BRDA:45,0,0,0
BRDA:45,1,0,0
BRDA:45,1,1,0
BRDA:95,2,0,0
BRDA:95,2,1,0
BRDA:96,3,0,0
BRDA:96,3,1,0
BRDA:136,4,0,0
BRDA:136,4,1,0
BRDA:137,5,0,0
BRDA:137,5,1,0
BRDA:175,6,0,0
BRDA:175,6,1,0
BRDA:184,7,0,0
BRDA:184,7,1,0
BRF:15
BRH:0
end_of_record
TN:
SF:src/modules/credit-card/infrastructure/entities/credit-card.orm-entity.ts
FNF:0
FNH:0
DA:1,0
DA:18,0
DA:20,0
DA:23,0
DA:26,0
DA:29,0
DA:32,0
DA:35,0
DA:38,0
DA:41,0
DA:44,0
DA:47,0
DA:50,0
DA:58,0
DA:61,0
DA:64,0
DA:67,0
LF:17
LH:0
BRDA:32,0,0,0
BRDA:32,0,1,0
BRDA:32,1,0,0
BRDA:32,1,1,0
BRDA:64,2,0,0
BRDA:64,2,1,0
BRDA:64,3,0,0
BRDA:64,3,1,0
BRDA:67,4,0,0
BRDA:67,4,1,0
BRDA:67,5,0,0
BRDA:67,5,1,0
BRF:12
BRH:0
end_of_record
TN:
SF:src/modules/credit-card/infrastructure/repositories/credit-card-typeorm.repository.ts
FN:14,(anonymous_4)
FN:22,(anonymous_5)
FN:26,(anonymous_6)
FN:34,(anonymous_7)
FN:51,(anonymous_8)
FN:57,(anonymous_9)
FN:65,(anonymous_10)
FN:74,(anonymous_11)
FN:81,(anonymous_12)
FN:144,(anonymous_13)
FNF:10
FNH:0
FNDA:0,(anonymous_4)
FNDA:0,(anonymous_5)
FNDA:0,(anonymous_6)
FNDA:0,(anonymous_7)
FNDA:0,(anonymous_8)
FNDA:0,(anonymous_9)
FNDA:0,(anonymous_10)
FNDA:0,(anonymous_11)
FNDA:0,(anonymous_12)
FNDA:0,(anonymous_13)
DA:1,0
DA:2,0
DA:3,0
DA:4,0
DA:5,0
DA:6,0
DA:13,0
DA:16,0
DA:23,0
DA:26,0
DA:27,0
DA:35,0
DA:41,0
DA:42,0
DA:45,0
DA:52,0
DA:57,0
DA:58,0
DA:66,0
DA:67,0
DA:68,0
DA:75,0
DA:83,0
DA:84,0
DA:86,0
DA:92,0
DA:101,0
DA:106,0
DA:114,0
DA:122,0
DA:145,0
LF:31
LH:0
BRDA:41,0,0,0
BRDA:87,1,0,0
BRDA:87,1,1,0
BRDA:92,2,0,0
BRDA:93,3,0,0
BRDA:93,3,1,0
BRDA:93,3,2,0
BRDA:93,3,3,0
BRDA:93,3,4,0
BRDA:93,3,5,0
BRDA:93,3,6,0
BRDA:16,4,0,0
BRDA:16,4,1,0
BRDA:16,5,0,0
BRDA:16,5,1,0
BRF:15
BRH:0
end_of_record
TN:
SF:src/modules/credit-card/infrastructure/repositories/credit-card.repository.ts
FN:88,(anonymous_11)
FN:93,(anonymous_12)
FN:95,(anonymous_13)
FN:107,(anonymous_14)
FN:109,(anonymous_15)
FN:112,(anonymous_16)
FN:116,(anonymous_17)
FN:118,(anonymous_18)
FN:121,(anonymous_19)
FN:123,(anonymous_20)
FN:126,(anonymous_21)
FN:128,(anonymous_22)
FN:132,(anonymous_23)
FN:137,(anonymous_24)
FN:145,(anonymous_25)
FN:149,(anonymous_26)
FN:157,(anonymous_27)
FN:172,(anonymous_28)
FN:175,(anonymous_29)
FN:179,(anonymous_30)
FN:199,(anonymous_31)
FN:234,(anonymous_32)
FN:239,(anonymous_33)
FN:243,(anonymous_34)
FN:255,(anonymous_35)
FN:264,(anonymous_36)
FN:265,(anonymous_37)
FN:273,(anonymous_38)
FN:279,(anonymous_39)
FN:286,(anonymous_40)
FN:292,(anonymous_41)
FN:299,(anonymous_42)
FN:303,(anonymous_43)
FN:307,(anonymous_44)
FN:310,(anonymous_45)
FN:316,(anonymous_46)
FN:322,(anonymous_47)
FN:327,(anonymous_48)
FN:336,(anonymous_49)
FN:341,(anonymous_50)
FN:349,(anonymous_51)
FN:353,(anonymous_52)
FN:357,(anonymous_53)
FN:358,(anonymous_54)
FN:364,(anonymous_55)
FN:374,(anonymous_56)
FN:391,(anonymous_57)
FN:397,(anonymous_58)
FN:401,(anonymous_59)
FN:425,(anonymous_60)
FN:458,(anonymous_61)
FN:463,(anonymous_62)
FN:466,(anonymous_63)
FN:479,(anonymous_64)
FN:484,(anonymous_65)
FN:487,(anonymous_66)
FN:491,(anonymous_67)
FN:493,(anonymous_68)
FN:496,(anonymous_69)
FN:498,(anonymous_70)
FN:501,(anonymous_71)
FN:503,(anonymous_72)
FN:507,(anonymous_73)
FN:515,(anonymous_74)
FN:519,(anonymous_75)
FN:527,(anonymous_76)
FN:542,(anonymous_77)
FN:548,(anonymous_78)
FN:552,(anonymous_79)
FN:564,(anonymous_80)
FNF:70
FNH:0
FNDA:0,(anonymous_11)
FNDA:0,(anonymous_12)
FNDA:0,(anonymous_13)
FNDA:0,(anonymous_14)
FNDA:0,(anonymous_15)
FNDA:0,(anonymous_16)
FNDA:0,(anonymous_17)
FNDA:0,(anonymous_18)
FNDA:0,(anonymous_19)
FNDA:0,(anonymous_20)
FNDA:0,(anonymous_21)
FNDA:0,(anonymous_22)
FNDA:0,(anonymous_23)
FNDA:0,(anonymous_24)
FNDA:0,(anonymous_25)
FNDA:0,(anonymous_26)
FNDA:0,(anonymous_27)
FNDA:0,(anonymous_28)
FNDA:0,(anonymous_29)
FNDA:0,(anonymous_30)
FNDA:0,(anonymous_31)
FNDA:0,(anonymous_32)
FNDA:0,(anonymous_33)
FNDA:0,(anonymous_34)
FNDA:0,(anonymous_35)
FNDA:0,(anonymous_36)
FNDA:0,(anonymous_37)
FNDA:0,(anonymous_38)
FNDA:0,(anonymous_39)
FNDA:0,(anonymous_40)
FNDA:0,(anonymous_41)
FNDA:0,(anonymous_42)
FNDA:0,(anonymous_43)
FNDA:0,(anonymous_44)
FNDA:0,(anonymous_45)
FNDA:0,(anonymous_46)
FNDA:0,(anonymous_47)
FNDA:0,(anonymous_48)
FNDA:0,(anonymous_49)
FNDA:0,(anonymous_50)
FNDA:0,(anonymous_51)
FNDA:0,(anonymous_52)
FNDA:0,(anonymous_53)
FNDA:0,(anonymous_54)
FNDA:0,(anonymous_55)
FNDA:0,(anonymous_56)
FNDA:0,(anonymous_57)
FNDA:0,(anonymous_58)
FNDA:0,(anonymous_59)
FNDA:0,(anonymous_60)
FNDA:0,(anonymous_61)
FNDA:0,(anonymous_62)
FNDA:0,(anonymous_63)
FNDA:0,(anonymous_64)
FNDA:0,(anonymous_65)
FNDA:0,(anonymous_66)
FNDA:0,(anonymous_67)
FNDA:0,(anonymous_68)
FNDA:0,(anonymous_69)
FNDA:0,(anonymous_70)
FNDA:0,(anonymous_71)
FNDA:0,(anonymous_72)
FNDA:0,(anonymous_73)
FNDA:0,(anonymous_74)
FNDA:0,(anonymous_75)
FNDA:0,(anonymous_76)
FNDA:0,(anonymous_77)
FNDA:0,(anonymous_78)
FNDA:0,(anonymous_79)
FNDA:0,(anonymous_80)
DA:1,0
DA:2,0
DA:3,0
DA:4,0
DA:5,0
DA:6,0
DA:7,0
DA:13,0
DA:14,0
DA:84,0
DA:86,0
DA:88,0
DA:89,0
DA:90,0
DA:94,0
DA:95,0
DA:97,0
DA:98,0
DA:100,0
DA:103,0
DA:104,0
DA:108,0
DA:109,0
DA:113,0
DA:117,0
DA:118,0
DA:122,0
DA:123,0
DA:127,0
DA:128,0
DA:129,0
DA:133,0
DA:134,0
DA:138,0
DA:139,0
DA:141,0
DA:146,0
DA:150,0
DA:151,0
DA:153,0
DA:154,0
DA:155,0
DA:156,0
DA:157,0
DA:160,0
DA:166,0
DA:168,0
DA:173,0
DA:174,0
DA:175,0
DA:176,0
DA:180,0
DA:200,0
DA:231,0
DA:234,0
DA:235,0
DA:236,0
DA:242,0
DA:243,0
DA:245,0
DA:246,0
DA:248,0
DA:251,0
DA:252,0
DA:258,0
DA:260,0
DA:261,0
DA:264,0
DA:265,0
DA:267,0
DA:268,0
DA:270,0
DA:275,0
DA:277,0
DA:278,0
DA:279,0
DA:280,0
DA:283,0
DA:289,0
DA:297,0
DA:298,0
DA:299,0
DA:306,0
DA:307,0
DA:315,0
DA:316,0
DA:317,0
DA:318,0
DA:323,0
DA:325,0
DA:326,0
DA:327,0
DA:329,0
DA:330,0
DA:331,0
DA:337,0
DA:338,0
DA:342,0
DA:343,0
DA:345,0
DA:350,0
DA:354,0
DA:355,0
DA:356,0
DA:357,0
DA:358,0
DA:360,0
DA:367,0
DA:368,0
DA:370,0
DA:371,0
DA:372,0
DA:373,0
DA:375,0
DA:379,0
DA:385,0
DA:387,0
DA:395,0
DA:396,0
DA:397,0
DA:398,0
DA:404,0
DA:428,0
DA:455,0
DA:458,0
DA:459,0
DA:460,0
DA:464,0
DA:465,0
DA:466,0
DA:469,0
DA:470,0
DA:472,0
DA:475,0
DA:476,0
DA:483,0
DA:484,0
DA:488,0
DA:492,0
DA:493,0
DA:497,0
DA:498,0
DA:502,0
DA:503,0
DA:504,0
DA:508,0
DA:509,0
DA:511,0
DA:516,0
DA:520,0
DA:521,0
DA:523,0
DA:524,0
DA:525,0
DA:526,0
DA:527,0
DA:530,0
DA:536,0
DA:538,0
DA:546,0
DA:547,0
DA:548,0
DA:549,0
DA:553,0
DA:565,0
LF:165
LH:0
BRDA:97,0,0,0
BRDA:97,0,1,0
BRDA:109,1,0,0
BRDA:109,1,1,0
BRDA:156,2,0,0
BRDA:156,2,1,0
BRDA:160,3,0,0
BRDA:161,4,0,0
BRDA:161,4,1,0
BRDA:161,4,2,0
BRDA:161,4,3,0
BRDA:188,5,0,0
BRDA:188,5,1,0
BRDA:214,6,0,0
BRDA:214,6,1,0
BRDA:88,7,0,0
BRDA:88,7,1,0
BRDA:88,8,0,0
BRDA:88,8,1,0
BRDA:245,9,0,0
BRDA:245,9,1,0
BRDA:258,10,0,0
BRDA:280,11,0,0
BRDA:299,12,0,0
BRDA:299,12,1,0
BRDA:318,13,0,0
BRDA:318,13,1,0
BRDA:329,14,0,0
BRDA:373,15,0,0
BRDA:373,15,1,0
BRDA:379,16,0,0
BRDA:380,17,0,0
BRDA:380,17,1,0
BRDA:380,17,2,0
BRDA:380,17,3,0
BRDA:418,18,0,0
BRDA:418,18,1,0
BRDA:419,19,0,0
BRDA:419,19,1,0
BRDA:435,20,0,0
BRDA:435,20,1,0
BRDA:437,21,0,0
BRDA:437,21,1,0
BRDA:442,22,0,0
BRDA:442,22,1,0
BRDA:443,23,0,0
BRDA:443,23,1,0
BRDA:234,24,0,0
BRDA:234,24,1,0
BRDA:234,25,0,0
BRDA:234,25,1,0
BRDA:469,26,0,0
BRDA:469,26,1,0
BRDA:484,27,0,0
BRDA:484,27,1,0
BRDA:526,28,0,0
BRDA:526,28,1,0
BRDA:530,29,0,0
BRDA:531,30,0,0
BRDA:531,30,1,0
BRDA:531,30,2,0
BRDA:531,30,3,0
BRDA:458,31,0,0
BRDA:458,31,1,0
BRDA:458,32,0,0
BRDA:458,32,1,0
BRF:66
BRH:0
end_of_record
TN:
SF:src/modules/credit-card/presentation/controllers/credit-card.controller.ts
FN:29,(anonymous_4)
FN:44,(anonymous_5)
FN:71,(anonymous_6)
FN:79,(anonymous_7)
FN:88,(anonymous_8)
FN:109,(anonymous_9)
FN:126,(anonymous_10)
FN:136,(anonymous_11)
FN:161,(anonymous_12)
FN:170,(anonymous_13)
FN:185,(anonymous_14)
FNF:11
FNH:0
FNDA:0,(anonymous_4)
FNDA:0,(anonymous_5)
FNDA:0,(anonymous_6)
FNDA:0,(anonymous_7)
FNDA:0,(anonymous_8)
FNDA:0,(anonymous_9)
FNDA:0,(anonymous_10)
FNDA:0,(anonymous_11)
FNDA:0,(anonymous_12)
FNDA:0,(anonymous_13)
FNDA:0,(anonymous_14)
DA:1,0
DA:14,0
DA:15,0
DA:16,0
DA:17,0
DA:19,0
DA:20,0
DA:21,0
DA:22,0
DA:28,0
DA:30,0
DA:31,0
DA:32,0
DA:33,0
DA:35,0
DA:44,0
DA:48,0
DA:60,0
DA:71,0
DA:75,0
DA:77,0
DA:79,0
DA:88,0
DA:92,0
DA:94,0
DA:95,0
DA:98,0
DA:109,0
DA:117,0
DA:124,0
DA:126,0
DA:136,0
DA:143,0
DA:149,0
DA:161,0
DA:162,0
DA:170,0
DA:179,0
DA:181,0
DA:185,0
LF:40
LH:0
BRDA:94,0,0,0
BRDA:119,1,0,0
BRDA:119,1,1,0
BRDA:120,2,0,0
BRDA:120,2,1,0
BRDA:44,3,0,0
BRDA:44,3,1,0
BRDA:44,4,0,0
BRDA:44,4,1,0
BRDA:44,5,0,0
BRDA:44,5,1,0
BRDA:44,6,0,0
BRDA:44,6,1,0
BRDA:71,7,0,0
BRDA:71,7,1,0
BRDA:71,8,0,0
BRDA:71,8,1,0
BRDA:88,9,0,0
BRDA:88,9,1,0
BRDA:88,10,0,0
BRDA:88,10,1,0
BRDA:111,11,0,0
BRDA:111,11,1,0
BRDA:111,12,0,0
BRDA:111,12,1,0
BRDA:112,13,0,0
BRDA:112,13,1,0
BRDA:112,14,0,0
BRDA:112,14,1,0
BRDA:138,15,0,0
BRDA:138,15,1,0
BRDA:138,16,0,0
BRDA:138,16,1,0
BRDA:139,17,0,0
BRDA:139,17,1,0
BRDA:139,18,0,0
BRDA:139,18,1,0
BRDA:161,19,0,0
BRDA:161,19,1,0
BRDA:161,20,0,0
BRDA:161,20,1,0
BRDA:170,21,0,0
BRDA:170,21,1,0
BRDA:170,22,0,0
BRDA:170,22,1,0
BRDA:30,23,0,0
BRDA:30,23,1,0
BRDA:30,24,0,0
BRDA:30,24,1,0
BRDA:30,25,0,0
BRDA:30,25,1,0
BRDA:30,26,0,0
BRDA:30,26,1,0
BRDA:31,27,0,0
BRDA:31,27,1,0
BRDA:31,28,0,0
BRDA:31,28,1,0
BRDA:32,29,0,0
BRDA:32,29,1,0
BRDA:32,30,0,0
BRDA:32,30,1,0
BRF:61
BRH:0
end_of_record
TN:
SF:src/modules/credit-card/presentation/dto/connect-credit-card.dto.ts
FNF:0
FNH:0
DA:1,0
DA:3,0
DA:5,0
DA:8,0
DA:11,0
DA:14,0
DA:17,0
DA:20,0
DA:23,0
DA:28,0
DA:33,0
LF:11
LH:0
BRF:0
BRH:0
end_of_record
TN:
SF:src/modules/credit-card/presentation/dto/get-payment-info.dto.ts
FNF:0
FNH:0
DA:1,0
DA:3,0
DA:6,0
DA:10,0
LF:4
LH:0
BRF:0
BRH:0
end_of_record
TN:
SF:src/modules/credit-card/presentation/dto/get-transactions.dto.ts
FNF:0
FNH:0
DA:1,0
DA:3,0
DA:6,0
DA:10,0
DA:14,0
LF:5
LH:0
BRF:0
BRH:0
end_of_record
TN:
SF:src/modules/health/health.module.ts
FNF:0
FNH:0
DA:1,0
DA:2,0
DA:5,0
DA:8,0
DA:9,0
DA:10,0
DA:13,0
DA:14,0
DA:15,0
DA:18,0
DA:19,0
DA:20,0
DA:23,0
DA:26,0
DA:27,0
DA:30,0
DA:31,0
DA:32,0
DA:75,0
LF:19
LH:0
BRF:0
BRH:0
end_of_record
TN:
SF:src/modules/health/health.tokens.ts
FNF:0
FNH:0
DA:5,0
LF:1
LH:0
BRF:0
BRH:0
end_of_record
TN:
SF:src/modules/health/application/handlers/connection-failed.handler.ts
FN:14,(anonymous_2)
FN:21,(anonymous_3)
FNF:2
FNH:0
FNDA:0,(anonymous_2)
FNDA:0,(anonymous_3)
DA:1,0
DA:2,0
DA:3,0
DA:4,0
DA:11,0
DA:12,0
DA:14,0
DA:21,0
DA:22,0
DA:24,0
DA:25,0
DA:27,0
LF:12
LH:0
BRDA:29,0,0,0
BRDA:29,0,1,0
BRDA:21,1,0,0
BRDA:21,1,1,0
BRDA:21,2,0,0
BRDA:21,2,1,0
BRDA:14,3,0,0
BRDA:14,3,1,0
BRDA:14,4,0,0
BRDA:14,4,1,0
BRF:10
BRH:0
end_of_record
TN:
SF:src/modules/health/application/services/institution-aggregation.service.ts
FN:37,(anonymous_4)
FN:56,(anonymous_5)
FN:63,(anonymous_6)
FN:83,(anonymous_7)
FN:105,(anonymous_8)
FN:130,(anonymous_9)
FN:134,(anonymous_10)
FNF:7
FNH:0
FNDA:0,(anonymous_4)
FNDA:0,(anonymous_5)
FNDA:0,(anonymous_6)
FNDA:0,(anonymous_7)
FNDA:0,(anonymous_8)
FNDA:0,(anonymous_9)
FNDA:0,(anonymous_10)
DA:1,0
DA:5,0
DA:11,0
DA:17,0
DA:34,0
DA:35,0
DA:39,0
DA:41,0
DA:43,0
DA:45,0
DA:47,0
DA:49,0
DA:57,0
DA:60,0
DA:61,0
DA:62,0
DA:63,0
DA:71,0
DA:73,0
DA:80,0
DA:81,0
DA:82,0
DA:83,0
DA:91,0
DA:95,0
DA:102,0
DA:103,0
DA:104,0
DA:105,0
DA:113,0
DA:115,0
DA:121,0
DA:123,0
DA:133,0
DA:134,0
LF:35
LH:0
BRDA:75,0,0,0
BRDA:75,0,1,0
BRDA:97,1,0,0
BRDA:97,1,1,0
BRDA:117,2,0,0
BRDA:117,2,1,0
BRDA:134,3,0,0
BRDA:134,3,1,0
BRF:8
BRH:0
end_of_record
TN:
SF:src/modules/health/application/services/notification-cleanup.service.ts
FN:22,(anonymous_4)
FN:32,(anonymous_5)
FN:57,(anonymous_6)
FN:79,(anonymous_7)
FN:88,(anonymous_8)
FN:93,(anonymous_9)
FNF:6
FNH:0
FNDA:0,(anonymous_4)
FNDA:0,(anonymous_5)
FNDA:0,(anonymous_6)
FNDA:0,(anonymous_7)
FNDA:0,(anonymous_8)
FNDA:0,(anonymous_9)
DA:1,0
DA:2,0
DA:5,0
DA:19,0
DA:20,0
DA:24,0
DA:32,0
DA:33,0
DA:35,0
DA:36,0
DA:38,0
DA:39,0
DA:40,0
DA:43,0
DA:47,0
DA:61,0
DA:63,0
DA:65,0
DA:69,0
DA:84,0
DA:85,0
DA:87,0
DA:88,0
DA:91,0
DA:92,0
DA:93,0
DA:95,0
DA:98,0
LF:28
LH:0
BRDA:38,0,0,0
BRDA:48,1,0,0
BRDA:48,1,1,0
BRDA:91,2,0,0
BRDA:32,3,0,0
BRDA:32,3,1,0
BRDA:32,4,0,0
BRDA:32,4,1,0
BRF:8
BRH:0
end_of_record
TN:
SF:src/modules/health/application/services/notification.service.ts
FN:19,(anonymous_1)
FNF:1
FNH:0
FNDA:0,(anonymous_1)
DA:1,0
DA:10,0
DA:11,0
DA:20,0
DA:29,0
DA:30,0
LF:6
LH:0
BRDA:31,0,0,0
BRDA:31,0,1,0
BRF:2
BRH:0
end_of_record
TN:
SF:src/modules/health/application/use-cases/check-connection-status.use-case.ts
FN:24,(anonymous_4)
FN:34,(anonymous_5)
FN:43,(anonymous_6)
FN:54,(anonymous_7)
FN:64,(anonymous_8)
FN:70,(anonymous_9)
FN:89,(anonymous_10)
FN:95,(anonymous_11)
FN:98,(anonymous_12)
FN:126,(anonymous_13)
FNF:10
FNH:0
FNDA:0,(anonymous_4)
FNDA:0,(anonymous_5)
FNDA:0,(anonymous_6)
FNDA:0,(anonymous_7)
FNDA:0,(anonymous_8)
FNDA:0,(anonymous_9)
FNDA:0,(anonymous_10)
FNDA:0,(anonymous_11)
FNDA:0,(anonymous_12)
FNDA:0,(anonymous_13)
DA:1,0
DA:2,0
DA:3,0
DA:5,0
DA:6,0
DA:9,0
DA:10,0
DA:21,0
DA:22,0
DA:25,0
DA:27,0
DA:28,0
DA:38,0
DA:39,0
DA:42,0
DA:43,0
DA:46,0
DA:47,0
DA:48,0
DA:53,0
DA:54,0
DA:63,0
DA:64,0
DA:69,0
DA:71,0
DA:72,0
DA:73,0
DA:76,0
DA:78,0
DA:89,0
DA:92,0
DA:95,0
DA:98,0
DA:99,0
DA:100,0
DA:101,0
DA:103,0
DA:109,0
DA:113,0
DA:115,0
DA:119,0
DA:128,0
DA:129,0
DA:133,0
DA:145,0
LF:45
LH:0
BRDA:42,0,0,0
BRDA:42,0,1,0
BRDA:46,1,0,0
BRDA:72,2,0,0
BRDA:100,3,0,0
BRDA:117,4,0,0
BRDA:117,4,1,0
BRDA:128,5,0,0
BRDA:25,6,0,0
BRDA:25,6,1,0
BRDA:25,7,0,0
BRDA:25,7,1,0
BRDA:25,8,0,0
BRDA:25,8,1,0
BRDA:25,9,0,0
BRDA:25,9,1,0
BRF:16
BRH:0
end_of_record
TN:
SF:src/modules/health/application/use-cases/get-connection-history.use-case.ts
FN:39,(anonymous_4)
FN:48,(anonymous_5)
FN:95,(anonymous_6)
FN:111,(anonymous_7)
FN:126,(anonymous_8)
FN:139,(anonymous_9)
FN:147,(anonymous_10)
FN:160,(anonymous_11)
FNF:8
FNH:0
FNDA:0,(anonymous_4)
FNDA:0,(anonymous_5)
FNDA:0,(anonymous_6)
FNDA:0,(anonymous_7)
FNDA:0,(anonymous_8)
FNDA:0,(anonymous_9)
FNDA:0,(anonymous_10)
FNDA:0,(anonymous_11)
DA:1,0
DA:3,0
DA:9,0
DA:36,0
DA:37,0
DA:41,0
DA:51,0
DA:55,0
DA:56,0
DA:58,0
DA:59,0
DA:62,0
DA:65,0
DA:66,0
DA:70,0
DA:71,0
DA:73,0
DA:76,0
DA:87,0
DA:90,0
DA:93,0
DA:94,0
DA:96,0
DA:101,0
DA:102,0
DA:106,0
DA:108,0
DA:109,0
DA:110,0
DA:111,0
DA:114,0
DA:115,0
DA:120,0
DA:121,0
DA:124,0
DA:126,0
DA:128,0
DA:132,0
DA:140,0
DA:141,0
DA:143,0
DA:145,0
DA:147,0
DA:149,0
DA:153,0
DA:162,0
DA:163,0
DA:167,0
DA:180,0
LF:49
LH:0
BRDA:55,0,0,0
BRDA:55,0,1,0
BRDA:56,1,0,0
BRDA:56,1,1,0
BRDA:62,2,0,0
BRDA:62,2,1,0
BRDA:70,3,0,0
BRDA:70,3,1,0
BRDA:70,4,0,0
BRDA:70,4,1,0
BRDA:71,5,0,0
BRDA:71,5,1,0
BRDA:96,6,0,0
BRDA:96,6,1,0
BRDA:101,7,0,0
BRDA:101,8,0,0
BRDA:101,8,1,0
BRDA:106,9,0,0
BRDA:106,9,1,0
BRDA:114,10,0,0
BRDA:114,11,0,0
BRDA:114,11,1,0
BRDA:130,12,0,0
BRDA:130,12,1,0
BRDA:151,13,0,0
BRDA:151,13,1,0
BRDA:162,14,0,0
BRF:27
BRH:0
end_of_record
TN:
SF:src/modules/health/application/use-cases/scheduled-connection-check.use-case.ts
FN:19,(anonymous_2)
FN:29,(anonymous_3)
FN:57,(anonymous_4)
FN:82,(anonymous_5)
FN:110,(anonymous_6)
FNF:5
FNH:0
FNDA:0,(anonymous_2)
FNDA:0,(anonymous_3)
FNDA:0,(anonymous_4)
FNDA:0,(anonymous_5)
FNDA:0,(anonymous_6)
DA:1,0
DA:2,0
DA:3,0
DA:7,0
DA:15,0
DA:16,0
DA:17,0
DA:20,0
DA:21,0
DA:29,0
DA:31,0
DA:32,0
DA:33,0
DA:36,0
DA:37,0
DA:38,0
DA:42,0
DA:44,0
DA:45,0
DA:48,0
DA:52,0
DA:57,0
DA:59,0
DA:60,0
DA:65,0
DA:70,0
DA:75,0
DA:83,0
DA:84,0
DA:85,0
DA:88,0
DA:89,0
DA:90,0
DA:93,0
DA:95,0
DA:97,0
DA:101,0
DA:103,0
DA:111,0
LF:39
LH:0
BRDA:31,0,0,0
BRDA:44,1,0,0
BRDA:59,2,0,0
BRDA:59,2,1,0
BRDA:72,3,0,0
BRDA:72,3,1,0
BRDA:83,4,0,0
BRDA:99,5,0,0
BRDA:99,5,1,0
BRDA:29,6,0,0
BRDA:29,6,1,0
BRDA:29,7,0,0
BRDA:29,7,1,0
BRDA:20,8,0,0
BRDA:20,8,1,0
BRDA:20,9,0,0
BRDA:20,9,1,0
BRDA:20,10,0,0
BRDA:20,10,1,0
BRDA:20,11,0,0
BRDA:20,11,1,0
BRF:21
BRH:0
end_of_record
TN:
SF:src/modules/health/domain/entities/connection-history.entity.ts
FN:9,(anonymous_0)
FN:24,(anonymous_1)
FN:50,(anonymous_2)
FN:77,(anonymous_3)
FN:94,(anonymous_4)
FN:101,(anonymous_5)
FNF:6
FNH:0
FNDA:0,(anonymous_0)
FNDA:0,(anonymous_1)
FNDA:0,(anonymous_2)
FNDA:0,(anonymous_3)
FNDA:0,(anonymous_4)
FNDA:0,(anonymous_5)
DA:1,0
DA:2,0
DA:8,0
DA:10,0
DA:11,0
DA:12,0
DA:13,0
DA:14,0
DA:15,0
DA:16,0
DA:17,0
DA:18,0
DA:34,0
DA:61,0
DA:78,0
DA:95,0
DA:102,0
LF:17
LH:0
BRDA:103,0,0,0
BRDA:103,0,1,0
BRF:2
BRH:0
end_of_record
TN:
SF:src/modules/health/domain/entities/notification.entity.ts
FN:9,(anonymous_0)
FN:22,(anonymous_1)
FN:43,(anonymous_2)
FN:60,(anonymous_3)
FN:83,(anonymous_4)
FN:93,(anonymous_5)
FNF:6
FNH:0
FNDA:0,(anonymous_0)
FNDA:0,(anonymous_1)
FNDA:0,(anonymous_2)
FNDA:0,(anonymous_3)
FNDA:0,(anonymous_4)
FNDA:0,(anonymous_5)
DA:5,0
DA:6,0
DA:7,0
DA:10,0
DA:11,0
DA:12,0
DA:13,0
DA:14,0
DA:15,0
DA:16,0
DA:28,0
DA:29,0
DA:44,0
DA:61,0
DA:63,0
DA:66,0
DA:71,0
DA:76,0
DA:85,0
DA:86,0
DA:93,0
DA:95,0
DA:97,0
DA:99,0
DA:101,0
DA:103,0
DA:105,0
LF:27
LH:0
BRDA:63,0,0,0
BRDA:63,0,1,0
BRDA:63,0,2,0
BRDA:63,0,3,0
BRDA:63,0,4,0
BRDA:63,0,5,0
BRDA:63,0,6,0
BRDA:93,1,0,0
BRDA:93,1,1,0
BRF:9
BRH:0
end_of_record
TN:
SF:src/modules/health/domain/events/connection-failed.event.ts
FN:8,(anonymous_0)
FNF:1
FNH:0
FNDA:0,(anonymous_0)
DA:7,0
DA:9,0
DA:10,0
LF:3
LH:0
BRF:0
BRH:0
end_of_record
TN:
SF:src/modules/health/domain/repositories/connection-history.repository.interface.ts
FNF:0
FNH:0
DA:6,0
LF:1
LH:0
BRF:0
BRH:0
end_of_record
TN:
SF:src/modules/health/domain/types/connection.types.ts
FN:22,isPublicConnectionStatus
FNF:1
FNH:0
FNDA:0,isPublicConnectionStatus
DA:22,0
DA:25,0
LF:2
LH:0
BRF:0
BRH:0
end_of_record
TN:
SF:src/modules/health/domain/value-objects/connection-check-result.vo.ts
FN:8,(anonymous_0)
FN:20,(anonymous_1)
FN:27,(anonymous_2)
FN:34,(anonymous_3)
FN:45,(anonymous_4)
FNF:5
FNH:0
FNDA:0,(anonymous_0)
FNDA:0,(anonymous_1)
FNDA:0,(anonymous_2)
FNDA:0,(anonymous_3)
FNDA:0,(anonymous_4)
DA:1,0
DA:7,0
DA:9,0
DA:10,0
DA:11,0
DA:12,0
DA:13,0
DA:14,0
DA:21,0
DA:28,0
DA:35,0
DA:46,0
LF:12
LH:0
BRDA:36,0,0,0
BRDA:36,0,1,0
BRF:2
BRH:0
end_of_record
TN:
SF:src/modules/health/domain/value-objects/connection-status.enum.ts
FN:5,(anonymous_0)
FNF:1
FNH:0
FNDA:0,(anonymous_0)
DA:5,0
DA:7,0
DA:9,0
DA:11,0
DA:13,0
LF:5
LH:0
BRDA:5,0,0,0
BRDA:5,0,1,0
BRF:2
BRH:0
end_of_record
TN:
SF:src/modules/health/infrastructure/repositories/connection-history.repository.ts
FN:42,(anonymous_2)
FN:50,(anonymous_3)
FN:56,(anonymous_4)
FN:61,(anonymous_5)
FN:64,(anonymous_6)
FN:87,(anonymous_7)
FN:93,(anonymous_8)
FN:118,(anonymous_9)
FN:126,(anonymous_10)
FN:128,(anonymous_11)
FN:153,(anonymous_12)
FN:171,(anonymous_13)
FN:190,(anonymous_14)
FN:199,(anonymous_15)
FN:208,(anonymous_16)
FN:212,(anonymous_17)
FN:222,(anonymous_18)
FN:227,(anonymous_19)
FN:233,(anonymous_20)
FN:243,(anonymous_21)
FN:250,(anonymous_22)
FN:276,(anonymous_23)
FN:291,(anonymous_24)
FN:311,(anonymous_25)
FN:319,(anonymous_26)
FN:336,(anonymous_27)
FNF:26
FNH:0
FNDA:0,(anonymous_2)
FNDA:0,(anonymous_3)
FNDA:0,(anonymous_4)
FNDA:0,(anonymous_5)
FNDA:0,(anonymous_6)
FNDA:0,(anonymous_7)
FNDA:0,(anonymous_8)
FNDA:0,(anonymous_9)
FNDA:0,(anonymous_10)
FNDA:0,(anonymous_11)
FNDA:0,(anonymous_12)
FNDA:0,(anonymous_13)
FNDA:0,(anonymous_14)
FNDA:0,(anonymous_15)
FNDA:0,(anonymous_16)
FNDA:0,(anonymous_17)
FNDA:0,(anonymous_18)
FNDA:0,(anonymous_19)
FNDA:0,(anonymous_20)
FNDA:0,(anonymous_21)
FNDA:0,(anonymous_22)
FNDA:0,(anonymous_23)
FNDA:0,(anonymous_24)
FNDA:0,(anonymous_25)
FNDA:0,(anonymous_26)
FNDA:0,(anonymous_27)
DA:1,0
DA:2,0
DA:3,0
DA:4,0
DA:34,0
DA:35,0
DA:39,0
DA:40,0
DA:44,0
DA:52,0
DA:56,0
DA:57,0
DA:61,0
DA:65,0
DA:66,0
DA:67,0
DA:69,0
DA:70,0
DA:71,0
DA:73,0
DA:75,0
DA:77,0
DA:81,0
DA:83,0
DA:88,0
DA:89,0
DA:90,0
DA:92,0
DA:93,0
DA:94,0
DA:95,0
DA:97,0
DA:99,0
DA:101,0
DA:105,0
DA:107,0
DA:121,0
DA:122,0
DA:125,0
DA:126,0
DA:129,0
DA:132,0
DA:133,0
DA:136,0
DA:138,0
DA:142,0
DA:154,0
DA:155,0
DA:158,0
DA:160,0
DA:161,0
DA:163,0
DA:167,0
DA:171,0
DA:172,0
DA:175,0
DA:179,0
DA:195,0
DA:196,0
DA:198,0
DA:200,0
DA:201,0
DA:209,0
DA:212,0
DA:214,0
DA:218,0
DA:223,0
DA:224,0
DA:226,0
DA:228,0
DA:231,0
DA:233,0
DA:235,0
DA:239,0
DA:244,0
DA:245,0
DA:246,0
DA:247,0
DA:249,0
DA:250,0
DA:253,0
DA:255,0
DA:256,0
DA:257,0
DA:258,0
DA:261,0
DA:263,0
DA:267,0
DA:269,0
DA:277,0
DA:278,0
DA:280,0
DA:284,0
DA:292,0
DA:293,0
DA:294,0
DA:295,0
DA:298,0
DA:299,0
DA:304,0
DA:312,0
DA:313,0
DA:320,0
DA:337,0
LF:104
LH:0
BRDA:79,0,0,0
BRDA:79,0,1,0
BRDA:103,1,0,0
BRDA:103,1,1,0
BRDA:132,2,0,0
BRDA:140,3,0,0
BRDA:140,3,1,0
BRDA:163,4,0,0
BRDA:164,5,0,0
BRDA:164,5,1,0
BRDA:177,6,0,0
BRDA:177,6,1,0
BRDA:202,7,0,0
BRDA:202,7,1,0
BRDA:202,7,2,0
BRDA:216,8,0,0
BRDA:216,8,1,0
BRDA:231,9,0,0
BRDA:231,9,1,0
BRDA:237,10,0,0
BRDA:237,10,1,0
BRDA:255,11,0,0
BRDA:265,12,0,0
BRDA:265,12,1,0
BRDA:282,13,0,0
BRDA:282,13,1,0
BRDA:298,14,0,0
BRF:27
BRH:0
end_of_record
TN:
SF:src/modules/health/infrastructure/repositories/notification.repository.ts
FN:32,(anonymous_11)
FN:45,(anonymous_12)
FN:50,(anonymous_13)
FN:66,(anonymous_14)
FN:69,(anonymous_15)
FN:77,(anonymous_16)
FN:105,(anonymous_17)
FN:127,(anonymous_18)
FN:130,(anonymous_19)
FN:139,(anonymous_20)
FN:143,(anonymous_21)
FN:152,(anonymous_22)
FN:159,(anonymous_23)
FN:186,(anonymous_24)
FNF:14
FNH:0
FNDA:0,(anonymous_11)
FNDA:0,(anonymous_12)
FNDA:0,(anonymous_13)
FNDA:0,(anonymous_14)
FNDA:0,(anonymous_15)
FNDA:0,(anonymous_16)
FNDA:0,(anonymous_17)
FNDA:0,(anonymous_18)
FNDA:0,(anonymous_19)
FNDA:0,(anonymous_20)
FNDA:0,(anonymous_21)
FNDA:0,(anonymous_22)
FNDA:0,(anonymous_23)
FNDA:0,(anonymous_24)
DA:1,0
DA:2,0
DA:3,0
DA:5,0
DA:28,0
DA:29,0
DA:34,0
DA:46,0
DA:49,0
DA:50,0
DA:53,0
DA:54,0
DA:56,0
DA:59,0
DA:60,0
DA:67,0
DA:68,0
DA:69,0
DA:71,0
DA:78,0
DA:80,0
DA:83,0
DA:84,0
DA:86,0
DA:89,0
DA:91,0
DA:92,0
DA:95,0
DA:97,0
DA:98,0
DA:99,0
DA:102,0
DA:104,0
DA:106,0
DA:117,0
DA:120,0
DA:128,0
DA:129,0
DA:130,0
DA:133,0
DA:140,0
DA:141,0
DA:142,0
DA:143,0
DA:146,0
DA:155,0
DA:156,0
DA:158,0
DA:159,0
DA:170,0
DA:176,0
DA:179,0
DA:187,0
DA:188,0
DA:189,0
DA:191,0
LF:56
LH:0
BRDA:53,0,0,0
BRDA:53,0,1,0
BRDA:71,1,0,0
BRDA:71,1,1,0
BRDA:91,2,0,0
BRDA:97,3,0,0
BRDA:118,4,0,0
BRDA:118,4,1,0
BRDA:177,5,0,0
BRDA:177,5,1,0
BRF:10
BRH:0
end_of_record
TN:
SF:src/modules/health/infrastructure/services/connection-checker.service.ts
FN:23,(anonymous_2)
FN:44,(anonymous_3)
FN:132,(anonymous_4)
FN:141,(anonymous_5)
FN:155,(anonymous_6)
FN:200,(anonymous_7)
FN:201,(anonymous_8)
FN:202,(anonymous_9)
FNF:8
FNH:0
FNDA:0,(anonymous_2)
FNDA:0,(anonymous_3)
FNDA:0,(anonymous_4)
FNDA:0,(anonymous_5)
FNDA:0,(anonymous_6)
FNDA:0,(anonymous_7)
FNDA:0,(anonymous_8)
FNDA:0,(anonymous_9)
DA:1,0
DA:2,0
DA:3,0
DA:4,0
DA:5,0
DA:16,0
DA:17,0
DA:23,0
DA:24,0
DA:28,0
DA:32,0
DA:49,0
DA:50,0
DA:52,0
DA:53,0
DA:58,0
DA:63,0
DA:65,0
DA:66,0
DA:69,0
DA:70,0
DA:75,0
DA:81,0
DA:82,0
DA:84,0
DA:93,0
DA:97,0
DA:107,0
DA:109,0
DA:115,0
DA:117,0
DA:135,0
DA:138,0
DA:139,0
DA:140,0
DA:142,0
DA:145,0
DA:148,0
DA:164,0
DA:167,0
DA:169,0
DA:177,0
DA:178,0
DA:179,0
DA:188,0
DA:201,0
DA:202,0
DA:203,0
LF:48
LH:0
BRDA:65,0,0,0
BRDA:65,0,1,0
BRDA:69,1,0,0
BRDA:81,2,0,0
BRDA:81,2,1,0
BRDA:89,3,0,0
BRDA:89,3,1,0
BRDA:90,4,0,0
BRDA:90,4,1,0
BRDA:102,5,0,0
BRDA:102,5,1,0
BRDA:103,6,0,0
BRDA:103,6,1,0
BRDA:111,7,0,0
BRDA:111,7,1,0
BRDA:115,8,0,0
BRDA:115,8,1,0
BRDA:122,9,0,0
BRDA:122,9,1,0
BRDA:123,10,0,0
BRDA:123,10,1,0
BRDA:171,11,0,0
BRDA:171,11,1,0
BRDA:173,12,0,0
BRDA:173,12,1,0
BRDA:177,13,0,0
BRDA:178,14,0,0
BRDA:178,15,0,0
BRDA:178,15,1,0
BRDA:191,16,0,0
BRDA:191,16,1,0
BRDA:23,17,0,0
BRDA:23,17,1,0
BRDA:23,18,0,0
BRDA:23,18,1,0
BRF:35
BRH:0
end_of_record
TN:
SF:src/modules/health/presentation/controllers/health.controller.ts
FN:38,(anonymous_4)
FN:49,(anonymous_5)
FN:75,(anonymous_6)
FN:79,(anonymous_7)
FN:102,(anonymous_8)
FN:117,(anonymous_9)
FN:137,(anonymous_10)
FN:145,(anonymous_11)
FN:163,(anonymous_12)
FN:181,(anonymous_13)
FNF:10
FNH:0
FNDA:0,(anonymous_4)
FNDA:0,(anonymous_5)
FNDA:0,(anonymous_6)
FNDA:0,(anonymous_7)
FNDA:0,(anonymous_8)
FNDA:0,(anonymous_9)
FNDA:0,(anonymous_10)
FNDA:0,(anonymous_11)
FNDA:0,(anonymous_12)
FNDA:0,(anonymous_13)
DA:1,0
DA:10,0
DA:12,0
DA:16,0
DA:21,0
DA:28,0
DA:35,0
DA:36,0
DA:39,0
DA:40,0
DA:41,0
DA:49,0
DA:52,0
DA:53,0
DA:57,0
DA:59,0
DA:60,0
DA:70,0
DA:75,0
DA:76,0
DA:78,0
DA:79,0
DA:86,0
DA:90,0
DA:102,0
DA:106,0
DA:107,0
DA:109,0
DA:116,0
DA:117,0
DA:121,0
DA:125,0
DA:137,0
DA:138,0
DA:139,0
DA:142,0
DA:144,0
DA:145,0
DA:149,0
DA:153,0
DA:166,0
DA:184,0
LF:42
LH:0
BRDA:59,0,0,0
BRDA:88,1,0,0
BRDA:88,1,1,0
BRDA:111,2,0,0
BRDA:111,2,1,0
BRDA:112,3,0,0
BRDA:112,3,1,0
BRDA:123,4,0,0
BRDA:123,4,1,0
BRDA:151,5,0,0
BRDA:151,5,1,0
BRDA:50,6,0,0
BRDA:50,6,1,0
BRDA:50,7,0,0
BRDA:50,7,1,0
BRDA:51,8,0,0
BRDA:51,8,1,0
BRDA:51,9,0,0
BRDA:51,9,1,0
BRDA:104,10,0,0
BRDA:104,10,1,0
BRDA:104,11,0,0
BRDA:104,11,1,0
BRDA:105,12,0,0
BRDA:105,12,1,0
BRDA:105,13,0,0
BRDA:105,13,1,0
BRDA:137,14,0,0
BRDA:137,14,1,0
BRDA:137,15,0,0
BRDA:137,15,1,0
BRDA:39,16,0,0
BRDA:39,16,1,0
BRDA:39,17,0,0
BRDA:39,17,1,0
BRDA:39,18,0,0
BRDA:39,18,1,0
BRDA:39,19,0,0
BRDA:39,19,1,0
BRDA:40,20,0,0
BRDA:40,20,1,0
BRDA:40,21,0,0
BRDA:40,21,1,0
BRF:43
BRH:0
end_of_record
TN:
SF:src/modules/health/presentation/dto/check-connection.dto.ts
FNF:0
FNH:0
DA:1,0
DA:10,0
DA:13,0
LF:3
LH:0
BRF:0
BRH:0
end_of_record
TN:
SF:src/modules/health/presentation/dto/get-connection-history.dto.ts
FN:32,(anonymous_2)
FN:37,(anonymous_3)
FNF:2
FNH:0
FNDA:0,(anonymous_2)
FNDA:0,(anonymous_3)
DA:1,0
DA:8,0
DA:17,0
DA:20,0
DA:24,0
DA:28,0
DA:32,0
DA:33,0
DA:37,0
DA:38,0
LF:10
LH:0
BRF:0
BRH:0
end_of_record
TN:
SF:src/modules/institution/institution.module.ts
FN:36,(anonymous_1)
FNF:1
FNH:0
FNDA:0,(anonymous_1)
DA:1,0
DA:2,0
DA:3,0
DA:4,0
DA:5,0
DA:6,0
DA:7,0
DA:8,0
DA:9,0
DA:10,0
DA:11,0
DA:12,0
DA:13,0
DA:36,0
DA:46,0
LF:15
LH:0
BRF:0
BRH:0
end_of_record
TN:
SF:src/modules/institution/institution.tokens.ts
FNF:0
FNH:0
DA:5,0
DA:6,0
DA:7,0
LF:3
LH:0
BRF:0
BRH:0
end_of_record
TN:
SF:src/modules/institution/application/use-cases/create-institution.use-case.ts
FN:23,(anonymous_4)
FN:30,(anonymous_5)
FNF:2
FNH:0
FNDA:0,(anonymous_4)
FNDA:0,(anonymous_5)
DA:1,0
DA:2,0
DA:3,0
DA:7,0
DA:22,0
DA:25,0
DA:27,0
DA:31,0
DA:34,0
DA:35,0
DA:37,0
DA:49,0
LF:12
LH:0
BRF:0
BRH:0
end_of_record
TN:
SF:src/modules/institution/application/use-cases/get-institutions.use-case.ts
FN:17,(anonymous_4)
FN:22,(anonymous_5)
FNF:2
FNH:0
FNDA:0,(anonymous_4)
FNDA:0,(anonymous_5)
DA:1,0
DA:5,0
DA:16,0
DA:19,0
DA:24,0
DA:25,0
DA:29,0
DA:30,0
DA:36,0
LF:9
LH:0
BRDA:24,0,0,0
BRDA:29,1,0,0
BRF:2
BRH:0
end_of_record
TN:
SF:src/modules/institution/application/use-cases/get-supported-banks.use-case.ts
FN:15,(anonymous_1)
FN:20,(anonymous_2)
FN:27,(anonymous_3)
FN:34,(anonymous_4)
FN:40,(anonymous_5)
FN:41,(anonymous_6)
FNF:6
FNH:0
FNDA:0,(anonymous_1)
FNDA:0,(anonymous_2)
FNDA:0,(anonymous_3)
FNDA:0,(anonymous_4)
FNDA:0,(anonymous_5)
FNDA:0,(anonymous_6)
DA:1,0
DA:3,0
DA:14,0
DA:16,0
DA:19,0
DA:20,0
DA:24,0
DA:25,0
DA:26,0
DA:28,0
DA:34,0
DA:41,0
DA:42,0
LF:13
LH:0
BRDA:19,0,0,0
BRDA:24,1,0,0
BRDA:28,2,0,0
BRDA:28,2,1,0
BRDA:42,3,0,0
BRDA:42,3,1,0
BRDA:42,4,0,0
BRDA:42,4,1,0
BRF:8
BRH:0
end_of_record
TN:
SF:src/modules/institution/application/use-cases/test-bank-connection.use-case.ts
FN:20,(anonymous_4)
FN:25,(anonymous_5)
FNF:2
FNH:0
FNDA:0,(anonymous_4)
FNDA:0,(anonymous_5)
DA:1,0
DA:4,0
DA:5,0
DA:19,0
DA:22,0
DA:26,0
DA:28,0
DA:37,0
DA:39,0
DA:42,0
DA:43,0
DA:51,0
LF:12
LH:0
BRDA:42,0,0,0
BRDA:53,1,0,0
BRDA:53,1,1,0
BRF:3
BRH:0
end_of_record
TN:
SF:src/modules/institution/domain/entities/account.entity.ts
FN:15,(anonymous_0)
FN:26,(anonymous_1)
FN:55,(anonymous_2)
FN:69,(anonymous_3)
FN:76,(anonymous_4)
FN:83,(anonymous_5)
FNF:6
FNH:0
FNDA:0,(anonymous_0)
FNDA:0,(anonymous_1)
FNDA:0,(anonymous_2)
FNDA:0,(anonymous_3)
FNDA:0,(anonymous_4)
FNDA:0,(anonymous_5)
DA:14,0
DA:16,0
DA:17,0
DA:18,0
DA:19,0
DA:20,0
DA:21,0
DA:23,0
DA:27,0
DA:28,0
DA:31,0
DA:32,0
DA:35,0
DA:36,0
DA:39,0
DA:40,0
DA:43,0
DA:44,0
DA:47,0
DA:48,0
DA:56,0
DA:70,0
DA:77,0
DA:84,0
LF:24
LH:0
BRDA:27,0,0,0
BRDA:31,1,0,0
BRDA:35,2,0,0
BRDA:39,3,0,0
BRDA:43,4,0,0
BRDA:43,5,0,0
BRDA:43,5,1,0
BRDA:47,6,0,0
BRF:8
BRH:0
end_of_record
TN:
SF:src/modules/institution/domain/entities/institution.entity.ts
FN:22,(anonymous_0)
FN:36,(anonymous_1)
FN:57,(anonymous_2)
FN:64,(anonymous_3)
FN:71,(anonymous_4)
FN:78,(anonymous_5)
FN:95,(anonymous_6)
FN:112,(anonymous_7)
FN:129,(anonymous_8)
FN:147,(anonymous_9)
FN:151,(anonymous_10)
FN:170,(anonymous_11)
FN:172,(anonymous_12)
FN:190,(anonymous_13)
FN:198,(anonymous_14)
FNF:15
FNH:0
FNDA:0,(anonymous_0)
FNDA:0,(anonymous_1)
FNDA:0,(anonymous_2)
FNDA:0,(anonymous_3)
FNDA:0,(anonymous_4)
FNDA:0,(anonymous_5)
FNDA:0,(anonymous_6)
FNDA:0,(anonymous_7)
FNDA:0,(anonymous_8)
FNDA:0,(anonymous_9)
FNDA:0,(anonymous_10)
FNDA:0,(anonymous_11)
FNDA:0,(anonymous_12)
FNDA:0,(anonymous_13)
FNDA:0,(anonymous_14)
DA:1,0
DA:21,0
DA:23,0
DA:24,0
DA:25,0
DA:26,0
DA:27,0
DA:28,0
DA:29,0
DA:30,0
DA:31,0
DA:33,0
DA:37,0
DA:38,0
DA:41,0
DA:42,0
DA:45,0
DA:46,0
DA:49,0
DA:50,0
DA:58,0
DA:65,0
DA:72,0
DA:79,0
DA:96,0
DA:113,0
DA:130,0
DA:131,0
DA:151,0
DA:152,0
DA:154,0
DA:171,0
DA:172,0
DA:174,0
DA:191,0
DA:198,0
LF:36
LH:0
BRDA:37,0,0,0
BRDA:41,1,0,0
BRDA:45,2,0,0
BRDA:49,3,0,0
BRDA:152,4,0,0
BRDA:152,4,1,0
BRF:6
BRH:0
end_of_record
TN:
SF:src/modules/institution/domain/errors/bank-connection.error.ts
FN:6,(anonymous_0)
FN:16,(anonymous_1)
FN:29,(anonymous_2)
FN:37,(anonymous_3)
FN:45,(anonymous_4)
FN:53,(anonymous_5)
FN:61,(anonymous_6)
FN:69,(anonymous_7)
FN:80,(anonymous_8)
FNF:9
FNH:0
FNDA:0,(anonymous_0)
FNDA:0,(anonymous_1)
FNDA:0,(anonymous_2)
FNDA:0,(anonymous_3)
FNDA:0,(anonymous_4)
FNDA:0,(anonymous_5)
FNDA:0,(anonymous_6)
FNDA:0,(anonymous_7)
FNDA:0,(anonymous_8)
DA:6,0
DA:7,0
DA:8,0
DA:9,0
DA:10,0
DA:11,0
DA:12,0
DA:15,0
DA:17,0
DA:19,0
DA:21,0
DA:22,0
DA:23,0
DA:30,0
DA:38,0
DA:46,0
DA:54,0
DA:62,0
DA:70,0
DA:86,0
LF:20
LH:0
BRDA:6,0,0,0
BRDA:6,0,1,0
BRF:2
BRH:0
end_of_record
TN:
SF:src/modules/institution/domain/value-objects/encrypted-credentials.vo.ts
FN:14,(anonymous_0)
FN:24,(anonymous_1)
FN:49,(anonymous_2)
FN:62,(anonymous_3)
FNF:4
FNH:0
FNDA:0,(anonymous_0)
FNDA:0,(anonymous_1)
FNDA:0,(anonymous_2)
FNDA:0,(anonymous_3)
DA:13,0
DA:15,0
DA:16,0
DA:17,0
DA:18,0
DA:19,0
DA:21,0
DA:25,0
DA:26,0
DA:29,0
DA:30,0
DA:33,0
DA:34,0
DA:37,0
DA:38,0
DA:41,0
DA:42,0
DA:50,0
DA:63,0
LF:19
LH:0
BRDA:18,0,0,0
BRDA:19,1,0,0
BRDA:25,2,0,0
BRDA:29,3,0,0
BRDA:33,4,0,0
BRDA:37,5,0,0
BRDA:41,6,0,0
BRDA:51,7,0,0
BRDA:51,7,1,0
BRDA:51,7,2,0
BRDA:51,7,3,0
BRDA:51,7,4,0
BRF:12
BRH:0
end_of_record
TN:
SF:src/modules/institution/infrastructure/adapters/mock-bank-api.adapter.ts
FN:21,(anonymous_2)
FN:25,(anonymous_3)
FN:34,(anonymous_4)
FN:50,(anonymous_5)
FN:83,(anonymous_6)
FN:102,(anonymous_7)
FN:147,(anonymous_8)
FNF:7
FNH:0
FNDA:0,(anonymous_2)
FNDA:0,(anonymous_3)
FNDA:0,(anonymous_4)
[...]
FN:20,(anonymous_4)
FN:25,(anonymous_5)
FN:31,(anonymous_6)
FN:37,(anonymous_7)
FN:42,(anonymous_8)
FN:51,(anonymous_9)
FN:54,(anonymous_10)
FN:59,(anonymous_11)
FN:62,(anonymous_12)
FN:68,(anonymous_13)
FN:71,(anonymous_14)
FN:102,(anonymous_15)
FN:105,(anonymous_16)
FN:128,(anonymous_17)
FN:135,(anonymous_18)
FN:140,(anonymous_19)
FN:143,(anonymous_20)
FN:159,(anonymous_21)
FN:181,(anonymous_22)
FNF:19
FNH:0
FNDA:0,(anonymous_4)
FNDA:0,(anonymous_5)
FNDA:0,(anonymous_6)
FNDA:0,(anonymous_7)
FNDA:0,(anonymous_8)
FNDA:0,(anonymous_9)
FNDA:0,(anonymous_10)
FNDA:0,(anonymous_11)
FNDA:0,(anonymous_12)
FNDA:0,(anonymous_13)
FNDA:0,(anonymous_14)
FNDA:0,(anonymous_15)
FNDA:0,(anonymous_16)
FNDA:0,(anonymous_17)
FNDA:0,(anonymous_18)
FNDA:0,(anonymous_19)
FNDA:0,(anonymous_20)
FNDA:0,(anonymous_21)
FNDA:0,(anonymous_22)
DA:1,0
DA:2,0
DA:3,0
DA:5,0
DA:6,0
DA:7,0
DA:19,0
DA:22,0
DA:26,0
DA:27,0
DA:28,0
DA:32,0
DA:33,0
DA:34,0
DA:38,0
DA:39,0
DA:46,0
DA:51,0
DA:55,0
DA:59,0
DA:63,0
DA:68,0
DA:81,0
DA:83,0
DA:84,0
DA:87,0
DA:88,0
DA:91,0
DA:92,0
DA:95,0
DA:102,0
DA:111,0
DA:113,0
DA:114,0
DA:117,0
DA:118,0
DA:121,0
DA:122,0
DA:125,0
DA:129,0
DA:132,0
DA:136,0
DA:140,0
DA:146,0
DA:153,0
DA:160,0
DA:182,0
DA:183,0
DA:184,0
DA:185,0
DA:186,0
DA:187,0
DA:188,0
DA:189,0
DA:190,0
DA:191,0
DA:192,0
DA:193,0
DA:194,0
DA:195,0
DA:196,0
DA:197,0
LF:62
LH:0
BRDA:39,0,0,0
BRDA:39,0,1,0
BRDA:44,1,0,0
BRDA:62,2,0,0
BRDA:62,3,0,0
BRDA:78,4,0,0
BRDA:79,5,0,0
BRDA:83,6,0,0
BRDA:87,7,0,0
BRDA:91,8,0,0
BRDA:91,9,0,0
BRDA:91,9,1,0
BRDA:113,10,0,0
BRDA:117,11,0,0
BRDA:121,12,0,0
BRDA:121,13,0,0
BRDA:121,13,1,0
BRDA:132,14,0,0
BRDA:132,14,1,0
BRDA:153,15,0,0
BRDA:153,15,1,0
BRDA:22,16,0,0
BRDA:22,16,1,0
BRDA:22,17,0,0
BRDA:22,17,1,0
BRF:25
BRH:0
end_of_record
TN:
SF:src/modules/sync/presentation/controllers/sync.controller.ts
FN:44,(anonymous_4)
FN:61,(anonymous_5)
FN:72,(anonymous_6)
FN:110,(anonymous_7)
FN:135,(anonymous_8)
FN:152,(anonymous_9)
FN:191,(anonymous_10)
FN:210,(anonymous_11)
FN:239,(anonymous_12)
FNF:9
FNH:0
FNDA:0,(anonymous_4)
FNDA:0,(anonymous_5)
FNDA:0,(anonymous_6)
FNDA:0,(anonymous_7)
FNDA:0,(anonymous_8)
FNDA:0,(anonymous_9)
FNDA:0,(anonymous_10)
FNDA:0,(anonymous_11)
FNDA:0,(anonymous_12)
DA:1,0
DA:13,0
DA:14,0
DA:15,0
DA:16,0
DA:17,0
DA:41,0
DA:42,0
DA:45,0
DA:46,0
DA:47,0
DA:48,0
DA:61,0
DA:64,0
DA:66,0
DA:72,0
DA:87,0
DA:110,0
DA:111,0
DA:113,0
DA:115,0
DA:135,0
DA:138,0
DA:142,0
DA:152,0
DA:169,0
DA:191,0
DA:192,0
DA:194,0
DA:196,0
DA:210,0
DA:211,0
DA:218,0
DA:239,0
DA:242,0
DA:249,0
LF:36
LH:0
BRDA:79,0,0,0
BRDA:79,0,1,0
BRDA:120,1,0,0
BRDA:120,1,1,0
BRDA:139,2,0,0
BRDA:139,2,1,0
BRDA:139,3,0,0
BRDA:139,3,1,0
BRDA:145,4,0,0
BRDA:145,4,1,0
BRDA:146,5,0,0
BRDA:146,5,1,0
BRDA:159,6,0,0
BRDA:159,6,1,0
BRDA:254,7,0,0
BRDA:254,7,1,0
BRDA:62,8,0,0
BRDA:62,8,1,0
BRDA:62,9,0,0
BRDA:62,9,1,0
BRDA:63,10,0,0
BRDA:63,10,1,0
BRDA:63,11,0,0
BRDA:63,11,1,0
BRDA:110,12,0,0
BRDA:110,12,1,0
BRDA:110,13,0,0
BRDA:110,13,1,0
BRDA:136,14,0,0
BRDA:136,14,1,0
BRDA:136,15,0,0
BRDA:136,15,1,0
BRDA:137,16,0,0
BRDA:137,16,1,0
BRDA:137,17,0,0
BRDA:137,17,1,0
BRDA:191,18,0,0
BRDA:191,18,1,0
BRDA:191,19,0,0
BRDA:191,19,1,0
BRDA:240,20,0,0
BRDA:240,20,1,0
BRDA:240,21,0,0
BRDA:240,21,1,0
BRDA:45,22,0,0
BRDA:45,22,1,0
BRDA:45,23,0,0
BRDA:45,23,1,0
BRDA:45,24,0,0
BRDA:45,24,1,0
BRDA:45,25,0,0
BRDA:45,25,1,0
BRDA:46,26,0,0
BRDA:46,26,1,0
BRDA:46,27,0,0
BRDA:46,27,1,0
BRDA:47,28,0,0
BRDA:47,28,1,0
BRDA:47,29,0,0
BRDA:47,29,1,0
BRF:60
BRH:0
end_of_record
TN:
SF:src/modules/sync/presentation/dto/sync-request.dto.ts
FN:81,(anonymous_2)
FN:92,(anonymous_3)
FNF:2
FNH:0
FNDA:0,(anonymous_2)
FNDA:0,(anonymous_3)
DA:1,0
DA:14,0
DA:15,0
DA:23,0
DA:30,0
DA:38,0
DA:47,0
DA:53,0
DA:60,0
DA:67,0
DA:74,0
DA:81,0
DA:85,0
DA:92,0
DA:95,0
DA:104,0
DA:109,0
DA:123,0
DA:131,0
LF:19
LH:0
BRDA:60,0,0,0
BRDA:60,0,1,0
BRDA:60,1,0,0
BRDA:60,1,1,0
BRF:4
BRH:0
end_of_record
TN:
SF:src/modules/sync/presentation/dto/sync.dto.ts
FNF:0
FNH:0
DA:1,0
DA:6,0
DA:9,0
DA:15,0
DA:18,0
DA:22,0
LF:6
LH:0
BRF:0
BRH:0
end_of_record
TN:
SF:src/modules/transaction/transaction.module.ts
FN:25,(anonymous_1)
FNF:1
FNH:0
FNDA:0,(anonymous_1)
DA:1,0
DA:2,0
DA:3,0
DA:4,0
DA:5,0
DA:6,0
DA:7,0
DA:8,0
DA:9,0
DA:10,0
DA:11,0
DA:12,0
DA:13,0
DA:14,0
DA:15,0
DA:16,0
DA:17,0
DA:25,0
DA:54,0
LF:19
LH:0
BRF:0
BRH:0
end_of_record
TN:
SF:src/modules/transaction/application/use-cases/calculate-monthly-summary.use-case.ts
FN:33,(anonymous_4)
FN:39,(anonymous_5)
FNF:2
FNH:0
FNDA:0,(anonymous_4)
FNDA:0,(anonymous_5)
DA:1,0
DA:3,0
DA:4,0
DA:32,0
DA:35,0
DA:36,0
DA:40,0
DA:47,0
DA:51,0
DA:52,0
DA:53,0
DA:54,0
DA:62,0
DA:63,0
DA:64,0
DA:65,0
DA:71,0
LF:17
LH:0
BRDA:36,0,0,0
BRDA:36,0,1,0
BRDA:36,1,0,0
BRDA:36,1,1,0
BRF:4
BRH:0
end_of_record
TN:
SF:src/modules/transaction/application/use-cases/classify-transaction.use-case.ts
FN:15,(anonymous_4)
FN:27,(anonymous_5)
FN:68,(anonymous_6)
FN:86,(anonymous_7)
FN:93,(anonymous_8)
FN:105,(anonymous_9)
FNF:6
FNH:0
FNDA:0,(anonymous_4)
FNDA:0,(anonymous_5)
FNDA:0,(anonymous_6)
FNDA:0,(anonymous_7)
FNDA:0,(anonymous_8)
FNDA:0,(anonymous_9)
DA:1,0
DA:2,0
DA:3,0
DA:4,0
DA:14,0
DA:16,0
DA:18,0
DA:43,0
DA:53,0
DA:57,0
DA:73,0
DA:75,0
DA:78,0
DA:86,0
DA:87,0
DA:89,0
DA:93,0
DA:94,0
DA:95,0
DA:106,0
DA:113,0
LF:21
LH:0
BRDA:75,0,0,0
BRDA:87,1,0,0
BRDA:113,2,0,0
BRDA:113,2,1,0
BRDA:16,3,0,0
BRDA:16,3,1,0
BRDA:16,4,0,0
BRDA:16,4,1,0
BRF:8
BRH:0
end_of_record
TN:
SF:src/modules/transaction/application/use-cases/create-transaction.use-case.ts
FN:28,(anonymous_4)
FN:33,(anonymous_5)
FNF:2
FNH:0
FNDA:0,(anonymous_4)
FNDA:0,(anonymous_5)
DA:1,0
DA:2,0
DA:3,0
DA:5,0
DA:6,0
DA:27,0
DA:30,0
DA:34,0
DA:36,0
DA:51,0
LF:10
LH:0
BRDA:44,0,0,0
BRDA:44,0,1,0
BRDA:46,1,0,0
BRDA:46,1,1,0
BRF:4
BRH:0
end_of_record
TN:
SF:src/modules/transaction/application/use-cases/get-transactions.use-case.ts
FN:20,(anonymous_4)
FN:25,(anonymous_5)
FNF:2
FNH:0
FNDA:0,(anonymous_4)
FNDA:0,(anonymous_5)
DA:1,0
DA:4,0
DA:19,0
DA:22,0
DA:27,0
DA:28,0
DA:35,0
DA:36,0
DA:40,0
DA:41,0
DA:48,0
DA:49,0
DA:55,0
DA:56,0
DA:60,0
LF:15
LH:0
BRDA:27,0,0,0
BRDA:27,1,0,0
BRDA:27,1,1,0
BRDA:35,2,0,0
BRDA:40,3,0,0
BRDA:40,4,0,0
BRDA:40,4,1,0
BRDA:48,5,0,0
BRDA:55,6,0,0
BRF:9
BRH:0
end_of_record
TN:
SF:src/modules/transaction/application/use-cases/update-transaction-category.use-case.ts
FN:32,(anonymous_4)
FN:41,(anonymous_5)
FN:58,(anonymous_6)
FNF:3
FNH:0
FNDA:0,(anonymous_4)
FNDA:0,(anonymous_5)
FNDA:0,(anonymous_6)
DA:1,0
DA:4,0
DA:6,0
DA:7,0
DA:8,0
DA:9,0
DA:11,0
DA:12,0
DA:13,0
DA:29,0
DA:30,0
DA:34,0
DA:36,0
DA:38,0
DA:43,0
DA:47,0
DA:48,0
DA:53,0
DA:54,0
DA:58,0
DA:60,0
DA:69,0
DA:72,0
DA:85,0
DA:90,0
DA:91,0
DA:108,0
LF:27
LH:0
BRDA:47,0,0,0
BRDA:34,1,0,0
BRDA:34,1,1,0
BRDA:34,2,0,0
BRDA:34,2,1,0
BRF:5
BRH:0
end_of_record
TN:
SF:src/modules/transaction/domain/entities/transaction-category-change-history.entity.ts
FN:8,(anonymous_0)
FN:20,(anonymous_1)
FN:27,(anonymous_2)
FNF:3
FNH:0
FNDA:0,(anonymous_0)
FNDA:0,(anonymous_1)
FNDA:0,(anonymous_2)
DA:7,0
DA:9,0
DA:10,0
DA:11,0
DA:12,0
DA:13,0
DA:14,0
DA:21,0
DA:28,0
LF:9
LH:0
BRF:0
BRH:0
end_of_record
TN:
SF:src/modules/transaction/domain/entities/transaction.entity.ts
FN:27,(anonymous_0)
FN:51,(anonymous_1)
FN:84,(anonymous_2)
FN:91,(anonymous_3)
FN:98,(anonymous_4)
FN:105,(anonymous_5)
FN:112,(anonymous_6)
FN:132,(anonymous_7)
FN:156,(anonymous_8)
FN:176,(anonymous_9)
FNF:10
FNH:2
FNDA:1,(anonymous_0)
FNDA:1,(anonymous_1)
FNDA:0,(anonymous_2)
FNDA:0,(anonymous_3)
FNDA:0,(anonymous_4)
FNDA:0,(anonymous_5)
FNDA:0,(anonymous_6)
FNDA:0,(anonymous_7)
FNDA:0,(anonymous_8)
FNDA:0,(anonymous_9)
DA:1,1
DA:26,1
DA:28,1
DA:29,1
DA:30,1
DA:31,1
DA:36,1
DA:37,1
DA:38,1
DA:39,1
DA:40,1
DA:41,1
DA:42,1
DA:43,1
DA:45,1
DA:52,1
DA:53,0
DA:56,1
DA:57,0
DA:60,1
DA:61,0
DA:64,1
DA:65,0
DA:68,1
DA:69,0
DA:72,1
DA:73,0
DA:76,1
DA:77,0
DA:85,0
DA:92,0
DA:99,0
DA:106,0
DA:113,0
DA:137,0
DA:157,0
DA:177,0
LF:37
LH:22
BRDA:52,0,0,0
BRDA:56,1,0,0
BRDA:60,2,0,0
BRDA:60,3,0,1
BRDA:60,3,1,1
BRDA:64,4,0,0
BRDA:64,5,0,1
BRDA:64,5,1,1
BRDA:68,6,0,0
BRDA:72,7,0,0
BRDA:76,8,0,0
BRF:11
BRH:4
end_of_record
TN:
SF:src/modules/transaction/domain/repositories/transaction-category-change-history.repository.interface.ts
FNF:0
FNH:0
DA:28,0
LF:1
LH:0
BRF:0
BRH:0
end_of_record
TN:
SF:src/modules/transaction/domain/repositories/transaction.repository.interface.ts
FNF:0
FNH:0
DA:74,1
LF:1
LH:1
BRF:0
BRH:0
end_of_record
TN:
SF:src/modules/transaction/domain/services/category-classification.service.ts
FN:102,(anonymous_1)
FN:151,(anonymous_2)
FN:184,(anonymous_3)
FN:218,(anonymous_4)
FN:246,(anonymous_5)
FN:291,(anonymous_6)
FN:299,(anonymous_7)
FNF:7
FNH:0
FNDA:0,(anonymous_1)
FNDA:0,(anonymous_2)
FNDA:0,(anonymous_3)
FNDA:0,(anonymous_4)
FNDA:0,(anonymous_5)
FNDA:0,(anonymous_6)
FNDA:0,(anonymous_7)
DA:1,0
DA:2,0
DA:11,0
DA:15,0
DA:116,0
DA:117,0
DA:118,0
DA:127,0
DA:128,0
DA:129,0
DA:133,0
DA:134,0
DA:135,0
DA:139,0
DA:140,0
DA:157,0
DA:160,0
DA:161,0
DA:162,0
DA:163,0
DA:164,0
DA:168,0
DA:178,0
DA:191,0
DA:192,0
DA:193,0
DA:202,0
DA:203,0
DA:204,0
DA:212,0
DA:223,0
DA:226,0
DA:227,0
DA:231,0
DA:232,0
DA:233,0
DA:236,0
DA:259,0
DA:260,0
DA:264,0
DA:268,0
DA:272,0
DA:273,0
DA:277,0
DA:281,0
DA:282,0
DA:285,0
DA:292,0
DA:293,0
DA:300,0
DA:301,0
DA:302,0
DA:303,0
DA:305,0
LF:54
LH:0
BRDA:116,0,0,0
BRDA:128,1,0,0
BRDA:134,2,0,0
BRDA:163,3,0,0
BRDA:191,4,0,0
BRDA:202,5,0,0
BRDA:226,6,0,0
BRDA:232,7,0,0
BRDA:259,8,0,0
BRDA:264,9,0,0
BRDA:265,10,0,0
BRDA:265,10,1,0
BRDA:265,10,2,0
BRDA:265,10,3,0
BRDA:272,11,0,0
BRDA:281,12,0,0
BRDA:300,13,0,0
BRDA:300,13,1,0
BRDA:302,14,0,0
BRDA:302,14,1,0
BRF:20
BRH:0
end_of_record
TN:
SF:src/modules/transaction/domain/services/transaction-domain.service.ts
FN:14,(anonymous_1)
FN:54,(anonymous_2)
FN:65,(anonymous_3)
FN:79,(anonymous_4)
FN:111,(anonymous_5)
FN:149,(anonymous_6)
FN:187,(anonymous_7)
FNF:7
FNH:0
FNDA:0,(anonymous_1)
FNDA:0,(anonymous_2)
FNDA:0,(anonymous_3)
FNDA:0,(anonymous_4)
FNDA:0,(anonymous_5)
FNDA:0,(anonymous_6)
FNDA:0,(anonymous_7)
DA:1,0
DA:2,0
DA:10,0
DA:19,0
DA:23,0
DA:27,0
DA:28,0
DA:32,0
DA:36,0
DA:40,0
DA:44,0
DA:45,0
DA:48,0
DA:59,0
DA:60,0
DA:64,0
DA:65,0
DA:71,0
DA:73,0
DA:84,0
DA:85,0
DA:87,0
DA:88,0
DA:90,0
DA:91,0
DA:93,0
DA:94,0
DA:97,0
DA:101,0
DA:119,0
DA:128,0
DA:129,0
DA:130,0
DA:136,0
DA:137,0
DA:138,0
DA:140,0
DA:143,0
DA:157,0
DA:166,0
DA:167,0
DA:168,0
DA:174,0
DA:175,0
DA:176,0
DA:178,0
DA:181,0
DA:188,0
DA:189,0
LF:49
LH:0
BRDA:19,0,0,0
BRDA:20,1,0,0
BRDA:20,1,1,0
BRDA:27,2,0,0
BRDA:32,3,0,0
BRDA:33,4,0,0
BRDA:33,4,1,0
BRDA:33,4,2,0
BRDA:33,4,3,0
BRDA:44,5,0,0
BRDA:59,6,0,0
BRDA:88,7,0,0
BRDA:88,7,1,0
BRDA:88,7,2,0
BRDA:130,8,0,0
BRDA:130,8,1,0
BRDA:168,9,0,0
BRDA:168,9,1,0
BRF:18
BRH:0
end_of_record
TN:
SF:src/modules/transaction/domain/value-objects/money.vo.ts
FN:6,(anonymous_0)
FN:13,(anonymous_1)
FN:26,(anonymous_2)
FN:34,(anonymous_3)
FN:42,(anonymous_4)
FN:49,(anonymous_5)
FN:56,(anonymous_6)
FN:63,(anonymous_7)
FN:70,(anonymous_8)
FN:77,(anonymous_9)
FN:88,(anonymous_10)
FNF:11
FNH:0
FNDA:0,(anonymous_0)
FNDA:0,(anonymous_1)
FNDA:0,(anonymous_2)
FNDA:0,(anonymous_3)
FNDA:0,(anonymous_4)
FNDA:0,(anonymous_5)
FNDA:0,(anonymous_6)
FNDA:0,(anonymous_7)
FNDA:0,(anonymous_8)
FNDA:0,(anonymous_9)
FNDA:0,(anonymous_10)
DA:5,0
DA:7,0
DA:8,0
DA:10,0
DA:14,0
DA:15,0
DA:18,0
DA:19,0
DA:27,0
DA:28,0
DA:35,0
DA:36,0
DA:43,0
DA:50,0
DA:57,0
DA:64,0
DA:71,0
DA:78,0
DA:79,0
DA:89,0
LF:20
LH:0
BRDA:8,0,0,0
BRDA:14,1,0,0
BRDA:14,2,0,0
BRDA:14,2,1,0
BRDA:18,3,0,0
BRDA:71,4,0,0
BRDA:71,4,1,0
BRDA:78,5,0,0
BRF:8
BRH:0
end_of_record
TN:
SF:src/modules/transaction/domain/value-objects/transaction-date.vo.ts
FN:6,(anonymous_0)
FN:10,(anonymous_1)
FN:23,(anonymous_2)
FN:30,(anonymous_3)
FN:37,(anonymous_4)
FN:49,(anonymous_5)
FN:58,(anonymous_6)
FN:65,(anonymous_7)
FN:75,(anonymous_8)
FN:84,(anonymous_9)
FNF:10
FNH:0
FNDA:0,(anonymous_0)
FNDA:0,(anonymous_1)
FNDA:0,(anonymous_2)
FNDA:0,(anonymous_3)
FNDA:0,(anonymous_4)
FNDA:0,(anonymous_5)
FNDA:0,(anonymous_6)
FNDA:0,(anonymous_7)
FNDA:0,(anonymous_8)
FNDA:0,(anonymous_9)
DA:5,0
DA:6,0
DA:7,0
DA:11,0
DA:12,0
DA:15,0
DA:16,0
DA:24,0
DA:31,0
DA:38,0
DA:39,0
DA:50,0
DA:59,0
DA:66,0
DA:67,0
DA:68,0
DA:69,0
DA:76,0
DA:77,0
DA:78,0
DA:85,0
LF:21
LH:0
BRDA:11,0,0,0
BRDA:15,1,0,0
BRDA:15,2,0,0
BRDA:15,2,1,0
BRDA:40,3,0,0
BRDA:40,3,1,0
BRDA:40,3,2,0
BRDA:51,4,0,0
BRDA:51,4,1,0
BRF:9
BRH:0
end_of_record
TN:
SF:src/modules/transaction/infrastructure/entities/transaction-category-change-history.orm-entity.ts
FNF:0
FNH:0
DA:1,0
DA:2,0
DA:10,0
DA:12,0
DA:16,0
DA:19,0
DA:22,0
DA:25,0
DA:28,0
DA:31,0
DA:34,0
DA:37,0
DA:40,0
LF:13
LH:0
BRDA:25,0,0,0
BRDA:25,0,1,0
BRDA:25,1,0,0
BRDA:25,1,1,0
BRDA:34,2,0,0
BRDA:34,2,1,0
BRDA:34,3,0,0
BRDA:34,3,1,0
BRDA:37,4,0,0
BRDA:37,4,1,0
BRDA:37,5,0,0
BRDA:37,5,1,0
BRF:12
BRH:0
end_of_record
TN:
SF:src/modules/transaction/infrastructure/entities/transaction.orm-entity.ts
FN:73,(anonymous_2)
FNF:1
FNH:0
FNDA:0,(anonymous_2)
DA:1,0
DA:11,0
DA:23,0
DA:25,0
DA:28,0
DA:31,0
DA:34,0
DA:37,0
DA:44,0
DA:47,0
DA:50,0
DA:53,0
DA:60,0
DA:63,0
DA:71,0
DA:73,0
DA:75,0
DA:84,0
DA:94,0
DA:109,0
DA:124,0
DA:131,0
DA:134,0
DA:137,0
LF:24
LH:0
BRDA:28,0,0,0
BRDA:28,0,1,0
BRDA:28,1,0,0
BRDA:28,1,1,0
BRDA:44,2,0,0
BRDA:44,2,1,0
BRDA:44,3,0,0
BRDA:44,3,1,0
BRDA:60,4,0,0
BRDA:60,4,1,0
BRDA:60,5,0,0
BRDA:60,5,1,0
BRDA:134,6,0,0
BRDA:134,6,1,0
BRDA:134,7,0,0
BRDA:134,7,1,0
BRDA:137,8,0,0
BRDA:137,8,1,0
BRDA:137,9,0,0
BRDA:137,9,1,0
BRF:20
BRH:0
end_of_record
TN:
SF:src/modules/transaction/infrastructure/repositories/transaction-category-change-history.repository.ts
FN:18,(anonymous_4)
FN:23,(anonymous_5)
FN:45,(anonymous_6)
FN:55,(anonymous_7)
FN:58,(anonymous_8)
FN:63,(anonymous_9)
FNF:6
FNH:0
FNDA:0,(anonymous_4)
FNDA:0,(anonymous_5)
FNDA:0,(anonymous_6)
FNDA:0,(anonymous_7)
FNDA:0,(anonymous_8)
FNDA:0,(anonymous_9)
DA:1,0
DA:2,0
DA:3,0
DA:5,0
DA:6,0
DA:13,0
DA:14,0
DA:20,0
DA:26,0
DA:28,0
DA:41,0
DA:42,0
DA:48,0
DA:50,0
DA:55,0
DA:59,0
DA:60,0
DA:66,0
LF:18
LH:0
BRDA:20,0,0,0
BRDA:20,0,1,0
BRDA:20,1,0,0
BRDA:20,1,1,0
BRF:4
BRH:0
end_of_record
TN:
SF:src/modules/transaction/infrastructure/repositories/transaction-typeorm.repository.ts
FN:15,(anonymous_4)
FN:23,(anonymous_5)
FN:39,(anonymous_6)
FN:44,(anonymous_7)
FN:52,(anonymous_8)
FN:60,(anonymous_9)
FN:68,(anonymous_10)
FN:74,(anonymous_11)
FN:82,(anonymous_12)
FN:93,(anonymous_13)
FN:101,(anonymous_14)
FN:111,(anonymous_15)
FN:121,(anonymous_16)
FN:130,(anonymous_17)
FN:138,(anonymous_18)
FN:147,(anonymous_19)
FN:151,(anonymous_20)
FN:155,(anonymous_21)
FN:161,(anonymous_22)
FN:168,(anonymous_23)
FN:175,(anonymous_24)
FN:182,(anonymous_25)
FN:206,(anonymous_26)
FNF:23
FNH:0
FNDA:0,(anonymous_4)
FNDA:0,(anonymous_5)
FNDA:0,(anonymous_6)
FNDA:0,(anonymous_7)
FNDA:0,(anonymous_8)
FNDA:0,(anonymous_9)
FNDA:0,(anonymous_10)
FNDA:0,(anonymous_11)
FNDA:0,(anonymous_12)
FNDA:0,(anonymous_13)
FNDA:0,(anonymous_14)
FNDA:0,(anonymous_15)
FNDA:0,(anonymous_16)
FNDA:0,(anonymous_17)
FNDA:0,(anonymous_18)
FNDA:0,(anonymous_19)
FNDA:0,(anonymous_20)
FNDA:0,(anonymous_21)
FNDA:0,(anonymous_22)
FNDA:0,(anonymous_23)
FNDA:0,(anonymous_24)
FNDA:0,(anonymous_25)
FNDA:0,(anonymous_26)
DA:1,0
DA:2,0
DA:3,0
DA:4,0
DA:5,0
DA:7,0
DA:14,0
DA:17,0
DA:25,0
DA:29,0
DA:30,0
DA:33,0
DA:40,0
DA:44,0
DA:45,0
DA:55,0
DA:60,0
DA:61,0
DA:69,0
DA:74,0
DA:75,0
DA:86,0
DA:93,0
DA:94,0
DA:102,0
DA:103,0
DA:105,0
DA:112,0
DA:113,0
DA:115,0
DA:122,0
DA:130,0
DA:131,0
DA:139,0
DA:140,0
DA:141,0
DA:150,0
DA:151,0
DA:154,0
DA:155,0
DA:162,0
DA:169,0
DA:176,0
DA:183,0
DA:207,0
LF:45
LH:0
BRDA:29,0,0,0
BRDA:17,1,0,0
BRDA:17,1,1,0
BRDA:17,2,0,0
BRDA:17,2,1,0
BRF:5
BRH:0
end_of_record
TN:
SF:src/modules/transaction/infrastructure/repositories/transaction.repository.ts
FN:39,(anonymous_11)
FN:47,(anonymous_12)
FN:58,(anonymous_13)
FN:60,(anonymous_14)
FN:66,(anonymous_15)
FN:69,(anonymous_16)
FN:79,(anonymous_17)
FN:92,(anonymous_18)
FN:96,(anonymous_19)
FN:102,(anonymous_20)
FN:104,(anonymous_21)
FN:110,(anonymous_22)
FN:116,(anonymous_23)
FN:123,(anonymous_24)
FN:131,(anonymous_25)
FN:142,(anonymous_26)
FN:156,(anonymous_27)
FN:159,(anonymous_28)
FN:166,(anonymous_29)
FN:180,(anonymous_30)
FN:211,(anonymous_31)
FN:216,(anonymous_32)
FN:227,(anonymous_33)
FN:238,(anonymous_34)
FN:247,(anonymous_35)
FN:261,(anonymous_36)
FN:270,(anonymous_37)
FN:277,(anonymous_38)
FN:285,(anonymous_39)
FN:305,(anonymous_40)
FNF:30
FNH:0
FNDA:0,(anonymous_11)
FNDA:0,(anonymous_12)
FNDA:0,(anonymous_13)
FNDA:0,(anonymous_14)
FNDA:0,(anonymous_15)
FNDA:0,(anonymous_16)
FNDA:0,(anonymous_17)
FNDA:0,(anonymous_18)
FNDA:0,(anonymous_19)
FNDA:0,(anonymous_20)
FNDA:0,(anonymous_21)
FNDA:0,(anonymous_22)
FNDA:0,(anonymous_23)
FNDA:0,(anonymous_24)
FNDA:0,(anonymous_25)
FNDA:0,(anonymous_26)
FNDA:0,(anonymous_27)
FNDA:0,(anonymous_28)
FNDA:0,(anonymous_29)
FNDA:0,(anonymous_30)
FNDA:0,(anonymous_31)
FNDA:0,(anonymous_32)
FNDA:0,(anonymous_33)
FNDA:0,(anonymous_34)
FNDA:0,(anonymous_35)
FNDA:0,(anonymous_36)
FNDA:0,(anonymous_37)
FNDA:0,(anonymous_38)
FNDA:0,(anonymous_39)
FNDA:0,(anonymous_40)
DA:1,0
DA:2,0
DA:3,0
DA:4,0
DA:5,0
DA:7,0
DA:36,0
DA:39,0
DA:40,0
DA:41,0
DA:48,0
DA:49,0
DA:51,0
DA:59,0
DA:60,0
DA:67,0
DA:68,0
DA:69,0
DA:71,0
DA:73,0
DA:74,0
DA:75,0
DA:76,0
DA:78,0
DA:79,0
DA:80,0
DA:82,0
DA:86,0
DA:95,0
DA:96,0
DA:103,0
DA:104,0
DA:114,0
DA:115,0
DA:116,0
DA:124,0
DA:125,0
DA:127,0
DA:128,0
DA:129,0
DA:130,0
DA:131,0
DA:135,0
DA:143,0
DA:145,0
DA:146,0
DA:147,0
DA:150,0
DA:157,0
DA:158,0
DA:159,0
DA:167,0
DA:168,0
DA:170,0
DA:171,0
DA:173,0
DA:174,0
DA:184,0
DA:186,0
DA:187,0
DA:188,0
DA:189,0
DA:191,0
DA:192,0
DA:194,0
DA:198,0
DA:199,0
DA:200,0
DA:201,0
DA:202,0
DA:205,0
DA:212,0
DA:213,0
DA:215,0
DA:216,0
DA:217,0
DA:220,0
DA:221,0
DA:228,0
DA:229,0
DA:230,0
DA:233,0
DA:234,0
DA:236,0
DA:237,0
DA:238,0
DA:241,0
DA:248,0
DA:249,0
DA:251,0
DA:252,0
DA:253,0
DA:266,0
DA:267,0
DA:268,0
DA:270,0
DA:271,0
DA:278,0
DA:279,0
DA:286,0
DA:306,0
LF:101
LH:0
BRDA:60,0,0,0
BRDA:60,0,1,0
BRDA:78,1,0,0
BRDA:116,2,0,0
BRDA:116,2,1,0
BRDA:130,3,0,0
BRDA:130,3,1,0
BRDA:159,4,0,0
BRDA:159,4,1,0
BRDA:191,5,0,0
BRDA:217,6,0,0
BRDA:217,6,1,0
BRDA:229,7,0,0
BRDA:252,8,0,0
BRDA:314,9,0,0
BRDA:314,9,1,0
BRDA:315,10,0,0
BRDA:315,10,1,0
BRDA:316,11,0,0
BRDA:316,11,1,0
BRDA:39,12,0,0
BRDA:39,12,1,0
BRDA:39,13,0,0
BRDA:39,13,1,0
BRF:24
BRH:0
end_of_record
TN:
SF:src/modules/transaction/presentation/controllers/transaction.controller.ts
FN:117,(anonymous_4)
FN:133,(anonymous_5)
FN:160,(anonymous_6)
FN:186,(anonymous_7)
FN:202,(anonymous_8)
FN:212,(anonymous_9)
FN:235,(anonymous_10)
FNF:7
FNH:0
FNDA:0,(anonymous_4)
FNDA:0,(anonymous_5)
FNDA:0,(anonymous_6)
FNDA:0,(anonymous_7)
FNDA:0,(anonymous_8)
FNDA:0,(anonymous_9)
FNDA:0,(anonymous_10)
DA:1,0
DA:12,0
DA:19,0
DA:20,0
DA:21,0
DA:22,0
DA:23,0
DA:24,0
DA:31,0
DA:34,0
DA:38,0
DA:42,0
DA:47,0
DA:50,0
DA:53,0
DA:60,0
DA:63,0
DA:66,0
DA:70,0
DA:74,0
DA:80,0
DA:84,0
DA:88,0
DA:92,0
DA:96,0
DA:100,0
DA:105,0
DA:116,0
DA:118,0
DA:119,0
DA:120,0
DA:121,0
DA:122,0
DA:133,0
DA:146,0
DA:148,0
DA:160,0
DA:164,0
DA:175,0
DA:186,0
DA:191,0
DA:200,0
DA:202,0
DA:212,0
DA:219,0
DA:224,0
DA:235,0
DA:242,0
DA:247,0
LF:49
LH:0
BRDA:70,0,0,0
BRDA:70,0,1,0
BRDA:70,1,0,0
BRDA:70,1,1,0
BRDA:194,2,0,0
BRDA:194,2,1,0
BRDA:195,3,0,0
BRDA:195,3,1,0
BRDA:196,4,0,0
BRDA:196,4,1,0
BRDA:197,5,0,0
BRDA:197,5,1,0
BRDA:133,6,0,0
BRDA:133,6,1,0
BRDA:133,7,0,0
BRDA:133,7,1,0
BRDA:160,8,0,0
BRDA:160,8,1,0
BRDA:160,9,0,0
BRDA:160,9,1,0
BRDA:186,10,0,0
BRDA:186,10,1,0
BRDA:186,11,0,0
BRDA:186,11,1,0
BRDA:215,12,0,0
BRDA:215,12,1,0
BRDA:215,13,0,0
BRDA:215,13,1,0
BRDA:238,14,0,0
BRDA:238,14,1,0
BRDA:238,15,0,0
BRDA:238,15,1,0
BRDA:118,16,0,0
BRDA:118,16,1,0
BRDA:118,17,0,0
BRDA:118,17,1,0
BRDA:118,18,0,0
BRDA:118,18,1,0
BRDA:118,19,0,0
BRDA:118,19,1,0
BRDA:119,20,0,0
BRDA:119,20,1,0
BRDA:119,21,0,0
BRDA:119,21,1,0
BRDA:120,22,0,0
BRDA:120,22,1,0
BRDA:120,23,0,0
BRDA:120,23,1,0
BRDA:121,24,0,0
BRDA:121,24,1,0
BRDA:121,25,0,0
BRDA:121,25,1,0
BRF:52
BRH:0
end_of_record
