<testsuites id="" name="" tests="40" failures="30" skipped="0" errors="0" time="19.720322">
<testsuite name="api-integration.spec.ts" timestamp="2025-11-18T05:37:42.344Z" hostname="chromium" tests="2" failures="0" skipped="0" time="12.829" errors="0">
<testcase name="API統合 › バックエンドAPIとの通信が成功する" classname="api-integration.spec.ts" time="10.436">
</testcase>
<testcase name="API統合 › APIエラーが適切にハンドリングされる" classname="api-integration.spec.ts" time="2.393">
</testcase>
</testsuite>
<testsuite name="dashboard.spec.ts" timestamp="2025-11-18T05:37:42.344Z" hostname="chromium" tests="3" failures="2" skipped="0" time="17.414" errors="0">
<testcase name="ダッシュボード › ダッシュボードページが表示される" classname="dashboard.spec.ts" time="7.496">
<failure message="dashboard.spec.ts:9:7 ダッシュボードページが表示される" type="FAILURE">
<![CDATA[  [chromium] › dashboard.spec.ts:9:7 › ダッシュボード › ダッシュボードページが表示される ──────────────────────────────────

    Error: expect(locator).toBeVisible() failed

    Locator: getByRole('heading', { level: 1 })
    Expected: visible
    Timeout: 5000ms
    Error: element(s) not found

    Call log:
      - Expect "toBeVisible" with timeout 5000ms
      - waiting for getByRole('heading', { level: 1 })


       9 |   test('ダッシュボードページが表示される', async ({ page }) => {
      10 |     // タイトルが表示されることを確認
    > 11 |     await expect(page.getByRole('heading', { level: 1 })).toBeVisible();
         |                                                           ^
      12 |     await expect(page.getByRole('heading', { level: 1 })).toHaveText('ダッシュボード');
      13 |   });
      14 |
        at /Users/kencom/github/account-book/apps/frontend/e2e/dashboard.spec.ts:11:59

    attachment #1: screenshot (image/png) ──────────────────────────────────────────────────────────
    ../test-results/dashboard-ダッシュボード-ダッシュボードページが表示される-chromium/test-failed-1.png
    ────────────────────────────────────────────────────────────────────────────────────────────────

    attachment #2: video (video/webm) ──────────────────────────────────────────────────────────────
    ../test-results/dashboard-ダッシュボード-ダッシュボードページが表示される-chromium/video.webm
    ────────────────────────────────────────────────────────────────────────────────────────────────

    Error Context: ../test-results/dashboard-ダッシュボード-ダッシュボードページが表示される-chromium/error-context.md
]]>
</failure>
<system-out>
<![CDATA[
[[ATTACHMENT|../test-results/dashboard-ダッシュボード-ダッシュボードページが表示される-chromium/test-failed-1.png]]

[[ATTACHMENT|../test-results/dashboard-ダッシュボード-ダッシュボードページが表示される-chromium/video.webm]]

[[ATTACHMENT|../test-results/dashboard-ダッシュボード-ダッシュボードページが表示される-chromium/error-context.md]]
]]>
</system-out>
</testcase>
<testcase name="ダッシュボード › 月次サマリーセクションが表示される" classname="dashboard.spec.ts" time="2.405">
</testcase>
<testcase name="ダッシュボード › 取引一覧セクションが表示される" classname="dashboard.spec.ts" time="7.513">
<failure message="dashboard.spec.ts:29:7 取引一覧セクションが表示される" type="FAILURE">
<![CDATA[  [chromium] › dashboard.spec.ts:29:7 › ダッシュボード › 取引一覧セクションが表示される ──────────────────────────────────

    Error: expect(locator).toBeVisible() failed

    Locator: getByText('取引一覧')
    Expected: visible
    Timeout: 5000ms
    Error: element(s) not found

    Call log:
      - Expect "toBeVisible" with timeout 5000ms
      - waiting for getByText('取引一覧')


      34 |
      35 |     // 取引一覧のタイトルが表示されることを確認
    > 36 |     await expect(page.getByText('取引一覧')).toBeVisible();
         |                                          ^
      37 |   });
      38 | });
      39 |
        at /Users/kencom/github/account-book/apps/frontend/e2e/dashboard.spec.ts:36:42

    attachment #1: screenshot (image/png) ──────────────────────────────────────────────────────────
    ../test-results/dashboard-ダッシュボード-取引一覧セクションが表示される-chromium/test-failed-1.png
    ────────────────────────────────────────────────────────────────────────────────────────────────

    attachment #2: video (video/webm) ──────────────────────────────────────────────────────────────
    ../test-results/dashboard-ダッシュボード-取引一覧セクションが表示される-chromium/video.webm
    ────────────────────────────────────────────────────────────────────────────────────────────────

    Error Context: ../test-results/dashboard-ダッシュボード-取引一覧セクションが表示される-chromium/error-context.md
]]>
</failure>
<system-out>
<![CDATA[
[[ATTACHMENT|../test-results/dashboard-ダッシュボード-取引一覧セクションが表示される-chromium/test-failed-1.png]]

[[ATTACHMENT|../test-results/dashboard-ダッシュボード-取引一覧セクションが表示される-chromium/video.webm]]

[[ATTACHMENT|../test-results/dashboard-ダッシュボード-取引一覧セクションが表示される-chromium/error-context.md]]
]]>
</system-out>
</testcase>
</testsuite>
<testsuite name="home.spec.ts" timestamp="2025-11-18T05:37:42.344Z" hostname="chromium" tests="3" failures="1" skipped="0" time="1.643" errors="0">
<testcase name="ホームページ › ページが正常に表示される" classname="home.spec.ts" time="0.43">
</testcase>
<testcase name="ホームページ › ナビゲーションが機能する" classname="home.spec.ts" time="0.816">
</testcase>
<testcase name="ホームページ › 機能説明セクションが表示される" classname="home.spec.ts" time="0.397">
<failure message="home.spec.ts:26:7 機能説明セクションが表示される" type="FAILURE">
<![CDATA[  [chromium] › home.spec.ts:26:7 › ホームページ › 機能説明セクションが表示される ────────────────────────────────────────

    Error: expect(locator).toBeVisible() failed

    Locator: getByText('一元管理')
    Expected: visible
    Error: strict mode violation: getByText('一元管理') resolved to 2 elements:
        1) <p class="text-gray-500 mb-12">複数の金融機関の資産を一元管理し、収支を可視化・分析します</p> aka getByText('複数の金融機関の資産を一元管理し、収支を可視化・分析します')
        2) <h3 class="font-semibold text-gray-900 mb-2">一元管理</h3> aka getByRole('heading', { name: '一元管理' })

    Call log:
      - Expect "toBeVisible" with timeout 5000ms
      - waiting for getByText('一元管理')


      29 |     // 機能説明のカードが表示されることを確認
      30 |     await expect(page.getByText('収支の可視化')).toBeVisible();
    > 31 |     await expect(page.getByText('一元管理')).toBeVisible();
         |                                          ^
      32 |     await expect(page.getByText('自動分類')).toBeVisible();
      33 |   });
      34 | });
        at /Users/kencom/github/account-book/apps/frontend/e2e/home.spec.ts:31:42

    attachment #1: screenshot (image/png) ──────────────────────────────────────────────────────────
    ../test-results/home-ホームページ-機能説明セクションが表示される-chromium/test-failed-1.png
    ────────────────────────────────────────────────────────────────────────────────────────────────

    attachment #2: video (video/webm) ──────────────────────────────────────────────────────────────
    ../test-results/home-ホームページ-機能説明セクションが表示される-chromium/video.webm
    ────────────────────────────────────────────────────────────────────────────────────────────────

    Error Context: ../test-results/home-ホームページ-機能説明セクションが表示される-chromium/error-context.md
]]>
</failure>
<system-out>
<![CDATA[
[[ATTACHMENT|../test-results/home-ホームページ-機能説明セクションが表示される-chromium/test-failed-1.png]]

[[ATTACHMENT|../test-results/home-ホームページ-機能説明セクションが表示される-chromium/video.webm]]

[[ATTACHMENT|../test-results/home-ホームページ-機能説明セクションが表示される-chromium/error-context.md]]
]]>
</system-out>
</testcase>
</testsuite>
<testsuite name="api-integration.spec.ts" timestamp="2025-11-18T05:37:42.344Z" hostname="firefox" tests="2" failures="2" skipped="0" time="0.002" errors="0">
<testcase name="API統合 › バックエンドAPIとの通信が成功する" classname="api-integration.spec.ts" time="0.001">
<failure message="api-integration.spec.ts:4:7 バックエンドAPIとの通信が成功する" type="FAILURE">
<![CDATA[  [firefox] › api-integration.spec.ts:4:7 › API統合 › バックエンドAPIとの通信が成功する ─────────────────────────────

    Error: browserType.launch: Executable doesn't exist at /Users/kencom/Library/Caches/ms-playwright/firefox-1495/firefox/Nightly.app/Contents/MacOS/firefox
    ╔═════════════════════════════════════════════════════════════════════════╗
    ║ Looks like Playwright Test or Playwright was just installed or updated. ║
    ║ Please run the following command to download new browsers:              ║
    ║                                                                         ║
    ║     pnpm exec playwright install                                        ║
    ║                                                                         ║
    ║ <3 Playwright Team                                                      ║
    ╚═════════════════════════════════════════════════════════════════════════╝
]]>
</failure>
</testcase>
<testcase name="API統合 › APIエラーが適切にハンドリングされる" classname="api-integration.spec.ts" time="0.001">
<failure message="api-integration.spec.ts:28:7 APIエラーが適切にハンドリングされる" type="FAILURE">
<![CDATA[  [firefox] › api-integration.spec.ts:28:7 › API統合 › APIエラーが適切にハンドリングされる ───────────────────────────

    Error: browserType.launch: Executable doesn't exist at /Users/kencom/Library/Caches/ms-playwright/firefox-1495/firefox/Nightly.app/Contents/MacOS/firefox
    ╔═════════════════════════════════════════════════════════════════════════╗
    ║ Looks like Playwright Test or Playwright was just installed or updated. ║
    ║ Please run the following command to download new browsers:              ║
    ║                                                                         ║
    ║     pnpm exec playwright install                                        ║
    ║                                                                         ║
    ║ <3 Playwright Team                                                      ║
    ╚═════════════════════════════════════════════════════════════════════════╝
]]>
</failure>
</testcase>
</testsuite>
<testsuite name="dashboard.spec.ts" timestamp="2025-11-18T05:37:42.344Z" hostname="firefox" tests="3" failures="3" skipped="0" time="0.003" errors="0">
<testcase name="ダッシュボード › ダッシュボードページが表示される" classname="dashboard.spec.ts" time="0.001">
<failure message="dashboard.spec.ts:9:7 ダッシュボードページが表示される" type="FAILURE">
<![CDATA[  [firefox] › dashboard.spec.ts:9:7 › ダッシュボード › ダッシュボードページが表示される ───────────────────────────────────

    Error: browserType.launch: Executable doesn't exist at /Users/kencom/Library/Caches/ms-playwright/firefox-1495/firefox/Nightly.app/Contents/MacOS/firefox
    ╔═════════════════════════════════════════════════════════════════════════╗
    ║ Looks like Playwright Test or Playwright was just installed or updated. ║
    ║ Please run the following command to download new browsers:              ║
    ║                                                                         ║
    ║     pnpm exec playwright install                                        ║
    ║                                                                         ║
    ║ <3 Playwright Team                                                      ║
    ╚═════════════════════════════════════════════════════════════════════════╝
]]>
</failure>
</testcase>
<testcase name="ダッシュボード › 月次サマリーセクションが表示される" classname="dashboard.spec.ts" time="0.001">
<failure message="dashboard.spec.ts:15:7 月次サマリーセクションが表示される" type="FAILURE">
<![CDATA[  [firefox] › dashboard.spec.ts:15:7 › ダッシュボード › 月次サマリーセクションが表示される ─────────────────────────────────

    Error: browserType.launch: Executable doesn't exist at /Users/kencom/Library/Caches/ms-playwright/firefox-1495/firefox/Nightly.app/Contents/MacOS/firefox
    ╔═════════════════════════════════════════════════════════════════════════╗
    ║ Looks like Playwright Test or Playwright was just installed or updated. ║
    ║ Please run the following command to download new browsers:              ║
    ║                                                                         ║
    ║     pnpm exec playwright install                                        ║
    ║                                                                         ║
    ║ <3 Playwright Team                                                      ║
    ╚═════════════════════════════════════════════════════════════════════════╝
]]>
</failure>
</testcase>
<testcase name="ダッシュボード › 取引一覧セクションが表示される" classname="dashboard.spec.ts" time="0.001">
<failure message="dashboard.spec.ts:29:7 取引一覧セクションが表示される" type="FAILURE">
<![CDATA[  [firefox] › dashboard.spec.ts:29:7 › ダッシュボード › 取引一覧セクションが表示される ───────────────────────────────────

    Error: browserType.launch: Executable doesn't exist at /Users/kencom/Library/Caches/ms-playwright/firefox-1495/firefox/Nightly.app/Contents/MacOS/firefox
    ╔═════════════════════════════════════════════════════════════════════════╗
    ║ Looks like Playwright Test or Playwright was just installed or updated. ║
    ║ Please run the following command to download new browsers:              ║
    ║                                                                         ║
    ║     pnpm exec playwright install                                        ║
    ║                                                                         ║
    ║ <3 Playwright Team                                                      ║
    ╚═════════════════════════════════════════════════════════════════════════╝
]]>
</failure>
</testcase>
</testsuite>
<testsuite name="home.spec.ts" timestamp="2025-11-18T05:37:42.344Z" hostname="firefox" tests="3" failures="3" skipped="0" time="0.003" errors="0">
<testcase name="ホームページ › ページが正常に表示される" classname="home.spec.ts" time="0.001">
<failure message="home.spec.ts:4:7 ページが正常に表示される" type="FAILURE">
<![CDATA[  [firefox] › home.spec.ts:4:7 › ホームページ › ページが正常に表示される ─────────────────────────────────────────────

    Error: browserType.launch: Executable doesn't exist at /Users/kencom/Library/Caches/ms-playwright/firefox-1495/firefox/Nightly.app/Contents/MacOS/firefox
    ╔═════════════════════════════════════════════════════════════════════════╗
    ║ Looks like Playwright Test or Playwright was just installed or updated. ║
    ║ Please run the following command to download new browsers:              ║
    ║                                                                         ║
    ║     pnpm exec playwright install                                        ║
    ║                                                                         ║
    ║ <3 Playwright Team                                                      ║
    ╚═════════════════════════════════════════════════════════════════════════╝
]]>
</failure>
</testcase>
<testcase name="ホームページ › ナビゲーションが機能する" classname="home.spec.ts" time="0.001">
<failure message="home.spec.ts:16:7 ナビゲーションが機能する" type="FAILURE">
<![CDATA[  [firefox] › home.spec.ts:16:7 › ホームページ › ナビゲーションが機能する ────────────────────────────────────────────

    Error: browserType.launch: Executable doesn't exist at /Users/kencom/Library/Caches/ms-playwright/firefox-1495/firefox/Nightly.app/Contents/MacOS/firefox
    ╔═════════════════════════════════════════════════════════════════════════╗
    ║ Looks like Playwright Test or Playwright was just installed or updated. ║
    ║ Please run the following command to download new browsers:              ║
    ║                                                                         ║
    ║     pnpm exec playwright install                                        ║
    ║                                                                         ║
    ║ <3 Playwright Team                                                      ║
    ╚═════════════════════════════════════════════════════════════════════════╝
]]>
</failure>
</testcase>
<testcase name="ホームページ › 機能説明セクションが表示される" classname="home.spec.ts" time="0.001">
<failure message="home.spec.ts:26:7 機能説明セクションが表示される" type="FAILURE">
<![CDATA[  [firefox] › home.spec.ts:26:7 › ホームページ › 機能説明セクションが表示される ─────────────────────────────────────────

    Error: browserType.launch: Executable doesn't exist at /Users/kencom/Library/Caches/ms-playwright/firefox-1495/firefox/Nightly.app/Contents/MacOS/firefox
    ╔═════════════════════════════════════════════════════════════════════════╗
    ║ Looks like Playwright Test or Playwright was just installed or updated. ║
    ║ Please run the following command to download new browsers:              ║
    ║                                                                         ║
    ║     pnpm exec playwright install                                        ║
    ║                                                                         ║
    ║ <3 Playwright Team                                                      ║
    ╚═════════════════════════════════════════════════════════════════════════╝
]]>
</failure>
</testcase>
</testsuite>
<testsuite name="api-integration.spec.ts" timestamp="2025-11-18T05:37:42.344Z" hostname="webkit" tests="2" failures="2" skipped="0" time="0.002" errors="0">
<testcase name="API統合 › バックエンドAPIとの通信が成功する" classname="api-integration.spec.ts" time="0.001">
<failure message="api-integration.spec.ts:4:7 バックエンドAPIとの通信が成功する" type="FAILURE">
<![CDATA[  [webkit] › api-integration.spec.ts:4:7 › API統合 › バックエンドAPIとの通信が成功する ──────────────────────────────

    Error: browserType.launch: Executable doesn't exist at /Users/kencom/Library/Caches/ms-playwright/webkit-2215/pw_run.sh
    ╔═════════════════════════════════════════════════════════════════════════╗
    ║ Looks like Playwright Test or Playwright was just installed or updated. ║
    ║ Please run the following command to download new browsers:              ║
    ║                                                                         ║
    ║     pnpm exec playwright install                                        ║
    ║                                                                         ║
    ║ <3 Playwright Team                                                      ║
    ╚═════════════════════════════════════════════════════════════════════════╝
]]>
</failure>
</testcase>
<testcase name="API統合 › APIエラーが適切にハンドリングされる" classname="api-integration.spec.ts" time="0.001">
<failure message="api-integration.spec.ts:28:7 APIエラーが適切にハンドリングされる" type="FAILURE">
<![CDATA[  [webkit] › api-integration.spec.ts:28:7 › API統合 › APIエラーが適切にハンドリングされる ────────────────────────────

    Error: browserType.launch: Executable doesn't exist at /Users/kencom/Library/Caches/ms-playwright/webkit-2215/pw_run.sh
    ╔═════════════════════════════════════════════════════════════════════════╗
    ║ Looks like Playwright Test or Playwright was just installed or updated. ║
    ║ Please run the following command to download new browsers:              ║
    ║                                                                         ║
    ║     pnpm exec playwright install                                        ║
    ║                                                                         ║
    ║ <3 Playwright Team                                                      ║
    ╚═════════════════════════════════════════════════════════════════════════╝
]]>
</failure>
</testcase>
</testsuite>
<testsuite name="dashboard.spec.ts" timestamp="2025-11-18T05:37:42.344Z" hostname="webkit" tests="3" failures="3" skipped="0" time="0.003" errors="0">
<testcase name="ダッシュボード › ダッシュボードページが表示される" classname="dashboard.spec.ts" time="0.001">
<failure message="dashboard.spec.ts:9:7 ダッシュボードページが表示される" type="FAILURE">
<![CDATA[  [webkit] › dashboard.spec.ts:9:7 › ダッシュボード › ダッシュボードページが表示される ────────────────────────────────────

    Error: browserType.launch: Executable doesn't exist at /Users/kencom/Library/Caches/ms-playwright/webkit-2215/pw_run.sh
    ╔═════════════════════════════════════════════════════════════════════════╗
    ║ Looks like Playwright Test or Playwright was just installed or updated. ║
    ║ Please run the following command to download new browsers:              ║
    ║                                                                         ║
    ║     pnpm exec playwright install                                        ║
    ║                                                                         ║
    ║ <3 Playwright Team                                                      ║
    ╚═════════════════════════════════════════════════════════════════════════╝
]]>
</failure>
</testcase>
<testcase name="ダッシュボード › 月次サマリーセクションが表示される" classname="dashboard.spec.ts" time="0.001">
<failure message="dashboard.spec.ts:15:7 月次サマリーセクションが表示される" type="FAILURE">
<![CDATA[  [webkit] › dashboard.spec.ts:15:7 › ダッシュボード › 月次サマリーセクションが表示される ──────────────────────────────────

    Error: browserType.launch: Executable doesn't exist at /Users/kencom/Library/Caches/ms-playwright/webkit-2215/pw_run.sh
    ╔═════════════════════════════════════════════════════════════════════════╗
    ║ Looks like Playwright Test or Playwright was just installed or updated. ║
    ║ Please run the following command to download new browsers:              ║
    ║                                                                         ║
    ║     pnpm exec playwright install                                        ║
    ║                                                                         ║
    ║ <3 Playwright Team                                                      ║
    ╚═════════════════════════════════════════════════════════════════════════╝
]]>
</failure>
</testcase>
<testcase name="ダッシュボード › 取引一覧セクションが表示される" classname="dashboard.spec.ts" time="0.001">
<failure message="dashboard.spec.ts:29:7 取引一覧セクションが表示される" type="FAILURE">
<![CDATA[  [webkit] › dashboard.spec.ts:29:7 › ダッシュボード › 取引一覧セクションが表示される ────────────────────────────────────

    Error: browserType.launch: Executable doesn't exist at /Users/kencom/Library/Caches/ms-playwright/webkit-2215/pw_run.sh
    ╔═════════════════════════════════════════════════════════════════════════╗
    ║ Looks like Playwright Test or Playwright was just installed or updated. ║
    ║ Please run the following command to download new browsers:              ║
    ║                                                                         ║
    ║     pnpm exec playwright install                                        ║
    ║                                                                         ║
    ║ <3 Playwright Team                                                      ║
    ╚═════════════════════════════════════════════════════════════════════════╝
]]>
</failure>
</testcase>
</testsuite>
<testsuite name="home.spec.ts" timestamp="2025-11-18T05:37:42.344Z" hostname="webkit" tests="3" failures="3" skipped="0" time="0.003" errors="0">
<testcase name="ホームページ › ページが正常に表示される" classname="home.spec.ts" time="0.001">
<failure message="home.spec.ts:4:7 ページが正常に表示される" type="FAILURE">
<![CDATA[  [webkit] › home.spec.ts:4:7 › ホームページ › ページが正常に表示される ──────────────────────────────────────────────

    Error: browserType.launch: Executable doesn't exist at /Users/kencom/Library/Caches/ms-playwright/webkit-2215/pw_run.sh
    ╔═════════════════════════════════════════════════════════════════════════╗
    ║ Looks like Playwright Test or Playwright was just installed or updated. ║
    ║ Please run the following command to download new browsers:              ║
    ║                                                                         ║
    ║     pnpm exec playwright install                                        ║
    ║                                                                         ║
    ║ <3 Playwright Team                                                      ║
    ╚═════════════════════════════════════════════════════════════════════════╝
]]>
</failure>
</testcase>
<testcase name="ホームページ › ナビゲーションが機能する" classname="home.spec.ts" time="0.001">
<failure message="home.spec.ts:16:7 ナビゲーションが機能する" type="FAILURE">
<![CDATA[  [webkit] › home.spec.ts:16:7 › ホームページ › ナビゲーションが機能する ─────────────────────────────────────────────

    Error: browserType.launch: Executable doesn't exist at /Users/kencom/Library/Caches/ms-playwright/webkit-2215/pw_run.sh
    ╔═════════════════════════════════════════════════════════════════════════╗
    ║ Looks like Playwright Test or Playwright was just installed or updated. ║
    ║ Please run the following command to download new browsers:              ║
    ║                                                                         ║
    ║     pnpm exec playwright install                                        ║
    ║                                                                         ║
    ║ <3 Playwright Team                                                      ║
    ╚═════════════════════════════════════════════════════════════════════════╝
]]>
</failure>
</testcase>
<testcase name="ホームページ › 機能説明セクションが表示される" classname="home.spec.ts" time="0.001">
<failure message="home.spec.ts:26:7 機能説明セクションが表示される" type="FAILURE">
<![CDATA[  [webkit] › home.spec.ts:26:7 › ホームページ › 機能説明セクションが表示される ──────────────────────────────────────────

    Error: browserType.launch: Executable doesn't exist at /Users/kencom/Library/Caches/ms-playwright/webkit-2215/pw_run.sh
    ╔═════════════════════════════════════════════════════════════════════════╗
    ║ Looks like Playwright Test or Playwright was just installed or updated. ║
    ║ Please run the following command to download new browsers:              ║
    ║                                                                         ║
    ║     pnpm exec playwright install                                        ║
    ║                                                                         ║
    ║ <3 Playwright Team                                                      ║
    ╚═════════════════════════════════════════════════════════════════════════╝
]]>
</failure>
</testcase>
</testsuite>
<testsuite name="api-integration.spec.ts" timestamp="2025-11-18T05:37:42.344Z" hostname="Mobile Chrome" tests="2" failures="0" skipped="0" time="10.877" errors="0">
<testcase name="API統合 › バックエンドAPIとの通信が成功する" classname="api-integration.spec.ts" time="10.302">
</testcase>
<testcase name="API統合 › APIエラーが適切にハンドリングされる" classname="api-integration.spec.ts" time="0.575">
</testcase>
</testsuite>
<testsuite name="dashboard.spec.ts" timestamp="2025-11-18T05:37:42.344Z" hostname="Mobile Chrome" tests="3" failures="2" skipped="0" time="11.651" errors="0">
<testcase name="ダッシュボード › ダッシュボードページが表示される" classname="dashboard.spec.ts" time="5.501">
<failure message="dashboard.spec.ts:9:7 ダッシュボードページが表示される" type="FAILURE">
<![CDATA[  [Mobile Chrome] › dashboard.spec.ts:9:7 › ダッシュボード › ダッシュボードページが表示される ─────────────────────────────

    Error: expect(locator).toBeVisible() failed

    Locator: getByRole('heading', { level: 1 })
    Expected: visible
    Timeout: 5000ms
    Error: element(s) not found

    Call log:
      - Expect "toBeVisible" with timeout 5000ms
      - waiting for getByRole('heading', { level: 1 })


       9 |   test('ダッシュボードページが表示される', async ({ page }) => {
      10 |     // タイトルが表示されることを確認
    > 11 |     await expect(page.getByRole('heading', { level: 1 })).toBeVisible();
         |                                                           ^
      12 |     await expect(page.getByRole('heading', { level: 1 })).toHaveText('ダッシュボード');
      13 |   });
      14 |
        at /Users/kencom/github/account-book/apps/frontend/e2e/dashboard.spec.ts:11:59

    attachment #1: screenshot (image/png) ──────────────────────────────────────────────────────────
    ../test-results/dashboard-ダッシュボード-ダッシュボードページが表示される-Mobile-Chrome/test-failed-1.png
    ────────────────────────────────────────────────────────────────────────────────────────────────

    attachment #2: video (video/webm) ──────────────────────────────────────────────────────────────
    ../test-results/dashboard-ダッシュボード-ダッシュボードページが表示される-Mobile-Chrome/video.webm
    ────────────────────────────────────────────────────────────────────────────────────────────────

    Error Context: ../test-results/dashboard-ダッシュボード-ダッシュボードページが表示される-Mobile-Chrome/error-context.md
]]>
</failure>
<system-out>
<![CDATA[
[[ATTACHMENT|../test-results/dashboard-ダッシュボード-ダッシュボードページが表示される-Mobile-Chrome/test-failed-1.png]]

[[ATTACHMENT|../test-results/dashboard-ダッシュボード-ダッシュボードページが表示される-Mobile-Chrome/video.webm]]

[[ATTACHMENT|../test-results/dashboard-ダッシュボード-ダッシュボードページが表示される-Mobile-Chrome/error-context.md]]
]]>
</system-out>
</testcase>
<testcase name="ダッシュボード › 月次サマリーセクションが表示される" classname="dashboard.spec.ts" time="0.536">
</testcase>
<testcase name="ダッシュボード › 取引一覧セクションが表示される" classname="dashboard.spec.ts" time="5.614">
<failure message="dashboard.spec.ts:29:7 取引一覧セクションが表示される" type="FAILURE">
<![CDATA[  [Mobile Chrome] › dashboard.spec.ts:29:7 › ダッシュボード › 取引一覧セクションが表示される ─────────────────────────────

    Error: expect(locator).toBeVisible() failed

    Locator: getByText('取引一覧')
    Expected: visible
    Timeout: 5000ms
    Error: element(s) not found

    Call log:
      - Expect "toBeVisible" with timeout 5000ms
      - waiting for getByText('取引一覧')


      34 |
      35 |     // 取引一覧のタイトルが表示されることを確認
    > 36 |     await expect(page.getByText('取引一覧')).toBeVisible();
         |                                          ^
      37 |   });
      38 | });
      39 |
        at /Users/kencom/github/account-book/apps/frontend/e2e/dashboard.spec.ts:36:42

    attachment #1: screenshot (image/png) ──────────────────────────────────────────────────────────
    ../test-results/dashboard-ダッシュボード-取引一覧セクションが表示される-Mobile-Chrome/test-failed-1.png
    ────────────────────────────────────────────────────────────────────────────────────────────────

    attachment #2: video (video/webm) ──────────────────────────────────────────────────────────────
    ../test-results/dashboard-ダッシュボード-取引一覧セクションが表示される-Mobile-Chrome/video.webm
    ────────────────────────────────────────────────────────────────────────────────────────────────

    Error Context: ../test-results/dashboard-ダッシュボード-取引一覧セクションが表示される-Mobile-Chrome/error-context.md
]]>
</failure>
<system-out>
<![CDATA[
[[ATTACHMENT|../test-results/dashboard-ダッシュボード-取引一覧セクションが表示される-Mobile-Chrome/test-failed-1.png]]

[[ATTACHMENT|../test-results/dashboard-ダッシュボード-取引一覧セクションが表示される-Mobile-Chrome/video.webm]]

[[ATTACHMENT|../test-results/dashboard-ダッシュボード-取引一覧セクションが表示される-Mobile-Chrome/error-context.md]]
]]>
</system-out>
</testcase>
</testsuite>
<testsuite name="home.spec.ts" timestamp="2025-11-18T05:37:42.344Z" hostname="Mobile Chrome" tests="3" failures="1" skipped="0" time="1.565" errors="0">
<testcase name="ホームページ › ページが正常に表示される" classname="home.spec.ts" time="0.405">
</testcase>
<testcase name="ホームページ › ナビゲーションが機能する" classname="home.spec.ts" time="0.754">
</testcase>
<testcase name="ホームページ › 機能説明セクションが表示される" classname="home.spec.ts" time="0.406">
<failure message="home.spec.ts:26:7 機能説明セクションが表示される" type="FAILURE">
<![CDATA[  [Mobile Chrome] › home.spec.ts:26:7 › ホームページ › 機能説明セクションが表示される ───────────────────────────────────

    Error: expect(locator).toBeVisible() failed

    Locator: getByText('一元管理')
    Expected: visible
    Error: strict mode violation: getByText('一元管理') resolved to 2 elements:
        1) <p class="text-gray-500 mb-12">複数の金融機関の資産を一元管理し、収支を可視化・分析します</p> aka getByText('複数の金融機関の資産を一元管理し、収支を可視化・分析します')
        2) <h3 class="font-semibold text-gray-900 mb-2">一元管理</h3> aka getByRole('heading', { name: '一元管理' })

    Call log:
      - Expect "toBeVisible" with timeout 5000ms
      - waiting for getByText('一元管理')


      29 |     // 機能説明のカードが表示されることを確認
      30 |     await expect(page.getByText('収支の可視化')).toBeVisible();
    > 31 |     await expect(page.getByText('一元管理')).toBeVisible();
         |                                          ^
      32 |     await expect(page.getByText('自動分類')).toBeVisible();
      33 |   });
      34 | });
        at /Users/kencom/github/account-book/apps/frontend/e2e/home.spec.ts:31:42

    attachment #1: screenshot (image/png) ──────────────────────────────────────────────────────────
    ../test-results/home-ホームページ-機能説明セクションが表示される-Mobile-Chrome/test-failed-1.png
    ────────────────────────────────────────────────────────────────────────────────────────────────

    attachment #2: video (video/webm) ──────────────────────────────────────────────────────────────
    ../test-results/home-ホームページ-機能説明セクションが表示される-Mobile-Chrome/video.webm
    ────────────────────────────────────────────────────────────────────────────────────────────────

    Error Context: ../test-results/home-ホームページ-機能説明セクションが表示される-Mobile-Chrome/error-context.md
]]>
</failure>
<system-out>
<![CDATA[
[[ATTACHMENT|../test-results/home-ホームページ-機能説明セクションが表示される-Mobile-Chrome/test-failed-1.png]]

[[ATTACHMENT|../test-results/home-ホームページ-機能説明セクションが表示される-Mobile-Chrome/video.webm]]

[[ATTACHMENT|../test-results/home-ホームページ-機能説明セクションが表示される-Mobile-Chrome/error-context.md]]
]]>
</system-out>
</testcase>
</testsuite>
<testsuite name="api-integration.spec.ts" timestamp="2025-11-18T05:37:42.344Z" hostname="Mobile Safari" tests="2" failures="2" skipped="0" time="0.003" errors="0">
<testcase name="API統合 › バックエンドAPIとの通信が成功する" classname="api-integration.spec.ts" time="0.002">
<failure message="api-integration.spec.ts:4:7 バックエンドAPIとの通信が成功する" type="FAILURE">
<![CDATA[  [Mobile Safari] › api-integration.spec.ts:4:7 › API統合 › バックエンドAPIとの通信が成功する ───────────────────────

    Error: browserType.launch: Executable doesn't exist at /Users/kencom/Library/Caches/ms-playwright/webkit-2215/pw_run.sh
    ╔═════════════════════════════════════════════════════════════════════════╗
    ║ Looks like Playwright Test or Playwright was just installed or updated. ║
    ║ Please run the following command to download new browsers:              ║
    ║                                                                         ║
    ║     pnpm exec playwright install                                        ║
    ║                                                                         ║
    ║ <3 Playwright Team                                                      ║
    ╚═════════════════════════════════════════════════════════════════════════╝
]]>
</failure>
</testcase>
<testcase name="API統合 › APIエラーが適切にハンドリングされる" classname="api-integration.spec.ts" time="0.001">
<failure message="api-integration.spec.ts:28:7 APIエラーが適切にハンドリングされる" type="FAILURE">
<![CDATA[  [Mobile Safari] › api-integration.spec.ts:28:7 › API統合 › APIエラーが適切にハンドリングされる ─────────────────────

    Error: browserType.launch: Executable doesn't exist at /Users/kencom/Library/Caches/ms-playwright/webkit-2215/pw_run.sh
    ╔═════════════════════════════════════════════════════════════════════════╗
    ║ Looks like Playwright Test or Playwright was just installed or updated. ║
    ║ Please run the following command to download new browsers:              ║
    ║                                                                         ║
    ║     pnpm exec playwright install                                        ║
    ║                                                                         ║
    ║ <3 Playwright Team                                                      ║
    ╚═════════════════════════════════════════════════════════════════════════╝
]]>
</failure>
</testcase>
</testsuite>
<testsuite name="dashboard.spec.ts" timestamp="2025-11-18T05:37:42.344Z" hostname="Mobile Safari" tests="3" failures="3" skipped="0" time="0.003" errors="0">
<testcase name="ダッシュボード › ダッシュボードページが表示される" classname="dashboard.spec.ts" time="0.001">
<failure message="dashboard.spec.ts:9:7 ダッシュボードページが表示される" type="FAILURE">
<![CDATA[  [Mobile Safari] › dashboard.spec.ts:9:7 › ダッシュボード › ダッシュボードページが表示される ─────────────────────────────

    Error: browserType.launch: Executable doesn't exist at /Users/kencom/Library/Caches/ms-playwright/webkit-2215/pw_run.sh
    ╔═════════════════════════════════════════════════════════════════════════╗
    ║ Looks like Playwright Test or Playwright was just installed or updated. ║
    ║ Please run the following command to download new browsers:              ║
    ║                                                                         ║
    ║     pnpm exec playwright install                                        ║
    ║                                                                         ║
    ║ <3 Playwright Team                                                      ║
    ╚═════════════════════════════════════════════════════════════════════════╝
]]>
</failure>
</testcase>
<testcase name="ダッシュボード › 月次サマリーセクションが表示される" classname="dashboard.spec.ts" time="0.001">
<failure message="dashboard.spec.ts:15:7 月次サマリーセクションが表示される" type="FAILURE">
<![CDATA[  [Mobile Safari] › dashboard.spec.ts:15:7 › ダッシュボード › 月次サマリーセクションが表示される ───────────────────────────

    Error: browserType.launch: Executable doesn't exist at /Users/kencom/Library/Caches/ms-playwright/webkit-2215/pw_run.sh
    ╔═════════════════════════════════════════════════════════════════════════╗
    ║ Looks like Playwright Test or Playwright was just installed or updated. ║
    ║ Please run the following command to download new browsers:              ║
    ║                                                                         ║
    ║     pnpm exec playwright install                                        ║
    ║                                                                         ║
    ║ <3 Playwright Team                                                      ║
    ╚═════════════════════════════════════════════════════════════════════════╝
]]>
</failure>
</testcase>
<testcase name="ダッシュボード › 取引一覧セクションが表示される" classname="dashboard.spec.ts" time="0.001">
<failure message="dashboard.spec.ts:29:7 取引一覧セクションが表示される" type="FAILURE">
<![CDATA[  [Mobile Safari] › dashboard.spec.ts:29:7 › ダッシュボード › 取引一覧セクションが表示される ─────────────────────────────

    Error: browserType.launch: Executable doesn't exist at /Users/kencom/Library/Caches/ms-playwright/webkit-2215/pw_run.sh
    ╔═════════════════════════════════════════════════════════════════════════╗
    ║ Looks like Playwright Test or Playwright was just installed or updated. ║
    ║ Please run the following command to download new browsers:              ║
    ║                                                                         ║
    ║     pnpm exec playwright install                                        ║
    ║                                                                         ║
    ║ <3 Playwright Team                                                      ║
    ╚═════════════════════════════════════════════════════════════════════════╝
]]>
</failure>
</testcase>
</testsuite>
<testsuite name="home.spec.ts" timestamp="2025-11-18T05:37:42.344Z" hostname="Mobile Safari" tests="3" failures="3" skipped="0" time="0.003" errors="0">
<testcase name="ホームページ › ページが正常に表示される" classname="home.spec.ts" time="0.001">
<failure message="home.spec.ts:4:7 ページが正常に表示される" type="FAILURE">
<![CDATA[  [Mobile Safari] › home.spec.ts:4:7 › ホームページ › ページが正常に表示される ───────────────────────────────────────

    Error: browserType.launch: Executable doesn't exist at /Users/kencom/Library/Caches/ms-playwright/webkit-2215/pw_run.sh
    ╔═════════════════════════════════════════════════════════════════════════╗
    ║ Looks like Playwright Test or Playwright was just installed or updated. ║
    ║ Please run the following command to download new browsers:              ║
    ║                                                                         ║
    ║     pnpm exec playwright install                                        ║
    ║                                                                         ║
    ║ <3 Playwright Team                                                      ║
    ╚═════════════════════════════════════════════════════════════════════════╝
]]>
</failure>
</testcase>
<testcase name="ホームページ › ナビゲーションが機能する" classname="home.spec.ts" time="0.001">
<failure message="home.spec.ts:16:7 ナビゲーションが機能する" type="FAILURE">
<![CDATA[  [Mobile Safari] › home.spec.ts:16:7 › ホームページ › ナビゲーションが機能する ──────────────────────────────────────

    Error: browserType.launch: Executable doesn't exist at /Users/kencom/Library/Caches/ms-playwright/webkit-2215/pw_run.sh
    ╔═════════════════════════════════════════════════════════════════════════╗
    ║ Looks like Playwright Test or Playwright was just installed or updated. ║
    ║ Please run the following command to download new browsers:              ║
    ║                                                                         ║
    ║     pnpm exec playwright install                                        ║
    ║                                                                         ║
    ║ <3 Playwright Team                                                      ║
    ╚═════════════════════════════════════════════════════════════════════════╝
]]>
</failure>
</testcase>
<testcase name="ホームページ › 機能説明セクションが表示される" classname="home.spec.ts" time="0.001">
<failure message="home.spec.ts:26:7 機能説明セクションが表示される" type="FAILURE">
<![CDATA[  [Mobile Safari] › home.spec.ts:26:7 › ホームページ › 機能説明セクションが表示される ───────────────────────────────────

    Error: browserType.launch: Executable doesn't exist at /Users/kencom/Library/Caches/ms-playwright/webkit-2215/pw_run.sh
    ╔═════════════════════════════════════════════════════════════════════════╗
    ║ Looks like Playwright Test or Playwright was just installed or updated. ║
    ║ Please run the following command to download new browsers:              ║
    ║                                                                         ║
    ║     pnpm exec playwright install                                        ║
    ║                                                                         ║
    ║ <3 Playwright Team                                                      ║
    ╚═════════════════════════════════════════════════════════════════════════╝
]]>
</failure>
</testcase>
</testsuite>
</testsuites>